[0.022s] Invoking command in '/home/sun/Desktop/unitree_ros2/unitree_ros2/unitree_legged_real/build/unitree_legged_real': CMAKE_PREFIX_PATH=${CMAKE_PREFIX_PATH}:/home/sun/turtlebot3_ws/install/turtlebot3_teleop:/home/sun/turtlebot3_ws/install/turtlebot3_example:/home/sun/navigation2/src/install/opencv_tests:/home/sun/navigation2/src/install/nav2_gazebo_spawner:/opt/ros/foxy /usr/bin/cmake --build /home/sun/Desktop/unitree_ros2/unitree_ros2/unitree_legged_real/build/unitree_legged_real -- -j6 -l6
[0.097s] [100%] Built target walk_client
[0.112s] Invoked command in '/home/sun/Desktop/unitree_ros2/unitree_ros2/unitree_legged_real/build/unitree_legged_real' returned '0': CMAKE_PREFIX_PATH=${CMAKE_PREFIX_PATH}:/home/sun/turtlebot3_ws/install/turtlebot3_teleop:/home/sun/turtlebot3_ws/install/turtlebot3_example:/home/sun/navigation2/src/install/opencv_tests:/home/sun/navigation2/src/install/nav2_gazebo_spawner:/opt/ros/foxy /usr/bin/cmake --build /home/sun/Desktop/unitree_ros2/unitree_ros2/unitree_legged_real/build/unitree_legged_real -- -j6 -l6
[0.161s] Invoking command in '/home/sun/Desktop/unitree_ros2/unitree_ros2/unitree_legged_real/build/unitree_legged_real': CMAKE_PREFIX_PATH=${CMAKE_PREFIX_PATH}:/home/sun/turtlebot3_ws/install/turtlebot3_teleop:/home/sun/turtlebot3_ws/install/turtlebot3_example:/home/sun/navigation2/src/install/opencv_tests:/home/sun/navigation2/src/install/nav2_gazebo_spawner:/opt/ros/foxy /usr/bin/cmake --install /home/sun/Desktop/unitree_ros2/unitree_ros2/unitree_legged_real/build/unitree_legged_real
[0.171s] -- Install configuration: ""
[0.172s] -- Up-to-date: /home/sun/Desktop/unitree_ros2/unitree_ros2/unitree_legged_real/install/unitree_legged_real/lib/unitree_legged_real/walk_client
[0.172s] -- Up-to-date: /home/sun/Desktop/unitree_ros2/unitree_ros2/unitree_legged_real/install/unitree_legged_real/share/ament_index/resource_index/package_run_dependencies/unitree_legged_real
[0.173s] -- Up-to-date: /home/sun/Desktop/unitree_ros2/unitree_ros2/unitree_legged_real/install/unitree_legged_real/share/ament_index/resource_index/parent_prefix_path/unitree_legged_real
[0.173s] -- Up-to-date: /home/sun/Desktop/unitree_ros2/unitree_ros2/unitree_legged_real/install/unitree_legged_real/share/unitree_legged_real/environment/ament_prefix_path.sh
[0.173s] -- Up-to-date: /home/sun/Desktop/unitree_ros2/unitree_ros2/unitree_legged_real/install/unitree_legged_real/share/unitree_legged_real/environment/ament_prefix_path.dsv
[0.173s] -- Up-to-date: /home/sun/Desktop/unitree_ros2/unitree_ros2/unitree_legged_real/install/unitree_legged_real/share/unitree_legged_real/environment/path.sh
[0.173s] -- Up-to-date: /home/sun/Desktop/unitree_ros2/unitree_ros2/unitree_legged_real/install/unitree_legged_real/share/unitree_legged_real/environment/path.dsv
[0.173s] -- Up-to-date: /home/sun/Desktop/unitree_ros2/unitree_ros2/unitree_legged_real/install/unitree_legged_real/share/unitree_legged_real/local_setup.bash
[0.174s] -- Up-to-date: /home/sun/Desktop/unitree_ros2/unitree_ros2/unitree_legged_real/install/unitree_legged_real/share/unitree_legged_real/local_setup.sh
[0.174s] -- Up-to-date: /home/sun/Desktop/unitree_ros2/unitree_ros2/unitree_legged_real/install/unitree_legged_real/share/unitree_legged_real/local_setup.zsh
[0.174s] -- Up-to-date: /home/sun/Desktop/unitree_ros2/unitree_ros2/unitree_legged_real/install/unitree_legged_real/share/unitree_legged_real/local_setup.dsv
[0.174s] -- Installing: /home/sun/Desktop/unitree_ros2/unitree_ros2/unitree_legged_real/install/unitree_legged_real/share/unitree_legged_real/package.dsv
[0.174s] -- Up-to-date: /home/sun/Desktop/unitree_ros2/unitree_ros2/unitree_legged_real/install/unitree_legged_real/share/ament_index/resource_index/packages/unitree_legged_real
[0.174s] -- Up-to-date: /home/sun/Desktop/unitree_ros2/unitree_ros2/unitree_legged_real/install/unitree_legged_real/share/unitree_legged_real/cmake/ament_cmake_export_include_directories-extras.cmake
[0.174s] -- Up-to-date: /home/sun/Desktop/unitree_ros2/unitree_ros2/unitree_legged_real/install/unitree_legged_real/share/unitree_legged_real/cmake/ament_cmake_export_dependencies-extras.cmake
[0.174s] -- Up-to-date: /home/sun/Desktop/unitree_ros2/unitree_ros2/unitree_legged_real/install/unitree_legged_real/share/unitree_legged_real/cmake/unitree_legged_realConfig.cmake
[0.175s] -- Up-to-date: /home/sun/Desktop/unitree_ros2/unitree_ros2/unitree_legged_real/install/unitree_legged_real/share/unitree_legged_real/cmake/unitree_legged_realConfig-version.cmake
[0.175s] -- Up-to-date: /home/sun/Desktop/unitree_ros2/unitree_ros2/unitree_legged_real/install/unitree_legged_real/share/unitree_legged_real/package.xml
[0.177s] Invoked command in '/home/sun/Desktop/unitree_ros2/unitree_ros2/unitree_legged_real/build/unitree_legged_real' returned '0': CMAKE_PREFIX_PATH=${CMAKE_PREFIX_PATH}:/home/sun/turtlebot3_ws/install/turtlebot3_teleop:/home/sun/turtlebot3_ws/install/turtlebot3_example:/home/sun/navigation2/src/install/opencv_tests:/home/sun/navigation2/src/install/nav2_gazebo_spawner:/opt/ros/foxy /usr/bin/cmake --install /home/sun/Desktop/unitree_ros2/unitree_ros2/unitree_legged_real/build/unitree_legged_real
