-- The C compiler identification is GNU 9.3.0
-- The CXX compiler identification is GNU 9.3.0
-- Check for working C compiler: /usr/bin/cc
-- Check for working C compiler: /usr/bin/cc -- works
-- Detecting C compiler ABI info
-- Detecting C compiler ABI info - done
-- Detecting C compile features
-- Detecting C compile features - done
-- Check for working CXX compiler: /usr/bin/c++
-- Check for working CXX compiler: /usr/bin/c++ -- works
-- Detecting CXX compiler ABI info
-- Detecting CXX compiler ABI info - done
-- Detecting CXX compile features
-- Detecting CXX compile features - done
-- Found ament_cmake: 0.9.6 (/opt/ros/foxy/share/ament_cmake/cmake)
-- Found PythonInterp: /usr/bin/python3 (found suitable version "3.8.5", minimum required is "3") 
-- Using PYTHON_EXECUTABLE: /usr/bin/python3
-- Found rosidl_default_generators: 1.0.0 (/opt/ros/foxy/share/rosidl_default_generators/cmake)
-- Using all available rosidl_typesupport_c: rosidl_typesupport_fastrtps_c;rosidl_typesupport_introspection_c
-- Found rosidl_adapter: 1.1.0 (/opt/ros/foxy/share/rosidl_adapter/cmake)
-- Found OpenSSL: /usr/lib/x86_64-linux-gnu/libcrypto.so (found version "1.1.1f")  
-- Found FastRTPS: /opt/ros/foxy/include  
-- Using all available rosidl_typesupport_cpp: rosidl_typesupport_fastrtps_cpp;rosidl_typesupport_introspection_cpp
-- Found PythonInterp: /usr/bin/python3 (found version "3.8.5") 
-- Found ament_cmake_ros: 0.9.0 (/opt/ros/foxy/share/ament_cmake_ros/cmake)
-- Using all available rosidl_typesupport_c: rosidl_typesupport_fastrtps_c;rosidl_typesupport_introspection_c
-- Using all available rosidl_typesupport_cpp: rosidl_typesupport_fastrtps_cpp;rosidl_typesupport_introspection_cpp
-- Found PythonInterp: /usr/bin/python3 (found suitable version "3.8.5", minimum required is "3.5") 
-- Found python_cmake_module: 0.8.0 (/opt/ros/foxy/share/python_cmake_module/cmake)
-- Found PythonLibs: /usr/lib/x86_64-linux-gnu/libpython3.8.so (found suitable version "3.8.5", minimum required is "3.5") 
-- Using PYTHON_EXECUTABLE: /usr/bin/python3
-- Using PYTHON_INCLUDE_DIRS: /usr/include/python3.8
-- Using PYTHON_LIBRARIES: /usr/lib/x86_64-linux-gnu/libpython3.8.so
-- Found PythonExtra: .so  
-- Configuring done
-- Generating done
-- Build files have been written to: /home/sun/Desktop/unitree_ros2/unitree_ros2/unitree_legged_msgs/build/unitree_legged_msgs
[  1%] [34m[1mGenerating C code for ROS interfaces[0m
[35m[1mScanning dependencies of target unitree_legged_msgs__cpp[0m
[  1%] [34m[1mGenerating C++ code for ROS interfaces[0m
[  1%] Built target unitree_legged_msgs__cpp
[35m[1mScanning dependencies of target unitree_legged_msgs__rosidl_generator_c[0m
[  2%] [34m[1mGenerating C++ type support for eProsima Fast-RTPS[0m
[  3%] [34m[1mGenerating C++ introspection for ROS interfaces[0m
[  4%] [34m[1mGenerating C++ type support dispatch for ROS interfaces[0m
[  5%] [32mBuilding C object CMakeFiles/unitree_legged_msgs__rosidl_generator_c.dir/rosidl_generator_c/unitree_legged_msgs/msg/detail/high_cmd__functions.c.o[0m
[  6%] [32mBuilding C object CMakeFiles/unitree_legged_msgs__rosidl_generator_c.dir/rosidl_generator_c/unitree_legged_msgs/msg/detail/high_state__functions.c.o[0m
[  7%] [32mBuilding C object CMakeFiles/unitree_legged_msgs__rosidl_generator_c.dir/rosidl_generator_c/unitree_legged_msgs/msg/detail/cartesian__functions.c.o[0m
[  8%] [32mBuilding C object CMakeFiles/unitree_legged_msgs__rosidl_generator_c.dir/rosidl_generator_c/unitree_legged_msgs/msg/detail/imu__functions.c.o[0m
[  9%] [32mBuilding C object CMakeFiles/unitree_legged_msgs__rosidl_generator_c.dir/rosidl_generator_c/unitree_legged_msgs/msg/detail/led__functions.c.o[0m
[ 10%] [32mBuilding C object CMakeFiles/unitree_legged_msgs__rosidl_generator_c.dir/rosidl_generator_c/unitree_legged_msgs/msg/detail/low_cmd__functions.c.o[0m
[ 11%] [32mBuilding C object CMakeFiles/unitree_legged_msgs__rosidl_generator_c.dir/rosidl_generator_c/unitree_legged_msgs/msg/detail/low_state__functions.c.o[0m
[ 12%] [32mBuilding C object CMakeFiles/unitree_legged_msgs__rosidl_generator_c.dir/rosidl_generator_c/unitree_legged_msgs/msg/detail/motor_cmd__functions.c.o[0m
[ 13%] [32mBuilding C object CMakeFiles/unitree_legged_msgs__rosidl_generator_c.dir/rosidl_generator_c/unitree_legged_msgs/msg/detail/motor_state__functions.c.o[0m
[ 14%] [32mBuilding C object CMakeFiles/unitree_legged_msgs__rosidl_generator_c.dir/rosidl_generator_c/unitree_legged_msgs/msg/detail/walk__functions.c.o[0m
[ 15%] [32m[1mLinking C shared library libunitree_legged_msgs__rosidl_generator_c.so[0m
[ 15%] Built target unitree_legged_msgs__rosidl_generator_c
[ 16%] [34m[1mGenerating C type support dispatch for ROS interfaces[0m
[ 17%] [34m[1mGenerating C introspection for ROS interfaces[0m
[35m[1mScanning dependencies of target unitree_legged_msgs__rosidl_typesupport_cpp[0m
[ 18%] [32mBuilding CXX object CMakeFiles/unitree_legged_msgs__rosidl_typesupport_cpp.dir/rosidl_typesupport_cpp/unitree_legged_msgs/msg/high_cmd__type_support.cpp.o[0m
[ 19%] [32mBuilding CXX object CMakeFiles/unitree_legged_msgs__rosidl_typesupport_cpp.dir/rosidl_typesupport_cpp/unitree_legged_msgs/msg/cartesian__type_support.cpp.o[0m
[35m[1mScanning dependencies of target unitree_legged_msgs__rosidl_typesupport_introspection_cpp[0m
[ 20%] [32mBuilding CXX object CMakeFiles/unitree_legged_msgs__rosidl_typesupport_introspection_cpp.dir/rosidl_typesupport_introspection_cpp/unitree_legged_msgs/msg/detail/high_cmd__type_support.cpp.o[0m
[ 21%] [32mBuilding CXX object CMakeFiles/unitree_legged_msgs__rosidl_typesupport_cpp.dir/rosidl_typesupport_cpp/unitree_legged_msgs/msg/high_state__type_support.cpp.o[0m
[ 22%] [32mBuilding CXX object CMakeFiles/unitree_legged_msgs__rosidl_typesupport_cpp.dir/rosidl_typesupport_cpp/unitree_legged_msgs/msg/imu__type_support.cpp.o[0m
[35m[1mScanning dependencies of target unitree_legged_msgs__rosidl_typesupport_fastrtps_cpp[0m
[ 23%] [32mBuilding CXX object CMakeFiles/unitree_legged_msgs__rosidl_typesupport_fastrtps_cpp.dir/rosidl_typesupport_fastrtps_cpp/unitree_legged_msgs/msg/detail/dds_fastrtps/high_cmd__type_support.cpp.o[0m
[35m[1mScanning dependencies of target unitree_legged_msgs__rosidl_typesupport_c[0m
[ 24%] [32mBuilding CXX object CMakeFiles/unitree_legged_msgs__rosidl_typesupport_c.dir/rosidl_typesupport_c/unitree_legged_msgs/msg/high_cmd__type_support.cpp.o[0m
[ 25%] [32mBuilding CXX object CMakeFiles/unitree_legged_msgs__rosidl_typesupport_c.dir/rosidl_typesupport_c/unitree_legged_msgs/msg/cartesian__type_support.cpp.o[0m
[ 26%] [32mBuilding CXX object CMakeFiles/unitree_legged_msgs__rosidl_typesupport_c.dir/rosidl_typesupport_c/unitree_legged_msgs/msg/high_state__type_support.cpp.o[0m
[ 27%] [32mBuilding CXX object CMakeFiles/unitree_legged_msgs__rosidl_typesupport_c.dir/rosidl_typesupport_c/unitree_legged_msgs/msg/imu__type_support.cpp.o[0m
[ 28%] [32mBuilding CXX object CMakeFiles/unitree_legged_msgs__rosidl_typesupport_fastrtps_cpp.dir/rosidl_typesupport_fastrtps_cpp/unitree_legged_msgs/msg/detail/dds_fastrtps/cartesian__type_support.cpp.o[0m
[ 29%] [32mBuilding CXX object CMakeFiles/unitree_legged_msgs__rosidl_typesupport_c.dir/rosidl_typesupport_c/unitree_legged_msgs/msg/led__type_support.cpp.o[0m
[ 30%] [32mBuilding CXX object CMakeFiles/unitree_legged_msgs__rosidl_typesupport_cpp.dir/rosidl_typesupport_cpp/unitree_legged_msgs/msg/led__type_support.cpp.o[0m
[ 31%] [32mBuilding CXX object CMakeFiles/unitree_legged_msgs__rosidl_typesupport_introspection_cpp.dir/rosidl_typesupport_introspection_cpp/unitree_legged_msgs/msg/detail/cartesian__type_support.cpp.o[0m
[ 32%] [32mBuilding CXX object CMakeFiles/unitree_legged_msgs__rosidl_typesupport_c.dir/rosidl_typesupport_c/unitree_legged_msgs/msg/low_cmd__type_support.cpp.o[0m
[ 33%] [32mBuilding CXX object CMakeFiles/unitree_legged_msgs__rosidl_typesupport_c.dir/rosidl_typesupport_c/unitree_legged_msgs/msg/low_state__type_support.cpp.o[0m
[ 34%] [32mBuilding CXX object CMakeFiles/unitree_legged_msgs__rosidl_typesupport_c.dir/rosidl_typesupport_c/unitree_legged_msgs/msg/motor_cmd__type_support.cpp.o[0m
[ 34%] [32mBuilding CXX object CMakeFiles/unitree_legged_msgs__rosidl_typesupport_c.dir/rosidl_typesupport_c/unitree_legged_msgs/msg/motor_state__type_support.cpp.o[0m
[ 35%] [32mBuilding CXX object CMakeFiles/unitree_legged_msgs__rosidl_typesupport_c.dir/rosidl_typesupport_c/unitree_legged_msgs/msg/walk__type_support.cpp.o[0m
[ 35%] [32mBuilding CXX object CMakeFiles/unitree_legged_msgs__rosidl_typesupport_fastrtps_cpp.dir/rosidl_typesupport_fastrtps_cpp/unitree_legged_msgs/msg/detail/dds_fastrtps/high_state__type_support.cpp.o[0m
[35m[1mScanning dependencies of target unitree_legged_msgs__rosidl_typesupport_introspection_c[0m
[ 36%] [32mBuilding CXX object CMakeFiles/unitree_legged_msgs__rosidl_typesupport_introspection_cpp.dir/rosidl_typesupport_introspection_cpp/unitree_legged_msgs/msg/detail/high_state__type_support.cpp.o[0m
[ 37%] [32mBuilding C object CMakeFiles/unitree_legged_msgs__rosidl_typesupport_introspection_c.dir/rosidl_typesupport_introspection_c/unitree_legged_msgs/msg/detail/high_cmd__type_support.c.o[0m
[ 38%] [32m[1mLinking CXX shared library libunitree_legged_msgs__rosidl_typesupport_c.so[0m
[ 39%] [32mBuilding CXX object CMakeFiles/unitree_legged_msgs__rosidl_typesupport_cpp.dir/rosidl_typesupport_cpp/unitree_legged_msgs/msg/low_cmd__type_support.cpp.o[0m
[ 41%] [32mBuilding C object CMakeFiles/unitree_legged_msgs__rosidl_typesupport_introspection_c.dir/rosidl_typesupport_introspection_c/unitree_legged_msgs/msg/detail/cartesian__type_support.c.o[0m
[ 41%] [32mBuilding CXX object CMakeFiles/unitree_legged_msgs__rosidl_typesupport_fastrtps_cpp.dir/rosidl_typesupport_fastrtps_cpp/unitree_legged_msgs/msg/detail/dds_fastrtps/imu__type_support.cpp.o[0m
[ 42%] [32mBuilding C object CMakeFiles/unitree_legged_msgs__rosidl_typesupport_introspection_c.dir/rosidl_typesupport_introspection_c/unitree_legged_msgs/msg/detail/high_state__type_support.c.o[0m
[ 42%] Built target unitree_legged_msgs__rosidl_typesupport_c
[ 43%] [32mBuilding C object CMakeFiles/unitree_legged_msgs__rosidl_typesupport_introspection_c.dir/rosidl_typesupport_introspection_c/unitree_legged_msgs/msg/detail/imu__type_support.c.o[0m
[ 44%] [32mBuilding CXX object CMakeFiles/unitree_legged_msgs__rosidl_typesupport_cpp.dir/rosidl_typesupport_cpp/unitree_legged_msgs/msg/low_state__type_support.cpp.o[0m
[ 45%] [32mBuilding C object CMakeFiles/unitree_legged_msgs__rosidl_typesupport_introspection_c.dir/rosidl_typesupport_introspection_c/unitree_legged_msgs/msg/detail/led__type_support.c.o[0m
[ 46%] [32mBuilding C object CMakeFiles/unitree_legged_msgs__rosidl_typesupport_introspection_c.dir/rosidl_typesupport_introspection_c/unitree_legged_msgs/msg/detail/low_cmd__type_support.c.o[0m
[ 47%] [32mBuilding C object CMakeFiles/unitree_legged_msgs__rosidl_typesupport_introspection_c.dir/rosidl_typesupport_introspection_c/unitree_legged_msgs/msg/detail/low_state__type_support.c.o[0m
[ 48%] [32mBuilding CXX object CMakeFiles/unitree_legged_msgs__rosidl_typesupport_fastrtps_cpp.dir/rosidl_typesupport_fastrtps_cpp/unitree_legged_msgs/msg/detail/dds_fastrtps/led__type_support.cpp.o[0m
[ 49%] [32mBuilding C object CMakeFiles/unitree_legged_msgs__rosidl_typesupport_introspection_c.dir/rosidl_typesupport_introspection_c/unitree_legged_msgs/msg/detail/motor_cmd__type_support.c.o[0m
[ 50%] [32mBuilding CXX object CMakeFiles/unitree_legged_msgs__rosidl_typesupport_fastrtps_cpp.dir/rosidl_typesupport_fastrtps_cpp/unitree_legged_msgs/msg/detail/dds_fastrtps/low_state__type_support.cpp.o[0m
[ 51%] [32mBuilding CXX object CMakeFiles/unitree_legged_msgs__rosidl_typesupport_fastrtps_cpp.dir/rosidl_typesupport_fastrtps_cpp/unitree_legged_msgs/msg/detail/dds_fastrtps/low_cmd__type_support.cpp.o[0m
[ 52%] [32mBuilding CXX object CMakeFiles/unitree_legged_msgs__rosidl_typesupport_introspection_cpp.dir/rosidl_typesupport_introspection_cpp/unitree_legged_msgs/msg/detail/imu__type_support.cpp.o[0m
[ 53%] [32mBuilding C object CMakeFiles/unitree_legged_msgs__rosidl_typesupport_introspection_c.dir/rosidl_typesupport_introspection_c/unitree_legged_msgs/msg/detail/motor_state__type_support.c.o[0m
[ 54%] [32mBuilding CXX object CMakeFiles/unitree_legged_msgs__rosidl_typesupport_cpp.dir/rosidl_typesupport_cpp/unitree_legged_msgs/msg/motor_cmd__type_support.cpp.o[0m
[ 55%] [32mBuilding C object CMakeFiles/unitree_legged_msgs__rosidl_typesupport_introspection_c.dir/rosidl_typesupport_introspection_c/unitree_legged_msgs/msg/detail/walk__type_support.c.o[0m
[ 56%] [32m[1mLinking C shared library libunitree_legged_msgs__rosidl_typesupport_introspection_c.so[0m
[ 56%] Built target unitree_legged_msgs__rosidl_typesupport_introspection_c
[ 57%] [32mBuilding CXX object CMakeFiles/unitree_legged_msgs__rosidl_typesupport_cpp.dir/rosidl_typesupport_cpp/unitree_legged_msgs/msg/motor_state__type_support.cpp.o[0m
[ 58%] [32mBuilding CXX object CMakeFiles/unitree_legged_msgs__rosidl_typesupport_cpp.dir/rosidl_typesupport_cpp/unitree_legged_msgs/msg/walk__type_support.cpp.o[0m
[ 59%] [32mBuilding CXX object CMakeFiles/unitree_legged_msgs__rosidl_typesupport_fastrtps_cpp.dir/rosidl_typesupport_fastrtps_cpp/unitree_legged_msgs/msg/detail/dds_fastrtps/motor_cmd__type_support.cpp.o[0m
[ 60%] [32mBuilding CXX object CMakeFiles/unitree_legged_msgs__rosidl_typesupport_fastrtps_cpp.dir/rosidl_typesupport_fastrtps_cpp/unitree_legged_msgs/msg/detail/dds_fastrtps/motor_state__type_support.cpp.o[0m
[ 61%] [32mBuilding CXX object CMakeFiles/unitree_legged_msgs__rosidl_typesupport_fastrtps_cpp.dir/rosidl_typesupport_fastrtps_cpp/unitree_legged_msgs/msg/detail/dds_fastrtps/walk__type_support.cpp.o[0m
[ 62%] [32mBuilding CXX object CMakeFiles/unitree_legged_msgs__rosidl_typesupport_introspection_cpp.dir/rosidl_typesupport_introspection_cpp/unitree_legged_msgs/msg/detail/led__type_support.cpp.o[0m
[ 63%] [32mBuilding CXX object CMakeFiles/unitree_legged_msgs__rosidl_typesupport_introspection_cpp.dir/rosidl_typesupport_introspection_cpp/unitree_legged_msgs/msg/detail/low_cmd__type_support.cpp.o[0m
[ 64%] [32m[1mLinking CXX shared library libunitree_legged_msgs__rosidl_typesupport_cpp.so[0m
[ 64%] Built target unitree_legged_msgs__rosidl_typesupport_cpp
[ 65%] [32mBuilding CXX object CMakeFiles/unitree_legged_msgs__rosidl_typesupport_introspection_cpp.dir/rosidl_typesupport_introspection_cpp/unitree_legged_msgs/msg/detail/low_state__type_support.cpp.o[0m
[ 66%] [32mBuilding CXX object CMakeFiles/unitree_legged_msgs__rosidl_typesupport_introspection_cpp.dir/rosidl_typesupport_introspection_cpp/unitree_legged_msgs/msg/detail/motor_cmd__type_support.cpp.o[0m
[ 67%] [32mBuilding CXX object CMakeFiles/unitree_legged_msgs__rosidl_typesupport_introspection_cpp.dir/rosidl_typesupport_introspection_cpp/unitree_legged_msgs/msg/detail/motor_state__type_support.cpp.o[0m
[ 68%] [32mBuilding CXX object CMakeFiles/unitree_legged_msgs__rosidl_typesupport_introspection_cpp.dir/rosidl_typesupport_introspection_cpp/unitree_legged_msgs/msg/detail/walk__type_support.cpp.o[0m
[ 69%] [32m[1mLinking CXX shared library libunitree_legged_msgs__rosidl_typesupport_fastrtps_cpp.so[0m
[ 70%] [32m[1mLinking CXX shared library libunitree_legged_msgs__rosidl_typesupport_introspection_cpp.so[0m
[ 70%] Built target unitree_legged_msgs__rosidl_typesupport_fastrtps_cpp
[ 71%] [34m[1mGenerating C type support for eProsima Fast-RTPS[0m
[ 71%] Built target unitree_legged_msgs__rosidl_typesupport_introspection_cpp
[35m[1mScanning dependencies of target unitree_legged_msgs__rosidl_typesupport_fastrtps_c[0m
[ 74%] [32mBuilding CXX object CMakeFiles/unitree_legged_msgs__rosidl_typesupport_fastrtps_c.dir/rosidl_typesupport_fastrtps_c/unitree_legged_msgs/msg/detail/led__type_support_c.cpp.o[0m
[ 74%] [32mBuilding CXX object CMakeFiles/unitree_legged_msgs__rosidl_typesupport_fastrtps_c.dir/rosidl_typesupport_fastrtps_c/unitree_legged_msgs/msg/detail/imu__type_support_c.cpp.o[0m
[ 74%] [32mBuilding CXX object CMakeFiles/unitree_legged_msgs__rosidl_typesupport_fastrtps_c.dir/rosidl_typesupport_fastrtps_c/unitree_legged_msgs/msg/detail/cartesian__type_support_c.cpp.o[0m
[ 75%] [32mBuilding CXX object CMakeFiles/unitree_legged_msgs__rosidl_typesupport_fastrtps_c.dir/rosidl_typesupport_fastrtps_c/unitree_legged_msgs/msg/detail/low_cmd__type_support_c.cpp.o[0m
[ 76%] [32mBuilding CXX object CMakeFiles/unitree_legged_msgs__rosidl_typesupport_fastrtps_c.dir/rosidl_typesupport_fastrtps_c/unitree_legged_msgs/msg/detail/high_state__type_support_c.cpp.o[0m
[ 77%] [32mBuilding CXX object CMakeFiles/unitree_legged_msgs__rosidl_typesupport_fastrtps_c.dir/rosidl_typesupport_fastrtps_c/unitree_legged_msgs/msg/detail/high_cmd__type_support_c.cpp.o[0m
[ 78%] [32mBuilding CXX object CMakeFiles/unitree_legged_msgs__rosidl_typesupport_fastrtps_c.dir/rosidl_typesupport_fastrtps_c/unitree_legged_msgs/msg/detail/low_state__type_support_c.cpp.o[0m
[ 79%] [32mBuilding CXX object CMakeFiles/unitree_legged_msgs__rosidl_typesupport_fastrtps_c.dir/rosidl_typesupport_fastrtps_c/unitree_legged_msgs/msg/detail/motor_cmd__type_support_c.cpp.o[0m
[ 80%] [32mBuilding CXX object CMakeFiles/unitree_legged_msgs__rosidl_typesupport_fastrtps_c.dir/rosidl_typesupport_fastrtps_c/unitree_legged_msgs/msg/detail/motor_state__type_support_c.cpp.o[0m
[ 81%] [32mBuilding CXX object CMakeFiles/unitree_legged_msgs__rosidl_typesupport_fastrtps_c.dir/rosidl_typesupport_fastrtps_c/unitree_legged_msgs/msg/detail/walk__type_support_c.cpp.o[0m
[ 82%] [32m[1mLinking CXX shared library libunitree_legged_msgs__rosidl_typesupport_fastrtps_c.so[0m
[ 82%] Built target unitree_legged_msgs__rosidl_typesupport_fastrtps_c
[35m[1mScanning dependencies of target unitree_legged_msgs[0m
[ 82%] Built target unitree_legged_msgs
[35m[1mScanning dependencies of target unitree_legged_msgs__py[0m
[ 83%] [34m[1mGenerating Python code for ROS interfaces[0m
[ 83%] Built target unitree_legged_msgs__py
[35m[1mScanning dependencies of target unitree_legged_msgs__python[0m
[ 85%] [32mBuilding C object CMakeFiles/unitree_legged_msgs__python.dir/rosidl_generator_py/unitree_legged_msgs/msg/_high_cmd_s.c.o[0m
[ 85%] [32mBuilding C object CMakeFiles/unitree_legged_msgs__python.dir/rosidl_generator_py/unitree_legged_msgs/msg/_imu_s.c.o[0m
[ 86%] [32mBuilding C object CMakeFiles/unitree_legged_msgs__python.dir/rosidl_generator_py/unitree_legged_msgs/msg/_led_s.c.o[0m
[ 87%] [32mBuilding C object CMakeFiles/unitree_legged_msgs__python.dir/rosidl_generator_py/unitree_legged_msgs/msg/_low_cmd_s.c.o[0m
[ 88%] [32mBuilding C object CMakeFiles/unitree_legged_msgs__python.dir/rosidl_generator_py/unitree_legged_msgs/msg/_high_state_s.c.o[0m
[ 89%] [32mBuilding C object CMakeFiles/unitree_legged_msgs__python.dir/rosidl_generator_py/unitree_legged_msgs/msg/_cartesian_s.c.o[0m
[ 90%] [32mBuilding C object CMakeFiles/unitree_legged_msgs__python.dir/rosidl_generator_py/unitree_legged_msgs/msg/_low_state_s.c.o[0m
[ 91%] [32mBuilding C object CMakeFiles/unitree_legged_msgs__python.dir/rosidl_generator_py/unitree_legged_msgs/msg/_motor_cmd_s.c.o[0m
[ 92%] [32mBuilding C object CMakeFiles/unitree_legged_msgs__python.dir/rosidl_generator_py/unitree_legged_msgs/msg/_motor_state_s.c.o[0m
[ 93%] [32mBuilding C object CMakeFiles/unitree_legged_msgs__python.dir/rosidl_generator_py/unitree_legged_msgs/msg/_walk_s.c.o[0m
[ 94%] [32m[1mLinking C shared library rosidl_generator_py/unitree_legged_msgs/libunitree_legged_msgs__python.so[0m
[ 94%] Built target unitree_legged_msgs__python
[35m[1mScanning dependencies of target unitree_legged_msgs__rosidl_typesupport_introspection_c__pyext[0m
[35m[1mScanning dependencies of target unitree_legged_msgs__rosidl_typesupport_c__pyext[0m
[35m[1mScanning dependencies of target unitree_legged_msgs__rosidl_typesupport_fastrtps_c__pyext[0m
[ 96%] [32mBuilding C object CMakeFiles/unitree_legged_msgs__rosidl_typesupport_fastrtps_c__pyext.dir/rosidl_generator_py/unitree_legged_msgs/_unitree_legged_msgs_s.ep.rosidl_typesupport_fastrtps_c.c.o[0m
[ 96%] [32mBuilding C object CMakeFiles/unitree_legged_msgs__rosidl_typesupport_c__pyext.dir/rosidl_generator_py/unitree_legged_msgs/_unitree_legged_msgs_s.ep.rosidl_typesupport_c.c.o[0m
[ 97%] [32mBuilding C object CMakeFiles/unitree_legged_msgs__rosidl_typesupport_introspection_c__pyext.dir/rosidl_generator_py/unitree_legged_msgs/_unitree_legged_msgs_s.ep.rosidl_typesupport_introspection_c.c.o[0m
[ 99%] [32m[1mLinking C shared library rosidl_generator_py/unitree_legged_msgs/unitree_legged_msgs_s__rosidl_typesupport_introspection_c.cpython-38-x86_64-linux-gnu.so[0m
[ 99%] [32m[1mLinking C shared library rosidl_generator_py/unitree_legged_msgs/unitree_legged_msgs_s__rosidl_typesupport_c.cpython-38-x86_64-linux-gnu.so[0m
[100%] [32m[1mLinking CXX shared library rosidl_generator_py/unitree_legged_msgs/unitree_legged_msgs_s__rosidl_typesupport_fastrtps_c.cpython-38-x86_64-linux-gnu.so[0m
[100%] Built target unitree_legged_msgs__rosidl_typesupport_introspection_c__pyext
[100%] Built target unitree_legged_msgs__rosidl_typesupport_c__pyext
[100%] Built target unitree_legged_msgs__rosidl_typesupport_fastrtps_c__pyext
-- Install configuration: ""
-- Installing: /home/sun/Desktop/unitree_ros2/unitree_ros2/unitree_legged_msgs/install/unitree_legged_msgs/share/ament_index/resource_index/rosidl_interfaces/unitree_legged_msgs
-- Installing: /home/sun/Desktop/unitree_ros2/unitree_ros2/unitree_legged_msgs/install/unitree_legged_msgs/include/unitree_legged_msgs
-- Installing: /home/sun/Desktop/unitree_ros2/unitree_ros2/unitree_legged_msgs/install/unitree_legged_msgs/include/unitree_legged_msgs/msg
-- Installing: /home/sun/Desktop/unitree_ros2/unitree_ros2/unitree_legged_msgs/install/unitree_legged_msgs/include/unitree_legged_msgs/msg/imu.h
-- Installing: /home/sun/Desktop/unitree_ros2/unitree_ros2/unitree_legged_msgs/install/unitree_legged_msgs/include/unitree_legged_msgs/msg/detail
-- Installing: /home/sun/Desktop/unitree_ros2/unitree_ros2/unitree_legged_msgs/install/unitree_legged_msgs/include/unitree_legged_msgs/msg/detail/motor_cmd__functions.c
-- Installing: /home/sun/Desktop/unitree_ros2/unitree_ros2/unitree_legged_msgs/install/unitree_legged_msgs/include/unitree_legged_msgs/msg/detail/low_cmd__type_support.h
-- Installing: /home/sun/Desktop/unitree_ros2/unitree_ros2/unitree_legged_msgs/install/unitree_legged_msgs/include/unitree_legged_msgs/msg/detail/led__type_support.h
-- Installing: /home/sun/Desktop/unitree_ros2/unitree_ros2/unitree_legged_msgs/install/unitree_legged_msgs/include/unitree_legged_msgs/msg/detail/led__functions.c
-- Installing: /home/sun/Desktop/unitree_ros2/unitree_ros2/unitree_legged_msgs/install/unitree_legged_msgs/include/unitree_legged_msgs/msg/detail/low_state__functions.c
-- Installing: /home/sun/Desktop/unitree_ros2/unitree_ros2/unitree_legged_msgs/install/unitree_legged_msgs/include/unitree_legged_msgs/msg/detail/high_state__type_support.h
-- Installing: /home/sun/Desktop/unitree_ros2/unitree_ros2/unitree_legged_msgs/install/unitree_legged_msgs/include/unitree_legged_msgs/msg/detail/high_state__functions.c
-- Installing: /home/sun/Desktop/unitree_ros2/unitree_ros2/unitree_legged_msgs/install/unitree_legged_msgs/include/unitree_legged_msgs/msg/detail/imu__functions.h
-- Installing: /home/sun/Desktop/unitree_ros2/unitree_ros2/unitree_legged_msgs/install/unitree_legged_msgs/include/unitree_legged_msgs/msg/detail/motor_state__struct.h
-- Installing: /home/sun/Desktop/unitree_ros2/unitree_ros2/unitree_legged_msgs/install/unitree_legged_msgs/include/unitree_legged_msgs/msg/detail/low_cmd__functions.c
-- Installing: /home/sun/Desktop/unitree_ros2/unitree_ros2/unitree_legged_msgs/install/unitree_legged_msgs/include/unitree_legged_msgs/msg/detail/high_state__functions.h
-- Installing: /home/sun/Desktop/unitree_ros2/unitree_ros2/unitree_legged_msgs/install/unitree_legged_msgs/include/unitree_legged_msgs/msg/detail/cartesian__functions.h
-- Installing: /home/sun/Desktop/unitree_ros2/unitree_ros2/unitree_legged_msgs/install/unitree_legged_msgs/include/unitree_legged_msgs/msg/detail/high_state__struct.h
-- Installing: /home/sun/Desktop/unitree_ros2/unitree_ros2/unitree_legged_msgs/install/unitree_legged_msgs/include/unitree_legged_msgs/msg/detail/motor_cmd__functions.h
-- Installing: /home/sun/Desktop/unitree_ros2/unitree_ros2/unitree_legged_msgs/install/unitree_legged_msgs/include/unitree_legged_msgs/msg/detail/low_cmd__functions.h
-- Installing: /home/sun/Desktop/unitree_ros2/unitree_ros2/unitree_legged_msgs/install/unitree_legged_msgs/include/unitree_legged_msgs/msg/detail/high_cmd__type_support.h
-- Installing: /home/sun/Desktop/unitree_ros2/unitree_ros2/unitree_legged_msgs/install/unitree_legged_msgs/include/unitree_legged_msgs/msg/detail/led__struct.h
-- Installing: /home/sun/Desktop/unitree_ros2/unitree_ros2/unitree_legged_msgs/install/unitree_legged_msgs/include/unitree_legged_msgs/msg/detail/high_cmd__functions.c
-- Installing: /home/sun/Desktop/unitree_ros2/unitree_ros2/unitree_legged_msgs/install/unitree_legged_msgs/include/unitree_legged_msgs/msg/detail/high_cmd__functions.h
-- Installing: /home/sun/Desktop/unitree_ros2/unitree_ros2/unitree_legged_msgs/install/unitree_legged_msgs/include/unitree_legged_msgs/msg/detail/cartesian__struct.h
-- Installing: /home/sun/Desktop/unitree_ros2/unitree_ros2/unitree_legged_msgs/install/unitree_legged_msgs/include/unitree_legged_msgs/msg/detail/walk__functions.h
-- Installing: /home/sun/Desktop/unitree_ros2/unitree_ros2/unitree_legged_msgs/install/unitree_legged_msgs/include/unitree_legged_msgs/msg/detail/cartesian__type_support.h
-- Installing: /home/sun/Desktop/unitree_ros2/unitree_ros2/unitree_legged_msgs/install/unitree_legged_msgs/include/unitree_legged_msgs/msg/detail/walk__functions.c
-- Installing: /home/sun/Desktop/unitree_ros2/unitree_ros2/unitree_legged_msgs/install/unitree_legged_msgs/include/unitree_legged_msgs/msg/detail/cartesian__functions.c
-- Installing: /home/sun/Desktop/unitree_ros2/unitree_ros2/unitree_legged_msgs/install/unitree_legged_msgs/include/unitree_legged_msgs/msg/detail/low_cmd__struct.h
-- Installing: /home/sun/Desktop/unitree_ros2/unitree_ros2/unitree_legged_msgs/install/unitree_legged_msgs/include/unitree_legged_msgs/msg/detail/led__functions.h
-- Installing: /home/sun/Desktop/unitree_ros2/unitree_ros2/unitree_legged_msgs/install/unitree_legged_msgs/include/unitree_legged_msgs/msg/detail/low_state__struct.h
-- Installing: /home/sun/Desktop/unitree_ros2/unitree_ros2/unitree_legged_msgs/install/unitree_legged_msgs/include/unitree_legged_msgs/msg/detail/motor_state__type_support.h
-- Installing: /home/sun/Desktop/unitree_ros2/unitree_ros2/unitree_legged_msgs/install/unitree_legged_msgs/include/unitree_legged_msgs/msg/detail/walk__struct.h
-- Installing: /home/sun/Desktop/unitree_ros2/unitree_ros2/unitree_legged_msgs/install/unitree_legged_msgs/include/unitree_legged_msgs/msg/detail/imu__type_support.h
-- Installing: /home/sun/Desktop/unitree_ros2/unitree_ros2/unitree_legged_msgs/install/unitree_legged_msgs/include/unitree_legged_msgs/msg/detail/motor_cmd__struct.h
-- Installing: /home/sun/Desktop/unitree_ros2/unitree_ros2/unitree_legged_msgs/install/unitree_legged_msgs/include/unitree_legged_msgs/msg/detail/imu__struct.h
-- Installing: /home/sun/Desktop/unitree_ros2/unitree_ros2/unitree_legged_msgs/install/unitree_legged_msgs/include/unitree_legged_msgs/msg/detail/motor_state__functions.c
-- Installing: /home/sun/Desktop/unitree_ros2/unitree_ros2/unitree_legged_msgs/install/unitree_legged_msgs/include/unitree_legged_msgs/msg/detail/high_cmd__struct.h
-- Installing: /home/sun/Desktop/unitree_ros2/unitree_ros2/unitree_legged_msgs/install/unitree_legged_msgs/include/unitree_legged_msgs/msg/detail/low_state__functions.h
-- Installing: /home/sun/Desktop/unitree_ros2/unitree_ros2/unitree_legged_msgs/install/unitree_legged_msgs/include/unitree_legged_msgs/msg/detail/motor_state__functions.h
-- Installing: /home/sun/Desktop/unitree_ros2/unitree_ros2/unitree_legged_msgs/install/unitree_legged_msgs/include/unitree_legged_msgs/msg/detail/walk__type_support.h
-- Installing: /home/sun/Desktop/unitree_ros2/unitree_ros2/unitree_legged_msgs/install/unitree_legged_msgs/include/unitree_legged_msgs/msg/detail/motor_cmd__type_support.h
-- Installing: /home/sun/Desktop/unitree_ros2/unitree_ros2/unitree_legged_msgs/install/unitree_legged_msgs/include/unitree_legged_msgs/msg/detail/low_state__type_support.h
-- Installing: /home/sun/Desktop/unitree_ros2/unitree_ros2/unitree_legged_msgs/install/unitree_legged_msgs/include/unitree_legged_msgs/msg/detail/imu__functions.c
-- Installing: /home/sun/Desktop/unitree_ros2/unitree_ros2/unitree_legged_msgs/install/unitree_legged_msgs/include/unitree_legged_msgs/msg/motor_cmd.h
-- Installing: /home/sun/Desktop/unitree_ros2/unitree_ros2/unitree_legged_msgs/install/unitree_legged_msgs/include/unitree_legged_msgs/msg/high_state.h
-- Installing: /home/sun/Desktop/unitree_ros2/unitree_ros2/unitree_legged_msgs/install/unitree_legged_msgs/include/unitree_legged_msgs/msg/rosidl_generator_c__visibility_control.h
-- Installing: /home/sun/Desktop/unitree_ros2/unitree_ros2/unitree_legged_msgs/install/unitree_legged_msgs/include/unitree_legged_msgs/msg/cartesian.h
-- Installing: /home/sun/Desktop/unitree_ros2/unitree_ros2/unitree_legged_msgs/install/unitree_legged_msgs/include/unitree_legged_msgs/msg/walk.h
-- Installing: /home/sun/Desktop/unitree_ros2/unitree_ros2/unitree_legged_msgs/install/unitree_legged_msgs/include/unitree_legged_msgs/msg/high_cmd.h
-- Installing: /home/sun/Desktop/unitree_ros2/unitree_ros2/unitree_legged_msgs/install/unitree_legged_msgs/include/unitree_legged_msgs/msg/low_state.h
-- Installing: /home/sun/Desktop/unitree_ros2/unitree_ros2/unitree_legged_msgs/install/unitree_legged_msgs/include/unitree_legged_msgs/msg/low_cmd.h
-- Installing: /home/sun/Desktop/unitree_ros2/unitree_ros2/unitree_legged_msgs/install/unitree_legged_msgs/include/unitree_legged_msgs/msg/led.h
-- Installing: /home/sun/Desktop/unitree_ros2/unitree_ros2/unitree_legged_msgs/install/unitree_legged_msgs/include/unitree_legged_msgs/msg/motor_state.h
-- Installing: /home/sun/Desktop/unitree_ros2/unitree_ros2/unitree_legged_msgs/install/unitree_legged_msgs/share/unitree_legged_msgs/environment/library_path.sh
-- Installing: /home/sun/Desktop/unitree_ros2/unitree_ros2/unitree_legged_msgs/install/unitree_legged_msgs/share/unitree_legged_msgs/environment/library_path.dsv
-- Installing: /home/sun/Desktop/unitree_ros2/unitree_ros2/unitree_legged_msgs/install/unitree_legged_msgs/lib/libunitree_legged_msgs__rosidl_generator_c.so
-- Set runtime path of "/home/sun/Desktop/unitree_ros2/unitree_ros2/unitree_legged_msgs/install/unitree_legged_msgs/lib/libunitree_legged_msgs__rosidl_generator_c.so" to ""
-- Up-to-date: /home/sun/Desktop/unitree_ros2/unitree_ros2/unitree_legged_msgs/install/unitree_legged_msgs/include/unitree_legged_msgs
-- Up-to-date: /home/sun/Desktop/unitree_ros2/unitree_ros2/unitree_legged_msgs/install/unitree_legged_msgs/include/unitree_legged_msgs/msg
-- Up-to-date: /home/sun/Desktop/unitree_ros2/unitree_ros2/unitree_legged_msgs/install/unitree_legged_msgs/include/unitree_legged_msgs/msg/detail
-- Installing: /home/sun/Desktop/unitree_ros2/unitree_ros2/unitree_legged_msgs/install/unitree_legged_msgs/include/unitree_legged_msgs/msg/detail/cartesian__rosidl_typesupport_fastrtps_c.h
-- Installing: /home/sun/Desktop/unitree_ros2/unitree_ros2/unitree_legged_msgs/install/unitree_legged_msgs/include/unitree_legged_msgs/msg/detail/motor_state__rosidl_typesupport_fastrtps_c.h
-- Installing: /home/sun/Desktop/unitree_ros2/unitree_ros2/unitree_legged_msgs/install/unitree_legged_msgs/include/unitree_legged_msgs/msg/detail/imu__rosidl_typesupport_fastrtps_c.h
-- Installing: /home/sun/Desktop/unitree_ros2/unitree_ros2/unitree_legged_msgs/install/unitree_legged_msgs/include/unitree_legged_msgs/msg/detail/walk__rosidl_typesupport_fastrtps_c.h
-- Installing: /home/sun/Desktop/unitree_ros2/unitree_ros2/unitree_legged_msgs/install/unitree_legged_msgs/include/unitree_legged_msgs/msg/detail/high_state__rosidl_typesupport_fastrtps_c.h
-- Installing: /home/sun/Desktop/unitree_ros2/unitree_ros2/unitree_legged_msgs/install/unitree_legged_msgs/include/unitree_legged_msgs/msg/detail/led__rosidl_typesupport_fastrtps_c.h
-- Installing: /home/sun/Desktop/unitree_ros2/unitree_ros2/unitree_legged_msgs/install/unitree_legged_msgs/include/unitree_legged_msgs/msg/detail/motor_cmd__rosidl_typesupport_fastrtps_c.h
-- Installing: /home/sun/Desktop/unitree_ros2/unitree_ros2/unitree_legged_msgs/install/unitree_legged_msgs/include/unitree_legged_msgs/msg/detail/low_state__rosidl_typesupport_fastrtps_c.h
-- Installing: /home/sun/Desktop/unitree_ros2/unitree_ros2/unitree_legged_msgs/install/unitree_legged_msgs/include/unitree_legged_msgs/msg/detail/high_cmd__rosidl_typesupport_fastrtps_c.h
-- Installing: /home/sun/Desktop/unitree_ros2/unitree_ros2/unitree_legged_msgs/install/unitree_legged_msgs/include/unitree_legged_msgs/msg/detail/low_cmd__rosidl_typesupport_fastrtps_c.h
-- Installing: /home/sun/Desktop/unitree_ros2/unitree_ros2/unitree_legged_msgs/install/unitree_legged_msgs/include/unitree_legged_msgs/msg/rosidl_typesupport_fastrtps_c__visibility_control.h
-- Installing: /home/sun/Desktop/unitree_ros2/unitree_ros2/unitree_legged_msgs/install/unitree_legged_msgs/lib/libunitree_legged_msgs__rosidl_typesupport_fastrtps_c.so
-- Set runtime path of "/home/sun/Desktop/unitree_ros2/unitree_ros2/unitree_legged_msgs/install/unitree_legged_msgs/lib/libunitree_legged_msgs__rosidl_typesupport_fastrtps_c.so" to ""
-- Up-to-date: /home/sun/Desktop/unitree_ros2/unitree_ros2/unitree_legged_msgs/install/unitree_legged_msgs/include/unitree_legged_msgs
-- Up-to-date: /home/sun/Desktop/unitree_ros2/unitree_ros2/unitree_legged_msgs/install/unitree_legged_msgs/include/unitree_legged_msgs/msg
-- Up-to-date: /home/sun/Desktop/unitree_ros2/unitree_ros2/unitree_legged_msgs/install/unitree_legged_msgs/include/unitree_legged_msgs/msg/detail
-- Installing: /home/sun/Desktop/unitree_ros2/unitree_ros2/unitree_legged_msgs/install/unitree_legged_msgs/include/unitree_legged_msgs/msg/detail/low_cmd__rosidl_typesupport_fastrtps_cpp.hpp
-- Installing: /home/sun/Desktop/unitree_ros2/unitree_ros2/unitree_legged_msgs/install/unitree_legged_msgs/include/unitree_legged_msgs/msg/detail/motor_state__rosidl_typesupport_fastrtps_cpp.hpp
-- Installing: /home/sun/Desktop/unitree_ros2/unitree_ros2/unitree_legged_msgs/install/unitree_legged_msgs/include/unitree_legged_msgs/msg/detail/motor_cmd__rosidl_typesupport_fastrtps_cpp.hpp
-- Installing: /home/sun/Desktop/unitree_ros2/unitree_ros2/unitree_legged_msgs/install/unitree_legged_msgs/include/unitree_legged_msgs/msg/detail/dds_fastrtps
-- Installing: /home/sun/Desktop/unitree_ros2/unitree_ros2/unitree_legged_msgs/install/unitree_legged_msgs/include/unitree_legged_msgs/msg/detail/led__rosidl_typesupport_fastrtps_cpp.hpp
-- Installing: /home/sun/Desktop/unitree_ros2/unitree_ros2/unitree_legged_msgs/install/unitree_legged_msgs/include/unitree_legged_msgs/msg/detail/imu__rosidl_typesupport_fastrtps_cpp.hpp
-- Installing: /home/sun/Desktop/unitree_ros2/unitree_ros2/unitree_legged_msgs/install/unitree_legged_msgs/include/unitree_legged_msgs/msg/detail/cartesian__rosidl_typesupport_fastrtps_cpp.hpp
-- Installing: /home/sun/Desktop/unitree_ros2/unitree_ros2/unitree_legged_msgs/install/unitree_legged_msgs/include/unitree_legged_msgs/msg/detail/low_state__rosidl_typesupport_fastrtps_cpp.hpp
-- Installing: /home/sun/Desktop/unitree_ros2/unitree_ros2/unitree_legged_msgs/install/unitree_legged_msgs/include/unitree_legged_msgs/msg/detail/high_state__rosidl_typesupport_fastrtps_cpp.hpp
-- Installing: /home/sun/Desktop/unitree_ros2/unitree_ros2/unitree_legged_msgs/install/unitree_legged_msgs/include/unitree_legged_msgs/msg/detail/walk__rosidl_typesupport_fastrtps_cpp.hpp
-- Installing: /home/sun/Desktop/unitree_ros2/unitree_ros2/unitree_legged_msgs/install/unitree_legged_msgs/include/unitree_legged_msgs/msg/detail/high_cmd__rosidl_typesupport_fastrtps_cpp.hpp
-- Installing: /home/sun/Desktop/unitree_ros2/unitree_ros2/unitree_legged_msgs/install/unitree_legged_msgs/include/unitree_legged_msgs/msg/rosidl_typesupport_fastrtps_cpp__visibility_control.h
-- Installing: /home/sun/Desktop/unitree_ros2/unitree_ros2/unitree_legged_msgs/install/unitree_legged_msgs/lib/libunitree_legged_msgs__rosidl_typesupport_fastrtps_cpp.so
-- Set runtime path of "/home/sun/Desktop/unitree_ros2/unitree_ros2/unitree_legged_msgs/install/unitree_legged_msgs/lib/libunitree_legged_msgs__rosidl_typesupport_fastrtps_cpp.so" to ""
-- Up-to-date: /home/sun/Desktop/unitree_ros2/unitree_ros2/unitree_legged_msgs/install/unitree_legged_msgs/include/unitree_legged_msgs
-- Up-to-date: /home/sun/Desktop/unitree_ros2/unitree_ros2/unitree_legged_msgs/install/unitree_legged_msgs/include/unitree_legged_msgs/msg
-- Up-to-date: /home/sun/Desktop/unitree_ros2/unitree_ros2/unitree_legged_msgs/install/unitree_legged_msgs/include/unitree_legged_msgs/msg/detail
-- Installing: /home/sun/Desktop/unitree_ros2/unitree_ros2/unitree_legged_msgs/install/unitree_legged_msgs/include/unitree_legged_msgs/msg/detail/walk__type_support.c
-- Installing: /home/sun/Desktop/unitree_ros2/unitree_ros2/unitree_legged_msgs/install/unitree_legged_msgs/include/unitree_legged_msgs/msg/detail/led__type_support.c
-- Installing: /home/sun/Desktop/unitree_ros2/unitree_ros2/unitree_legged_msgs/install/unitree_legged_msgs/include/unitree_legged_msgs/msg/detail/low_state__type_support.c
-- Installing: /home/sun/Desktop/unitree_ros2/unitree_ros2/unitree_legged_msgs/install/unitree_legged_msgs/include/unitree_legged_msgs/msg/detail/walk__rosidl_typesupport_introspection_c.h
-- Installing: /home/sun/Desktop/unitree_ros2/unitree_ros2/unitree_legged_msgs/install/unitree_legged_msgs/include/unitree_legged_msgs/msg/detail/low_cmd__type_support.c
-- Installing: /home/sun/Desktop/unitree_ros2/unitree_ros2/unitree_legged_msgs/install/unitree_legged_msgs/include/unitree_legged_msgs/msg/detail/imu__type_support.c
-- Installing: /home/sun/Desktop/unitree_ros2/unitree_ros2/unitree_legged_msgs/install/unitree_legged_msgs/include/unitree_legged_msgs/msg/detail/cartesian__rosidl_typesupport_introspection_c.h
-- Installing: /home/sun/Desktop/unitree_ros2/unitree_ros2/unitree_legged_msgs/install/unitree_legged_msgs/include/unitree_legged_msgs/msg/detail/motor_cmd__type_support.c
-- Installing: /home/sun/Desktop/unitree_ros2/unitree_ros2/unitree_legged_msgs/install/unitree_legged_msgs/include/unitree_legged_msgs/msg/detail/low_cmd__rosidl_typesupport_introspection_c.h
-- Installing: /home/sun/Desktop/unitree_ros2/unitree_ros2/unitree_legged_msgs/install/unitree_legged_msgs/include/unitree_legged_msgs/msg/detail/low_state__rosidl_typesupport_introspection_c.h
-- Installing: /home/sun/Desktop/unitree_ros2/unitree_ros2/unitree_legged_msgs/install/unitree_legged_msgs/include/unitree_legged_msgs/msg/detail/high_state__rosidl_typesupport_introspection_c.h
-- Installing: /home/sun/Desktop/unitree_ros2/unitree_ros2/unitree_legged_msgs/install/unitree_legged_msgs/include/unitree_legged_msgs/msg/detail/cartesian__type_support.c
-- Installing: /home/sun/Desktop/unitree_ros2/unitree_ros2/unitree_legged_msgs/install/unitree_legged_msgs/include/unitree_legged_msgs/msg/detail/high_cmd__rosidl_typesupport_introspection_c.h
-- Installing: /home/sun/Desktop/unitree_ros2/unitree_ros2/unitree_legged_msgs/install/unitree_legged_msgs/include/unitree_legged_msgs/msg/detail/high_state__type_support.c
-- Installing: /home/sun/Desktop/unitree_ros2/unitree_ros2/unitree_legged_msgs/install/unitree_legged_msgs/include/unitree_legged_msgs/msg/detail/motor_state__rosidl_typesupport_introspection_c.h
-- Installing: /home/sun/Desktop/unitree_ros2/unitree_ros2/unitree_legged_msgs/install/unitree_legged_msgs/include/unitree_legged_msgs/msg/detail/high_cmd__type_support.c
-- Installing: /home/sun/Desktop/unitree_ros2/unitree_ros2/unitree_legged_msgs/install/unitree_legged_msgs/include/unitree_legged_msgs/msg/detail/motor_cmd__rosidl_typesupport_introspection_c.h
-- Installing: /home/sun/Desktop/unitree_ros2/unitree_ros2/unitree_legged_msgs/install/unitree_legged_msgs/include/unitree_legged_msgs/msg/detail/led__rosidl_typesupport_introspection_c.h
-- Installing: /home/sun/Desktop/unitree_ros2/unitree_ros2/unitree_legged_msgs/install/unitree_legged_msgs/include/unitree_legged_msgs/msg/detail/motor_state__type_support.c
-- Installing: /home/sun/Desktop/unitree_ros2/unitree_ros2/unitree_legged_msgs/install/unitree_legged_msgs/include/unitree_legged_msgs/msg/detail/imu__rosidl_typesupport_introspection_c.h
-- Installing: /home/sun/Desktop/unitree_ros2/unitree_ros2/unitree_legged_msgs/install/unitree_legged_msgs/include/unitree_legged_msgs/msg/rosidl_typesupport_introspection_c__visibility_control.h
-- Installing: /home/sun/Desktop/unitree_ros2/unitree_ros2/unitree_legged_msgs/install/unitree_legged_msgs/lib/libunitree_legged_msgs__rosidl_typesupport_introspection_c.so
-- Set runtime path of "/home/sun/Desktop/unitree_ros2/unitree_ros2/unitree_legged_msgs/install/unitree_legged_msgs/lib/libunitree_legged_msgs__rosidl_typesupport_introspection_c.so" to ""
-- Installing: /home/sun/Desktop/unitree_ros2/unitree_ros2/unitree_legged_msgs/install/unitree_legged_msgs/lib/libunitree_legged_msgs__rosidl_typesupport_c.so
-- Set runtime path of "/home/sun/Desktop/unitree_ros2/unitree_ros2/unitree_legged_msgs/install/unitree_legged_msgs/lib/libunitree_legged_msgs__rosidl_typesupport_c.so" to ""
-- Up-to-date: /home/sun/Desktop/unitree_ros2/unitree_ros2/unitree_legged_msgs/install/unitree_legged_msgs/include/unitree_legged_msgs
-- Up-to-date: /home/sun/Desktop/unitree_ros2/unitree_ros2/unitree_legged_msgs/install/unitree_legged_msgs/include/unitree_legged_msgs/msg
-- Up-to-date: /home/sun/Desktop/unitree_ros2/unitree_ros2/unitree_legged_msgs/install/unitree_legged_msgs/include/unitree_legged_msgs/msg/detail
-- Installing: /home/sun/Desktop/unitree_ros2/unitree_ros2/unitree_legged_msgs/install/unitree_legged_msgs/include/unitree_legged_msgs/msg/detail/low_cmd__traits.hpp
-- Installing: /home/sun/Desktop/unitree_ros2/unitree_ros2/unitree_legged_msgs/install/unitree_legged_msgs/include/unitree_legged_msgs/msg/detail/high_cmd__builder.hpp
-- Installing: /home/sun/Desktop/unitree_ros2/unitree_ros2/unitree_legged_msgs/install/unitree_legged_msgs/include/unitree_legged_msgs/msg/detail/low_state__traits.hpp
-- Installing: /home/sun/Desktop/unitree_ros2/unitree_ros2/unitree_legged_msgs/install/unitree_legged_msgs/include/unitree_legged_msgs/msg/detail/walk__builder.hpp
-- Installing: /home/sun/Desktop/unitree_ros2/unitree_ros2/unitree_legged_msgs/install/unitree_legged_msgs/include/unitree_legged_msgs/msg/detail/walk__traits.hpp
-- Installing: /home/sun/Desktop/unitree_ros2/unitree_ros2/unitree_legged_msgs/install/unitree_legged_msgs/include/unitree_legged_msgs/msg/detail/low_state__struct.hpp
-- Installing: /home/sun/Desktop/unitree_ros2/unitree_ros2/unitree_legged_msgs/install/unitree_legged_msgs/include/unitree_legged_msgs/msg/detail/motor_state__struct.hpp
-- Installing: /home/sun/Desktop/unitree_ros2/unitree_ros2/unitree_legged_msgs/install/unitree_legged_msgs/include/unitree_legged_msgs/msg/detail/led__struct.hpp
-- Installing: /home/sun/Desktop/unitree_ros2/unitree_ros2/unitree_legged_msgs/install/unitree_legged_msgs/include/unitree_legged_msgs/msg/detail/cartesian__struct.hpp
-- Installing: /home/sun/Desktop/unitree_ros2/unitree_ros2/unitree_legged_msgs/install/unitree_legged_msgs/include/unitree_legged_msgs/msg/detail/high_state__builder.hpp
-- Installing: /home/sun/Desktop/unitree_ros2/unitree_ros2/unitree_legged_msgs/install/unitree_legged_msgs/include/unitree_legged_msgs/msg/detail/led__builder.hpp
-- Installing: /home/sun/Desktop/unitree_ros2/unitree_ros2/unitree_legged_msgs/install/unitree_legged_msgs/include/unitree_legged_msgs/msg/detail/high_state__traits.hpp
-- Installing: /home/sun/Desktop/unitree_ros2/unitree_ros2/unitree_legged_msgs/install/unitree_legged_msgs/include/unitree_legged_msgs/msg/detail/motor_cmd__builder.hpp
-- Installing: /home/sun/Desktop/unitree_ros2/unitree_ros2/unitree_legged_msgs/install/unitree_legged_msgs/include/unitree_legged_msgs/msg/detail/low_cmd__builder.hpp
-- Installing: /home/sun/Desktop/unitree_ros2/unitree_ros2/unitree_legged_msgs/install/unitree_legged_msgs/include/unitree_legged_msgs/msg/detail/cartesian__builder.hpp
-- Installing: /home/sun/Desktop/unitree_ros2/unitree_ros2/unitree_legged_msgs/install/unitree_legged_msgs/include/unitree_legged_msgs/msg/detail/high_cmd__traits.hpp
-- Installing: /home/sun/Desktop/unitree_ros2/unitree_ros2/unitree_legged_msgs/install/unitree_legged_msgs/include/unitree_legged_msgs/msg/detail/high_state__struct.hpp
-- Installing: /home/sun/Desktop/unitree_ros2/unitree_ros2/unitree_legged_msgs/install/unitree_legged_msgs/include/unitree_legged_msgs/msg/detail/led__traits.hpp
-- Installing: /home/sun/Desktop/unitree_ros2/unitree_ros2/unitree_legged_msgs/install/unitree_legged_msgs/include/unitree_legged_msgs/msg/detail/walk__struct.hpp
-- Installing: /home/sun/Desktop/unitree_ros2/unitree_ros2/unitree_legged_msgs/install/unitree_legged_msgs/include/unitree_legged_msgs/msg/detail/imu__traits.hpp
-- Installing: /home/sun/Desktop/unitree_ros2/unitree_ros2/unitree_legged_msgs/install/unitree_legged_msgs/include/unitree_legged_msgs/msg/detail/motor_state__traits.hpp
-- Installing: /home/sun/Desktop/unitree_ros2/unitree_ros2/unitree_legged_msgs/install/unitree_legged_msgs/include/unitree_legged_msgs/msg/detail/high_cmd__struct.hpp
-- Installing: /home/sun/Desktop/unitree_ros2/unitree_ros2/unitree_legged_msgs/install/unitree_legged_msgs/include/unitree_legged_msgs/msg/detail/cartesian__traits.hpp
-- Installing: /home/sun/Desktop/unitree_ros2/unitree_ros2/unitree_legged_msgs/install/unitree_legged_msgs/include/unitree_legged_msgs/msg/detail/motor_cmd__struct.hpp
-- Installing: /home/sun/Desktop/unitree_ros2/unitree_ros2/unitree_legged_msgs/install/unitree_legged_msgs/include/unitree_legged_msgs/msg/detail/low_cmd__struct.hpp
-- Installing: /home/sun/Desktop/unitree_ros2/unitree_ros2/unitree_legged_msgs/install/unitree_legged_msgs/include/unitree_legged_msgs/msg/detail/motor_cmd__traits.hpp
-- Installing: /home/sun/Desktop/unitree_ros2/unitree_ros2/unitree_legged_msgs/install/unitree_legged_msgs/include/unitree_legged_msgs/msg/detail/low_state__builder.hpp
-- Installing: /home/sun/Desktop/unitree_ros2/unitree_ros2/unitree_legged_msgs/install/unitree_legged_msgs/include/unitree_legged_msgs/msg/detail/motor_state__builder.hpp
-- Installing: /home/sun/Desktop/unitree_ros2/unitree_ros2/unitree_legged_msgs/install/unitree_legged_msgs/include/unitree_legged_msgs/msg/detail/imu__builder.hpp
-- Installing: /home/sun/Desktop/unitree_ros2/unitree_ros2/unitree_legged_msgs/install/unitree_legged_msgs/include/unitree_legged_msgs/msg/detail/imu__struct.hpp
-- Installing: /home/sun/Desktop/unitree_ros2/unitree_ros2/unitree_legged_msgs/install/unitree_legged_msgs/include/unitree_legged_msgs/msg/motor_state.hpp
-- Installing: /home/sun/Desktop/unitree_ros2/unitree_ros2/unitree_legged_msgs/install/unitree_legged_msgs/include/unitree_legged_msgs/msg/motor_cmd.hpp
-- Installing: /home/sun/Desktop/unitree_ros2/unitree_ros2/unitree_legged_msgs/install/unitree_legged_msgs/include/unitree_legged_msgs/msg/low_state.hpp
-- Installing: /home/sun/Desktop/unitree_ros2/unitree_ros2/unitree_legged_msgs/install/unitree_legged_msgs/include/unitree_legged_msgs/msg/led.hpp
-- Installing: /home/sun/Desktop/unitree_ros2/unitree_ros2/unitree_legged_msgs/install/unitree_legged_msgs/include/unitree_legged_msgs/msg/high_state.hpp
-- Installing: /home/sun/Desktop/unitree_ros2/unitree_ros2/unitree_legged_msgs/install/unitree_legged_msgs/include/unitree_legged_msgs/msg/imu.hpp
-- Installing: /home/sun/Desktop/unitree_ros2/unitree_ros2/unitree_legged_msgs/install/unitree_legged_msgs/include/unitree_legged_msgs/msg/walk.hpp
-- Installing: /home/sun/Desktop/unitree_ros2/unitree_ros2/unitree_legged_msgs/install/unitree_legged_msgs/include/unitree_legged_msgs/msg/low_cmd.hpp
-- Installing: /home/sun/Desktop/unitree_ros2/unitree_ros2/unitree_legged_msgs/install/unitree_legged_msgs/include/unitree_legged_msgs/msg/cartesian.hpp
-- Installing: /home/sun/Desktop/unitree_ros2/unitree_ros2/unitree_legged_msgs/install/unitree_legged_msgs/include/unitree_legged_msgs/msg/high_cmd.hpp
-- Up-to-date: /home/sun/Desktop/unitree_ros2/unitree_ros2/unitree_legged_msgs/install/unitree_legged_msgs/include/unitree_legged_msgs
-- Up-to-date: /home/sun/Desktop/unitree_ros2/unitree_ros2/unitree_legged_msgs/install/unitree_legged_msgs/include/unitree_legged_msgs/msg
-- Up-to-date: /home/sun/Desktop/unitree_ros2/unitree_ros2/unitree_legged_msgs/install/unitree_legged_msgs/include/unitree_legged_msgs/msg/detail
-- Installing: /home/sun/Desktop/unitree_ros2/unitree_ros2/unitree_legged_msgs/install/unitree_legged_msgs/include/unitree_legged_msgs/msg/detail/high_cmd__type_support.cpp
-- Installing: /home/sun/Desktop/unitree_ros2/unitree_ros2/unitree_legged_msgs/install/unitree_legged_msgs/include/unitree_legged_msgs/msg/detail/imu__type_support.cpp
-- Installing: /home/sun/Desktop/unitree_ros2/unitree_ros2/unitree_legged_msgs/install/unitree_legged_msgs/include/unitree_legged_msgs/msg/detail/motor_cmd__type_support.cpp
-- Installing: /home/sun/Desktop/unitree_ros2/unitree_ros2/unitree_legged_msgs/install/unitree_legged_msgs/include/unitree_legged_msgs/msg/detail/imu__rosidl_typesupport_introspection_cpp.hpp
-- Installing: /home/sun/Desktop/unitree_ros2/unitree_ros2/unitree_legged_msgs/install/unitree_legged_msgs/include/unitree_legged_msgs/msg/detail/walk__rosidl_typesupport_introspection_cpp.hpp
-- Installing: /home/sun/Desktop/unitree_ros2/unitree_ros2/unitree_legged_msgs/install/unitree_legged_msgs/include/unitree_legged_msgs/msg/detail/low_cmd__rosidl_typesupport_introspection_cpp.hpp
-- Installing: /home/sun/Desktop/unitree_ros2/unitree_ros2/unitree_legged_msgs/install/unitree_legged_msgs/include/unitree_legged_msgs/msg/detail/led__rosidl_typesupport_introspection_cpp.hpp
-- Installing: /home/sun/Desktop/unitree_ros2/unitree_ros2/unitree_legged_msgs/install/unitree_legged_msgs/include/unitree_legged_msgs/msg/detail/low_state__type_support.cpp
-- Installing: /home/sun/Desktop/unitree_ros2/unitree_ros2/unitree_legged_msgs/install/unitree_legged_msgs/include/unitree_legged_msgs/msg/detail/high_state__type_support.cpp
-- Installing: /home/sun/Desktop/unitree_ros2/unitree_ros2/unitree_legged_msgs/install/unitree_legged_msgs/include/unitree_legged_msgs/msg/detail/walk__type_support.cpp
-- Installing: /home/sun/Desktop/unitree_ros2/unitree_ros2/unitree_legged_msgs/install/unitree_legged_msgs/include/unitree_legged_msgs/msg/detail/motor_state__rosidl_typesupport_introspection_cpp.hpp
-- Installing: /home/sun/Desktop/unitree_ros2/unitree_ros2/unitree_legged_msgs/install/unitree_legged_msgs/include/unitree_legged_msgs/msg/detail/led__type_support.cpp
-- Installing: /home/sun/Desktop/unitree_ros2/unitree_ros2/unitree_legged_msgs/install/unitree_legged_msgs/include/unitree_legged_msgs/msg/detail/low_state__rosidl_typesupport_introspection_cpp.hpp
-- Installing: /home/sun/Desktop/unitree_ros2/unitree_ros2/unitree_legged_msgs/install/unitree_legged_msgs/include/unitree_legged_msgs/msg/detail/cartesian__type_support.cpp
-- Installing: /home/sun/Desktop/unitree_ros2/unitree_ros2/unitree_legged_msgs/install/unitree_legged_msgs/include/unitree_legged_msgs/msg/detail/motor_cmd__rosidl_typesupport_introspection_cpp.hpp
-- Installing: /home/sun/Desktop/unitree_ros2/unitree_ros2/unitree_legged_msgs/install/unitree_legged_msgs/include/unitree_legged_msgs/msg/detail/motor_state__type_support.cpp
-- Installing: /home/sun/Desktop/unitree_ros2/unitree_ros2/unitree_legged_msgs/install/unitree_legged_msgs/include/unitree_legged_msgs/msg/detail/low_cmd__type_support.cpp
-- Installing: /home/sun/Desktop/unitree_ros2/unitree_ros2/unitree_legged_msgs/install/unitree_legged_msgs/include/unitree_legged_msgs/msg/detail/high_cmd__rosidl_typesupport_introspection_cpp.hpp
-- Installing: /home/sun/Desktop/unitree_ros2/unitree_ros2/unitree_legged_msgs/install/unitree_legged_msgs/include/unitree_legged_msgs/msg/detail/high_state__rosidl_typesupport_introspection_cpp.hpp
-- Installing: /home/sun/Desktop/unitree_ros2/unitree_ros2/unitree_legged_msgs/install/unitree_legged_msgs/include/unitree_legged_msgs/msg/detail/cartesian__rosidl_typesupport_introspection_cpp.hpp
-- Installing: /home/sun/Desktop/unitree_ros2/unitree_ros2/unitree_legged_msgs/install/unitree_legged_msgs/lib/libunitree_legged_msgs__rosidl_typesupport_introspection_cpp.so
-- Set runtime path of "/home/sun/Desktop/unitree_ros2/unitree_ros2/unitree_legged_msgs/install/unitree_legged_msgs/lib/libunitree_legged_msgs__rosidl_typesupport_introspection_cpp.so" to ""
-- Installing: /home/sun/Desktop/unitree_ros2/unitree_ros2/unitree_legged_msgs/install/unitree_legged_msgs/lib/libunitree_legged_msgs__rosidl_typesupport_cpp.so
-- Set runtime path of "/home/sun/Desktop/unitree_ros2/unitree_ros2/unitree_legged_msgs/install/unitree_legged_msgs/lib/libunitree_legged_msgs__rosidl_typesupport_cpp.so" to ""
-- Installing: /home/sun/Desktop/unitree_ros2/unitree_ros2/unitree_legged_msgs/install/unitree_legged_msgs/share/unitree_legged_msgs/environment/pythonpath.sh
-- Installing: /home/sun/Desktop/unitree_ros2/unitree_ros2/unitree_legged_msgs/install/unitree_legged_msgs/share/unitree_legged_msgs/environment/pythonpath.dsv
-- Installing: /home/sun/Desktop/unitree_ros2/unitree_ros2/unitree_legged_msgs/install/unitree_legged_msgs/lib/python3.8/site-packages/unitree_legged_msgs/__init__.py
Compiling '/home/sun/Desktop/unitree_ros2/unitree_ros2/unitree_legged_msgs/install/unitree_legged_msgs/lib/python3.8/site-packages/unitree_legged_msgs/__init__.py'...
-- Installing: /home/sun/Desktop/unitree_ros2/unitree_ros2/unitree_legged_msgs/install/unitree_legged_msgs/lib/python3.8/site-packages/unitree_legged_msgs/msg
-- Installing: /home/sun/Desktop/unitree_ros2/unitree_ros2/unitree_legged_msgs/install/unitree_legged_msgs/lib/python3.8/site-packages/unitree_legged_msgs/msg/__init__.py
-- Installing: /home/sun/Desktop/unitree_ros2/unitree_ros2/unitree_legged_msgs/install/unitree_legged_msgs/lib/python3.8/site-packages/unitree_legged_msgs/msg/_led.py
-- Installing: /home/sun/Desktop/unitree_ros2/unitree_ros2/unitree_legged_msgs/install/unitree_legged_msgs/lib/python3.8/site-packages/unitree_legged_msgs/msg/_imu.py
-- Installing: /home/sun/Desktop/unitree_ros2/unitree_ros2/unitree_legged_msgs/install/unitree_legged_msgs/lib/python3.8/site-packages/unitree_legged_msgs/msg/_cartesian_s.c
-- Installing: /home/sun/Desktop/unitree_ros2/unitree_ros2/unitree_legged_msgs/install/unitree_legged_msgs/lib/python3.8/site-packages/unitree_legged_msgs/msg/_motor_cmd.py
-- Installing: /home/sun/Desktop/unitree_ros2/unitree_ros2/unitree_legged_msgs/install/unitree_legged_msgs/lib/python3.8/site-packages/unitree_legged_msgs/msg/_led_s.c
-- Installing: /home/sun/Desktop/unitree_ros2/unitree_ros2/unitree_legged_msgs/install/unitree_legged_msgs/lib/python3.8/site-packages/unitree_legged_msgs/msg/_low_cmd.py
-- Installing: /home/sun/Desktop/unitree_ros2/unitree_ros2/unitree_legged_msgs/install/unitree_legged_msgs/lib/python3.8/site-packages/unitree_legged_msgs/msg/_motor_cmd_s.c
-- Installing: /home/sun/Desktop/unitree_ros2/unitree_ros2/unitree_legged_msgs/install/unitree_legged_msgs/lib/python3.8/site-packages/unitree_legged_msgs/msg/_walk_s.c
-- Installing: /home/sun/Desktop/unitree_ros2/unitree_ros2/unitree_legged_msgs/install/unitree_legged_msgs/lib/python3.8/site-packages/unitree_legged_msgs/msg/_motor_state_s.c
-- Installing: /home/sun/Desktop/unitree_ros2/unitree_ros2/unitree_legged_msgs/install/unitree_legged_msgs/lib/python3.8/site-packages/unitree_legged_msgs/msg/_low_state_s.c
-- Installing: /home/sun/Desktop/unitree_ros2/unitree_ros2/unitree_legged_msgs/install/unitree_legged_msgs/lib/python3.8/site-packages/unitree_legged_msgs/msg/_low_cmd_s.c
-- Installing: /home/sun/Desktop/unitree_ros2/unitree_ros2/unitree_legged_msgs/install/unitree_legged_msgs/lib/python3.8/site-packages/unitree_legged_msgs/msg/_cartesian.py
-- Installing: /home/sun/Desktop/unitree_ros2/unitree_ros2/unitree_legged_msgs/install/unitree_legged_msgs/lib/python3.8/site-packages/unitree_legged_msgs/msg/_motor_state.py
-- Installing: /home/sun/Desktop/unitree_ros2/unitree_ros2/unitree_legged_msgs/install/unitree_legged_msgs/lib/python3.8/site-packages/unitree_legged_msgs/msg/_imu_s.c
-- Installing: /home/sun/Desktop/unitree_ros2/unitree_ros2/unitree_legged_msgs/install/unitree_legged_msgs/lib/python3.8/site-packages/unitree_legged_msgs/msg/_low_state.py
-- Installing: /home/sun/Desktop/unitree_ros2/unitree_ros2/unitree_legged_msgs/install/unitree_legged_msgs/lib/python3.8/site-packages/unitree_legged_msgs/msg/_high_state_s.c
-- Installing: /home/sun/Desktop/unitree_ros2/unitree_ros2/unitree_legged_msgs/install/unitree_legged_msgs/lib/python3.8/site-packages/unitree_legged_msgs/msg/_walk.py
-- Installing: /home/sun/Desktop/unitree_ros2/unitree_ros2/unitree_legged_msgs/install/unitree_legged_msgs/lib/python3.8/site-packages/unitree_legged_msgs/msg/_high_state.py
-- Installing: /home/sun/Desktop/unitree_ros2/unitree_ros2/unitree_legged_msgs/install/unitree_legged_msgs/lib/python3.8/site-packages/unitree_legged_msgs/msg/_high_cmd.py
-- Installing: /home/sun/Desktop/unitree_ros2/unitree_ros2/unitree_legged_msgs/install/unitree_legged_msgs/lib/python3.8/site-packages/unitree_legged_msgs/msg/_high_cmd_s.c
-- Installing: /home/sun/Desktop/unitree_ros2/unitree_ros2/unitree_legged_msgs/install/unitree_legged_msgs/lib/python3.8/site-packages/unitree_legged_msgs/unitree_legged_msgs_s__rosidl_typesupport_fastrtps_c.cpython-38-x86_64-linux-gnu.so
-- Set runtime path of "/home/sun/Desktop/unitree_ros2/unitree_ros2/unitree_legged_msgs/install/unitree_legged_msgs/lib/python3.8/site-packages/unitree_legged_msgs/unitree_legged_msgs_s__rosidl_typesupport_fastrtps_c.cpython-38-x86_64-linux-gnu.so" to ""
-- Installing: /home/sun/Desktop/unitree_ros2/unitree_ros2/unitree_legged_msgs/install/unitree_legged_msgs/lib/python3.8/site-packages/unitree_legged_msgs/unitree_legged_msgs_s__rosidl_typesupport_introspection_c.cpython-38-x86_64-linux-gnu.so
-- Set runtime path of "/home/sun/Desktop/unitree_ros2/unitree_ros2/unitree_legged_msgs/install/unitree_legged_msgs/lib/python3.8/site-packages/unitree_legged_msgs/unitree_legged_msgs_s__rosidl_typesupport_introspection_c.cpython-38-x86_64-linux-gnu.so" to ""
-- Installing: /home/sun/Desktop/unitree_ros2/unitree_ros2/unitree_legged_msgs/install/unitree_legged_msgs/lib/python3.8/site-packages/unitree_legged_msgs/unitree_legged_msgs_s__rosidl_typesupport_c.cpython-38-x86_64-linux-gnu.so
-- Set runtime path of "/home/sun/Desktop/unitree_ros2/unitree_ros2/unitree_legged_msgs/install/unitree_legged_msgs/lib/python3.8/site-packages/unitree_legged_msgs/unitree_legged_msgs_s__rosidl_typesupport_c.cpython-38-x86_64-linux-gnu.so" to ""
-- Installing: /home/sun/Desktop/unitree_ros2/unitree_ros2/unitree_legged_msgs/install/unitree_legged_msgs/lib/libunitree_legged_msgs__python.so
-- Set runtime path of "/home/sun/Desktop/unitree_ros2/unitree_ros2/unitree_legged_msgs/install/unitree_legged_msgs/lib/libunitree_legged_msgs__python.so" to ""
-- Installing: /home/sun/Desktop/unitree_ros2/unitree_ros2/unitree_legged_msgs/install/unitree_legged_msgs/share/unitree_legged_msgs/msg/HighCmd.idl
-- Installing: /home/sun/Desktop/unitree_ros2/unitree_ros2/unitree_legged_msgs/install/unitree_legged_msgs/share/unitree_legged_msgs/msg/Cartesian.idl
-- Installing: /home/sun/Desktop/unitree_ros2/unitree_ros2/unitree_legged_msgs/install/unitree_legged_msgs/share/unitree_legged_msgs/msg/HighState.idl
-- Installing: /home/sun/Desktop/unitree_ros2/unitree_ros2/unitree_legged_msgs/install/unitree_legged_msgs/share/unitree_legged_msgs/msg/IMU.idl
-- Installing: /home/sun/Desktop/unitree_ros2/unitree_ros2/unitree_legged_msgs/install/unitree_legged_msgs/share/unitree_legged_msgs/msg/LED.idl
-- Installing: /home/sun/Desktop/unitree_ros2/unitree_ros2/unitree_legged_msgs/install/unitree_legged_msgs/share/unitree_legged_msgs/msg/LowCmd.idl
-- Installing: /home/sun/Desktop/unitree_ros2/unitree_ros2/unitree_legged_msgs/install/unitree_legged_msgs/share/unitree_legged_msgs/msg/LowState.idl
-- Installing: /home/sun/Desktop/unitree_ros2/unitree_ros2/unitree_legged_msgs/install/unitree_legged_msgs/share/unitree_legged_msgs/msg/MotorCmd.idl
-- Installing: /home/sun/Desktop/unitree_ros2/unitree_ros2/unitree_legged_msgs/install/unitree_legged_msgs/share/unitree_legged_msgs/msg/MotorState.idl
-- Installing: /home/sun/Desktop/unitree_ros2/unitree_ros2/unitree_legged_msgs/install/unitree_legged_msgs/share/unitree_legged_msgs/msg/Walk.idl
-- Installing: /home/sun/Desktop/unitree_ros2/unitree_ros2/unitree_legged_msgs/install/unitree_legged_msgs/share/unitree_legged_msgs/msg/HighCmd.msg
-- Installing: /home/sun/Desktop/unitree_ros2/unitree_ros2/unitree_legged_msgs/install/unitree_legged_msgs/share/unitree_legged_msgs/msg/Cartesian.msg
-- Installing: /home/sun/Desktop/unitree_ros2/unitree_ros2/unitree_legged_msgs/install/unitree_legged_msgs/share/unitree_legged_msgs/msg/HighState.msg
-- Installing: /home/sun/Desktop/unitree_ros2/unitree_ros2/unitree_legged_msgs/install/unitree_legged_msgs/share/unitree_legged_msgs/msg/IMU.msg
-- Installing: /home/sun/Desktop/unitree_ros2/unitree_ros2/unitree_legged_msgs/install/unitree_legged_msgs/share/unitree_legged_msgs/msg/LED.msg
-- Installing: /home/sun/Desktop/unitree_ros2/unitree_ros2/unitree_legged_msgs/install/unitree_legged_msgs/share/unitree_legged_msgs/msg/LowCmd.msg
-- Installing: /home/sun/Desktop/unitree_ros2/unitree_ros2/unitree_legged_msgs/install/unitree_legged_msgs/share/unitree_legged_msgs/msg/LowState.msg
-- Installing: /home/sun/Desktop/unitree_ros2/unitree_ros2/unitree_legged_msgs/install/unitree_legged_msgs/share/unitree_legged_msgs/msg/MotorCmd.msg
-- Installing: /home/sun/Desktop/unitree_ros2/unitree_ros2/unitree_legged_msgs/install/unitree_legged_msgs/share/unitree_legged_msgs/msg/MotorState.msg
-- Installing: /home/sun/Desktop/unitree_ros2/unitree_ros2/unitree_legged_msgs/install/unitree_legged_msgs/share/unitree_legged_msgs/msg/Walk.msg
-- Installing: /home/sun/Desktop/unitree_ros2/unitree_ros2/unitree_legged_msgs/install/unitree_legged_msgs/share/ament_index/resource_index/package_run_dependencies/unitree_legged_msgs
-- Installing: /home/sun/Desktop/unitree_ros2/unitree_ros2/unitree_legged_msgs/install/unitree_legged_msgs/share/ament_index/resource_index/parent_prefix_path/unitree_legged_msgs
-- Installing: /home/sun/Desktop/unitree_ros2/unitree_ros2/unitree_legged_msgs/install/unitree_legged_msgs/share/unitree_legged_msgs/environment/ament_prefix_path.sh
-- Installing: /home/sun/Desktop/unitree_ros2/unitree_ros2/unitree_legged_msgs/install/unitree_legged_msgs/share/unitree_legged_msgs/environment/ament_prefix_path.dsv
-- Installing: /home/sun/Desktop/unitree_ros2/unitree_ros2/unitree_legged_msgs/install/unitree_legged_msgs/share/unitree_legged_msgs/environment/path.sh
-- Installing: /home/sun/Desktop/unitree_ros2/unitree_ros2/unitree_legged_msgs/install/unitree_legged_msgs/share/unitree_legged_msgs/environment/path.dsv
-- Installing: /home/sun/Desktop/unitree_ros2/unitree_ros2/unitree_legged_msgs/install/unitree_legged_msgs/share/unitree_legged_msgs/local_setup.bash
-- Installing: /home/sun/Desktop/unitree_ros2/unitree_ros2/unitree_legged_msgs/install/unitree_legged_msgs/share/unitree_legged_msgs/local_setup.sh
-- Installing: /home/sun/Desktop/unitree_ros2/unitree_ros2/unitree_legged_msgs/install/unitree_legged_msgs/share/unitree_legged_msgs/local_setup.zsh
-- Installing: /home/sun/Desktop/unitree_ros2/unitree_ros2/unitree_legged_msgs/install/unitree_legged_msgs/share/unitree_legged_msgs/local_setup.dsv
-- Installing: /home/sun/Desktop/unitree_ros2/unitree_ros2/unitree_legged_msgs/install/unitree_legged_msgs/share/unitree_legged_msgs/package.dsv
-- Installing: /home/sun/Desktop/unitree_ros2/unitree_ros2/unitree_legged_msgs/install/unitree_legged_msgs/share/ament_index/resource_index/packages/unitree_legged_msgs
-- Installing: /home/sun/Desktop/unitree_ros2/unitree_ros2/unitree_legged_msgs/install/unitree_legged_msgs/share/unitree_legged_msgs/cmake/unitree_legged_msgs__rosidl_generator_cExport.cmake
-- Installing: /home/sun/Desktop/unitree_ros2/unitree_ros2/unitree_legged_msgs/install/unitree_legged_msgs/share/unitree_legged_msgs/cmake/unitree_legged_msgs__rosidl_generator_cExport-noconfig.cmake
-- Installing: /home/sun/Desktop/unitree_ros2/unitree_ros2/unitree_legged_msgs/install/unitree_legged_msgs/share/unitree_legged_msgs/cmake/unitree_legged_msgs__rosidl_typesupport_introspection_cExport.cmake
-- Installing: /home/sun/Desktop/unitree_ros2/unitree_ros2/unitree_legged_msgs/install/unitree_legged_msgs/share/unitree_legged_msgs/cmake/unitree_legged_msgs__rosidl_typesupport_introspection_cExport-noconfig.cmake
-- Installing: /home/sun/Desktop/unitree_ros2/unitree_ros2/unitree_legged_msgs/install/unitree_legged_msgs/share/unitree_legged_msgs/cmake/unitree_legged_msgs__rosidl_typesupport_cExport.cmake
-- Installing: /home/sun/Desktop/unitree_ros2/unitree_ros2/unitree_legged_msgs/install/unitree_legged_msgs/share/unitree_legged_msgs/cmake/unitree_legged_msgs__rosidl_typesupport_cExport-noconfig.cmake
-- Installing: /home/sun/Desktop/unitree_ros2/unitree_ros2/unitree_legged_msgs/install/unitree_legged_msgs/share/unitree_legged_msgs/cmake/unitree_legged_msgs__rosidl_generator_cppExport.cmake
-- Installing: /home/sun/Desktop/unitree_ros2/unitree_ros2/unitree_legged_msgs/install/unitree_legged_msgs/share/unitree_legged_msgs/cmake/unitree_legged_msgs__rosidl_typesupport_introspection_cppExport.cmake
-- Installing: /home/sun/Desktop/unitree_ros2/unitree_ros2/unitree_legged_msgs/install/unitree_legged_msgs/share/unitree_legged_msgs/cmake/unitree_legged_msgs__rosidl_typesupport_introspection_cppExport-noconfig.cmake
-- Installing: /home/sun/Desktop/unitree_ros2/unitree_ros2/unitree_legged_msgs/install/unitree_legged_msgs/share/unitree_legged_msgs/cmake/unitree_legged_msgs__rosidl_typesupport_cppExport.cmake
-- Installing: /home/sun/Desktop/unitree_ros2/unitree_ros2/unitree_legged_msgs/install/unitree_legged_msgs/share/unitree_legged_msgs/cmake/unitree_legged_msgs__rosidl_typesupport_cppExport-noconfig.cmake
-- Installing: /home/sun/Desktop/unitree_ros2/unitree_ros2/unitree_legged_msgs/install/unitree_legged_msgs/share/unitree_legged_msgs/cmake/rosidl_cmake-extras.cmake
-- Installing: /home/sun/Desktop/unitree_ros2/unitree_ros2/unitree_legged_msgs/install/unitree_legged_msgs/share/unitree_legged_msgs/cmake/ament_cmake_export_dependencies-extras.cmake
-- Installing: /home/sun/Desktop/unitree_ros2/unitree_ros2/unitree_legged_msgs/install/unitree_legged_msgs/share/unitree_legged_msgs/cmake/ament_cmake_export_libraries-extras.cmake
-- Installing: /home/sun/Desktop/unitree_ros2/unitree_ros2/unitree_legged_msgs/install/unitree_legged_msgs/share/unitree_legged_msgs/cmake/ament_cmake_export_targets-extras.cmake
-- Installing: /home/sun/Desktop/unitree_ros2/unitree_ros2/unitree_legged_msgs/install/unitree_legged_msgs/share/unitree_legged_msgs/cmake/ament_cmake_export_include_directories-extras.cmake
-- Installing: /home/sun/Desktop/unitree_ros2/unitree_ros2/unitree_legged_msgs/install/unitree_legged_msgs/share/unitree_legged_msgs/cmake/rosidl_cmake_export_typesupport_libraries-extras.cmake
-- Installing: /home/sun/Desktop/unitree_ros2/unitree_ros2/unitree_legged_msgs/install/unitree_legged_msgs/share/unitree_legged_msgs/cmake/rosidl_cmake_export_typesupport_targets-extras.cmake
-- Installing: /home/sun/Desktop/unitree_ros2/unitree_ros2/unitree_legged_msgs/install/unitree_legged_msgs/share/unitree_legged_msgs/cmake/unitree_legged_msgsConfig.cmake
-- Installing: /home/sun/Desktop/unitree_ros2/unitree_ros2/unitree_legged_msgs/install/unitree_legged_msgs/share/unitree_legged_msgs/cmake/unitree_legged_msgsConfig-version.cmake
-- Installing: /home/sun/Desktop/unitree_ros2/unitree_ros2/unitree_legged_msgs/install/unitree_legged_msgs/share/unitree_legged_msgs/package.xml
