[0.017s] Invoking command in '/home/sun/Desktop/unitree_ros2/unitree_ros2/unitree_legged_msgs/build/unitree_legged_msgs': CMAKE_PREFIX_PATH=${CMAKE_PREFIX_PATH}:/home/sun/turtlebot3_ws/install/turtlebot3_teleop:/home/sun/turtlebot3_ws/install/turtlebot3_example:/home/sun/navigation2/src/install/opencv_tests:/home/sun/navigation2/src/install/nav2_gazebo_spawner:/opt/ros/foxy /usr/bin/cmake /home/sun/Desktop/unitree_ros2/unitree_ros2/unitree_legged_msgs -DCMAKE_INSTALL_PREFIX=/home/sun/Desktop/unitree_ros2/unitree_ros2/unitree_legged_msgs/install/unitree_legged_msgs
[0.088s] -- The C compiler identification is GNU 9.3.0
[0.152s] -- The CXX compiler identification is GNU 9.3.0
[0.159s] -- Check for working C compiler: /usr/bin/cc
[0.229s] -- Check for working C compiler: /usr/bin/cc -- works
[0.230s] -- Detecting C compiler ABI info
[0.300s] -- Detecting C compiler ABI info - done
[0.310s] -- Detecting C compile features
[0.311s] -- Detecting C compile features - done
[0.313s] -- Check for working CXX compiler: /usr/bin/c++
[0.393s] -- Check for working CXX compiler: /usr/bin/c++ -- works
[0.394s] -- Detecting CXX compiler ABI info
[0.478s] -- Detecting CXX compiler ABI info - done
[0.488s] -- Detecting CXX compile features
[0.488s] -- Detecting CXX compile features - done
[0.494s] -- Found ament_cmake: 0.9.6 (/opt/ros/foxy/share/ament_cmake/cmake)
[0.533s] -- Found PythonInterp: /usr/bin/python3 (found suitable version "3.8.5", minimum required is "3") 
[0.533s] -- Using PYTHON_EXECUTABLE: /usr/bin/python3
[0.764s] -- Found rosidl_default_generators: 1.0.0 (/opt/ros/foxy/share/rosidl_default_generators/cmake)
[0.781s] -- Using all available rosidl_typesupport_c: rosidl_typesupport_fastrtps_c;rosidl_typesupport_introspection_c
[0.797s] -- Found rosidl_adapter: 1.1.0 (/opt/ros/foxy/share/rosidl_adapter/cmake)
[0.938s] -- Found OpenSSL: /usr/lib/x86_64-linux-gnu/libcrypto.so (found version "1.1.1f")  
[0.976s] -- Found FastRTPS: /opt/ros/foxy/include  
[1.090s] -- Using all available rosidl_typesupport_cpp: rosidl_typesupport_fastrtps_cpp;rosidl_typesupport_introspection_cpp
[1.157s] -- Found PythonInterp: /usr/bin/python3 (found version "3.8.5") 
[1.335s] -- Found ament_cmake_ros: 0.9.0 (/opt/ros/foxy/share/ament_cmake_ros/cmake)
[1.464s] -- Using all available rosidl_typesupport_c: rosidl_typesupport_fastrtps_c;rosidl_typesupport_introspection_c
[1.479s] -- Using all available rosidl_typesupport_cpp: rosidl_typesupport_fastrtps_cpp;rosidl_typesupport_introspection_cpp
[1.514s] -- Found PythonInterp: /usr/bin/python3 (found suitable version "3.8.5", minimum required is "3.5") 
[1.519s] -- Found python_cmake_module: 0.8.0 (/opt/ros/foxy/share/python_cmake_module/cmake)
[1.560s] -- Found PythonLibs: /usr/lib/x86_64-linux-gnu/libpython3.8.so (found suitable version "3.8.5", minimum required is "3.5") 
[1.560s] -- Using PYTHON_EXECUTABLE: /usr/bin/python3
[1.560s] -- Using PYTHON_INCLUDE_DIRS: /usr/include/python3.8
[1.560s] -- Using PYTHON_LIBRARIES: /usr/lib/x86_64-linux-gnu/libpython3.8.so
[1.591s] -- Found PythonExtra: .so  
[1.667s] -- Configuring done
[1.714s] -- Generating done
[1.717s] -- Build files have been written to: /home/sun/Desktop/unitree_ros2/unitree_ros2/unitree_legged_msgs/build/unitree_legged_msgs
[1.723s] Invoked command in '/home/sun/Desktop/unitree_ros2/unitree_ros2/unitree_legged_msgs/build/unitree_legged_msgs' returned '0': CMAKE_PREFIX_PATH=${CMAKE_PREFIX_PATH}:/home/sun/turtlebot3_ws/install/turtlebot3_teleop:/home/sun/turtlebot3_ws/install/turtlebot3_example:/home/sun/navigation2/src/install/opencv_tests:/home/sun/navigation2/src/install/nav2_gazebo_spawner:/opt/ros/foxy /usr/bin/cmake /home/sun/Desktop/unitree_ros2/unitree_ros2/unitree_legged_msgs -DCMAKE_INSTALL_PREFIX=/home/sun/Desktop/unitree_ros2/unitree_ros2/unitree_legged_msgs/install/unitree_legged_msgs
[1.726s] Invoking command in '/home/sun/Desktop/unitree_ros2/unitree_ros2/unitree_legged_msgs/build/unitree_legged_msgs': CMAKE_PREFIX_PATH=${CMAKE_PREFIX_PATH}:/home/sun/turtlebot3_ws/install/turtlebot3_teleop:/home/sun/turtlebot3_ws/install/turtlebot3_example:/home/sun/navigation2/src/install/opencv_tests:/home/sun/navigation2/src/install/nav2_gazebo_spawner:/opt/ros/foxy /usr/bin/cmake --build /home/sun/Desktop/unitree_ros2/unitree_ros2/unitree_legged_msgs/build/unitree_legged_msgs -- -j6 -l6
[1.781s] [  1%] [34m[1mGenerating C code for ROS interfaces[0m
[1.781s] [35m[1mScanning dependencies of target unitree_legged_msgs__cpp[0m
[1.796s] [  1%] [34m[1mGenerating C++ code for ROS interfaces[0m
[3.183s] [  1%] Built target unitree_legged_msgs__cpp
[3.188s] [35m[1mScanning dependencies of target unitree_legged_msgs__rosidl_generator_c[0m
[3.198s] [  2%] [34m[1mGenerating C++ type support for eProsima Fast-RTPS[0m
[3.198s] [  3%] [34m[1mGenerating C++ introspection for ROS interfaces[0m
[3.202s] [  4%] [34m[1mGenerating C++ type support dispatch for ROS interfaces[0m
[3.211s] [  5%] [32mBuilding C object CMakeFiles/unitree_legged_msgs__rosidl_generator_c.dir/rosidl_generator_c/unitree_legged_msgs/msg/detail/high_cmd__functions.c.o[0m
[3.230s] [  6%] [32mBuilding C object CMakeFiles/unitree_legged_msgs__rosidl_generator_c.dir/rosidl_generator_c/unitree_legged_msgs/msg/detail/high_state__functions.c.o[0m
[3.230s] [  7%] [32mBuilding C object CMakeFiles/unitree_legged_msgs__rosidl_generator_c.dir/rosidl_generator_c/unitree_legged_msgs/msg/detail/cartesian__functions.c.o[0m
[3.259s] [  8%] [32mBuilding C object CMakeFiles/unitree_legged_msgs__rosidl_generator_c.dir/rosidl_generator_c/unitree_legged_msgs/msg/detail/imu__functions.c.o[0m
[3.289s] [  9%] [32mBuilding C object CMakeFiles/unitree_legged_msgs__rosidl_generator_c.dir/rosidl_generator_c/unitree_legged_msgs/msg/detail/led__functions.c.o[0m
[3.324s] [ 10%] [32mBuilding C object CMakeFiles/unitree_legged_msgs__rosidl_generator_c.dir/rosidl_generator_c/unitree_legged_msgs/msg/detail/low_cmd__functions.c.o[0m
[3.329s] [ 11%] [32mBuilding C object CMakeFiles/unitree_legged_msgs__rosidl_generator_c.dir/rosidl_generator_c/unitree_legged_msgs/msg/detail/low_state__functions.c.o[0m
[3.371s] [ 12%] [32mBuilding C object CMakeFiles/unitree_legged_msgs__rosidl_generator_c.dir/rosidl_generator_c/unitree_legged_msgs/msg/detail/motor_cmd__functions.c.o[0m
[3.411s] [ 13%] [32mBuilding C object CMakeFiles/unitree_legged_msgs__rosidl_generator_c.dir/rosidl_generator_c/unitree_legged_msgs/msg/detail/motor_state__functions.c.o[0m
[3.425s] [ 14%] [32mBuilding C object CMakeFiles/unitree_legged_msgs__rosidl_generator_c.dir/rosidl_generator_c/unitree_legged_msgs/msg/detail/walk__functions.c.o[0m
[3.495s] [ 15%] [32m[1mLinking C shared library libunitree_legged_msgs__rosidl_generator_c.so[0m
[3.575s] [ 15%] Built target unitree_legged_msgs__rosidl_generator_c
[3.609s] [ 16%] [34m[1mGenerating C type support dispatch for ROS interfaces[0m
[3.609s] [ 17%] [34m[1mGenerating C introspection for ROS interfaces[0m
[4.497s] [35m[1mScanning dependencies of target unitree_legged_msgs__rosidl_typesupport_cpp[0m
[4.520s] [ 18%] [32mBuilding CXX object CMakeFiles/unitree_legged_msgs__rosidl_typesupport_cpp.dir/rosidl_typesupport_cpp/unitree_legged_msgs/msg/high_cmd__type_support.cpp.o[0m
[4.549s] [ 19%] [32mBuilding CXX object CMakeFiles/unitree_legged_msgs__rosidl_typesupport_cpp.dir/rosidl_typesupport_cpp/unitree_legged_msgs/msg/cartesian__type_support.cpp.o[0m
[4.810s] [35m[1mScanning dependencies of target unitree_legged_msgs__rosidl_typesupport_introspection_cpp[0m
[4.882s] [ 20%] [32mBuilding CXX object CMakeFiles/unitree_legged_msgs__rosidl_typesupport_introspection_cpp.dir/rosidl_typesupport_introspection_cpp/unitree_legged_msgs/msg/detail/high_cmd__type_support.cpp.o[0m
[4.968s] [ 21%] [32mBuilding CXX object CMakeFiles/unitree_legged_msgs__rosidl_typesupport_cpp.dir/rosidl_typesupport_cpp/unitree_legged_msgs/msg/high_state__type_support.cpp.o[0m
[4.974s] [ 22%] [32mBuilding CXX object CMakeFiles/unitree_legged_msgs__rosidl_typesupport_cpp.dir/rosidl_typesupport_cpp/unitree_legged_msgs/msg/imu__type_support.cpp.o[0m
[5.070s] [35m[1mScanning dependencies of target unitree_legged_msgs__rosidl_typesupport_fastrtps_cpp[0m
[5.133s] [ 23%] [32mBuilding CXX object CMakeFiles/unitree_legged_msgs__rosidl_typesupport_fastrtps_cpp.dir/rosidl_typesupport_fastrtps_cpp/unitree_legged_msgs/msg/detail/dds_fastrtps/high_cmd__type_support.cpp.o[0m
[5.137s] [35m[1mScanning dependencies of target unitree_legged_msgs__rosidl_typesupport_c[0m
[5.186s] [ 24%] [32mBuilding CXX object CMakeFiles/unitree_legged_msgs__rosidl_typesupport_c.dir/rosidl_typesupport_c/unitree_legged_msgs/msg/high_cmd__type_support.cpp.o[0m
[5.206s] [ 25%] [32mBuilding CXX object CMakeFiles/unitree_legged_msgs__rosidl_typesupport_c.dir/rosidl_typesupport_c/unitree_legged_msgs/msg/cartesian__type_support.cpp.o[0m
[5.290s] [ 26%] [32mBuilding CXX object CMakeFiles/unitree_legged_msgs__rosidl_typesupport_c.dir/rosidl_typesupport_c/unitree_legged_msgs/msg/high_state__type_support.cpp.o[0m
[5.326s] [ 27%] [32mBuilding CXX object CMakeFiles/unitree_legged_msgs__rosidl_typesupport_c.dir/rosidl_typesupport_c/unitree_legged_msgs/msg/imu__type_support.cpp.o[0m
[5.373s] [ 28%] [32mBuilding CXX object CMakeFiles/unitree_legged_msgs__rosidl_typesupport_fastrtps_cpp.dir/rosidl_typesupport_fastrtps_cpp/unitree_legged_msgs/msg/detail/dds_fastrtps/cartesian__type_support.cpp.o[0m
[5.437s] [ 29%] [32mBuilding CXX object CMakeFiles/unitree_legged_msgs__rosidl_typesupport_c.dir/rosidl_typesupport_c/unitree_legged_msgs/msg/led__type_support.cpp.o[0m
[5.445s] [ 30%] [32mBuilding CXX object CMakeFiles/unitree_legged_msgs__rosidl_typesupport_cpp.dir/rosidl_typesupport_cpp/unitree_legged_msgs/msg/led__type_support.cpp.o[0m
[5.460s] [ 31%] [32mBuilding CXX object CMakeFiles/unitree_legged_msgs__rosidl_typesupport_introspection_cpp.dir/rosidl_typesupport_introspection_cpp/unitree_legged_msgs/msg/detail/cartesian__type_support.cpp.o[0m
[5.509s] [ 32%] [32mBuilding CXX object CMakeFiles/unitree_legged_msgs__rosidl_typesupport_c.dir/rosidl_typesupport_c/unitree_legged_msgs/msg/low_cmd__type_support.cpp.o[0m
[5.606s] [ 33%] [32mBuilding CXX object CMakeFiles/unitree_legged_msgs__rosidl_typesupport_c.dir/rosidl_typesupport_c/unitree_legged_msgs/msg/low_state__type_support.cpp.o[0m
[5.659s] [ 34%] [32mBuilding CXX object CMakeFiles/unitree_legged_msgs__rosidl_typesupport_c.dir/rosidl_typesupport_c/unitree_legged_msgs/msg/motor_cmd__type_support.cpp.o[0m
[5.680s] [ 34%] [32mBuilding CXX object CMakeFiles/unitree_legged_msgs__rosidl_typesupport_c.dir/rosidl_typesupport_c/unitree_legged_msgs/msg/motor_state__type_support.cpp.o[0m
[5.743s] [ 35%] [32mBuilding CXX object CMakeFiles/unitree_legged_msgs__rosidl_typesupport_c.dir/rosidl_typesupport_c/unitree_legged_msgs/msg/walk__type_support.cpp.o[0m
[5.751s] [ 35%] [32mBuilding CXX object CMakeFiles/unitree_legged_msgs__rosidl_typesupport_fastrtps_cpp.dir/rosidl_typesupport_fastrtps_cpp/unitree_legged_msgs/msg/detail/dds_fastrtps/high_state__type_support.cpp.o[0m
[5.765s] [35m[1mScanning dependencies of target unitree_legged_msgs__rosidl_typesupport_introspection_c[0m
[5.783s] [ 36%] [32mBuilding CXX object CMakeFiles/unitree_legged_msgs__rosidl_typesupport_introspection_cpp.dir/rosidl_typesupport_introspection_cpp/unitree_legged_msgs/msg/detail/high_state__type_support.cpp.o[0m
[5.806s] [ 37%] [32mBuilding C object CMakeFiles/unitree_legged_msgs__rosidl_typesupport_introspection_c.dir/rosidl_typesupport_introspection_c/unitree_legged_msgs/msg/detail/high_cmd__type_support.c.o[0m
[5.866s] [ 38%] [32m[1mLinking CXX shared library libunitree_legged_msgs__rosidl_typesupport_c.so[0m
[5.867s] [ 39%] [32mBuilding CXX object CMakeFiles/unitree_legged_msgs__rosidl_typesupport_cpp.dir/rosidl_typesupport_cpp/unitree_legged_msgs/msg/low_cmd__type_support.cpp.o[0m
[5.878s] [ 41%] [32mBuilding C object CMakeFiles/unitree_legged_msgs__rosidl_typesupport_introspection_c.dir/rosidl_typesupport_introspection_c/unitree_legged_msgs/msg/detail/cartesian__type_support.c.o[0m
[5.878s] [ 41%] [32mBuilding CXX object CMakeFiles/unitree_legged_msgs__rosidl_typesupport_fastrtps_cpp.dir/rosidl_typesupport_fastrtps_cpp/unitree_legged_msgs/msg/detail/dds_fastrtps/imu__type_support.cpp.o[0m
[5.905s] [ 42%] [32mBuilding C object CMakeFiles/unitree_legged_msgs__rosidl_typesupport_introspection_c.dir/rosidl_typesupport_introspection_c/unitree_legged_msgs/msg/detail/high_state__type_support.c.o[0m
[5.947s] [ 42%] Built target unitree_legged_msgs__rosidl_typesupport_c
[5.962s] [ 43%] [32mBuilding C object CMakeFiles/unitree_legged_msgs__rosidl_typesupport_introspection_c.dir/rosidl_typesupport_introspection_c/unitree_legged_msgs/msg/detail/imu__type_support.c.o[0m
[5.983s] [ 44%] [32mBuilding CXX object CMakeFiles/unitree_legged_msgs__rosidl_typesupport_cpp.dir/rosidl_typesupport_cpp/unitree_legged_msgs/msg/low_state__type_support.cpp.o[0m
[6.025s] [ 45%] [32mBuilding C object CMakeFiles/unitree_legged_msgs__rosidl_typesupport_introspection_c.dir/rosidl_typesupport_introspection_c/unitree_legged_msgs/msg/detail/led__type_support.c.o[0m
[6.149s] [ 46%] [32mBuilding C object CMakeFiles/unitree_legged_msgs__rosidl_typesupport_introspection_c.dir/rosidl_typesupport_introspection_c/unitree_legged_msgs/msg/detail/low_cmd__type_support.c.o[0m
[6.246s] [ 47%] [32mBuilding C object CMakeFiles/unitree_legged_msgs__rosidl_typesupport_introspection_c.dir/rosidl_typesupport_introspection_c/unitree_legged_msgs/msg/detail/low_state__type_support.c.o[0m
[6.266s] [ 48%] [32mBuilding CXX object CMakeFiles/unitree_legged_msgs__rosidl_typesupport_fastrtps_cpp.dir/rosidl_typesupport_fastrtps_cpp/unitree_legged_msgs/msg/detail/dds_fastrtps/led__type_support.cpp.o[0m
[6.330s] [ 49%] [32mBuilding C object CMakeFiles/unitree_legged_msgs__rosidl_typesupport_introspection_c.dir/rosidl_typesupport_introspection_c/unitree_legged_msgs/msg/detail/motor_cmd__type_support.c.o[0m
[6.350s] [ 50%] [32mBuilding CXX object CMakeFiles/unitree_legged_msgs__rosidl_typesupport_fastrtps_cpp.dir/rosidl_typesupport_fastrtps_cpp/unitree_legged_msgs/msg/detail/dds_fastrtps/low_state__type_support.cpp.o[0m
[6.375s] [ 51%] [32mBuilding CXX object CMakeFiles/unitree_legged_msgs__rosidl_typesupport_fastrtps_cpp.dir/rosidl_typesupport_fastrtps_cpp/unitree_legged_msgs/msg/detail/dds_fastrtps/low_cmd__type_support.cpp.o[0m
[6.375s] [ 52%] [32mBuilding CXX object CMakeFiles/unitree_legged_msgs__rosidl_typesupport_introspection_cpp.dir/rosidl_typesupport_introspection_cpp/unitree_legged_msgs/msg/detail/imu__type_support.cpp.o[0m
[6.386s] [ 53%] [32mBuilding C object CMakeFiles/unitree_legged_msgs__rosidl_typesupport_introspection_c.dir/rosidl_typesupport_introspection_c/unitree_legged_msgs/msg/detail/motor_state__type_support.c.o[0m
[6.427s] [ 54%] [32mBuilding CXX object CMakeFiles/unitree_legged_msgs__rosidl_typesupport_cpp.dir/rosidl_typesupport_cpp/unitree_legged_msgs/msg/motor_cmd__type_support.cpp.o[0m
[6.441s] [ 55%] [32mBuilding C object CMakeFiles/unitree_legged_msgs__rosidl_typesupport_introspection_c.dir/rosidl_typesupport_introspection_c/unitree_legged_msgs/msg/detail/walk__type_support.c.o[0m
[6.510s] [ 56%] [32m[1mLinking C shared library libunitree_legged_msgs__rosidl_typesupport_introspection_c.so[0m
[6.563s] [ 56%] Built target unitree_legged_msgs__rosidl_typesupport_introspection_c
[6.576s] [ 57%] [32mBuilding CXX object CMakeFiles/unitree_legged_msgs__rosidl_typesupport_cpp.dir/rosidl_typesupport_cpp/unitree_legged_msgs/msg/motor_state__type_support.cpp.o[0m
[6.804s] [ 58%] [32mBuilding CXX object CMakeFiles/unitree_legged_msgs__rosidl_typesupport_cpp.dir/rosidl_typesupport_cpp/unitree_legged_msgs/msg/walk__type_support.cpp.o[0m
[6.841s] [ 59%] [32mBuilding CXX object CMakeFiles/unitree_legged_msgs__rosidl_typesupport_fastrtps_cpp.dir/rosidl_typesupport_fastrtps_cpp/unitree_legged_msgs/msg/detail/dds_fastrtps/motor_cmd__type_support.cpp.o[0m
[6.920s] [ 60%] [32mBuilding CXX object CMakeFiles/unitree_legged_msgs__rosidl_typesupport_fastrtps_cpp.dir/rosidl_typesupport_fastrtps_cpp/unitree_legged_msgs/msg/detail/dds_fastrtps/motor_state__type_support.cpp.o[0m
[6.946s] [ 61%] [32mBuilding CXX object CMakeFiles/unitree_legged_msgs__rosidl_typesupport_fastrtps_cpp.dir/rosidl_typesupport_fastrtps_cpp/unitree_legged_msgs/msg/detail/dds_fastrtps/walk__type_support.cpp.o[0m
[6.991s] [ 62%] [32mBuilding CXX object CMakeFiles/unitree_legged_msgs__rosidl_typesupport_introspection_cpp.dir/rosidl_typesupport_introspection_cpp/unitree_legged_msgs/msg/detail/led__type_support.cpp.o[0m
[7.017s] [ 63%] [32mBuilding CXX object CMakeFiles/unitree_legged_msgs__rosidl_typesupport_introspection_cpp.dir/rosidl_typesupport_introspection_cpp/unitree_legged_msgs/msg/detail/low_cmd__type_support.cpp.o[0m
[7.177s] [ 64%] [32m[1mLinking CXX shared library libunitree_legged_msgs__rosidl_typesupport_cpp.so[0m
[7.302s] [ 64%] Built target unitree_legged_msgs__rosidl_typesupport_cpp
[7.326s] [ 65%] [32mBuilding CXX object CMakeFiles/unitree_legged_msgs__rosidl_typesupport_introspection_cpp.dir/rosidl_typesupport_introspection_cpp/unitree_legged_msgs/msg/detail/low_state__type_support.cpp.o[0m
[7.339s] [ 66%] [32mBuilding CXX object CMakeFiles/unitree_legged_msgs__rosidl_typesupport_introspection_cpp.dir/rosidl_typesupport_introspection_cpp/unitree_legged_msgs/msg/detail/motor_cmd__type_support.cpp.o[0m
[7.341s] [ 67%] [32mBuilding CXX object CMakeFiles/unitree_legged_msgs__rosidl_typesupport_introspection_cpp.dir/rosidl_typesupport_introspection_cpp/unitree_legged_msgs/msg/detail/motor_state__type_support.cpp.o[0m
[7.476s] [ 68%] [32mBuilding CXX object CMakeFiles/unitree_legged_msgs__rosidl_typesupport_introspection_cpp.dir/rosidl_typesupport_introspection_cpp/unitree_legged_msgs/msg/detail/walk__type_support.cpp.o[0m
[7.699s] [ 69%] [32m[1mLinking CXX shared library libunitree_legged_msgs__rosidl_typesupport_fastrtps_cpp.so[0m
[7.796s] [ 70%] [32m[1mLinking CXX shared library libunitree_legged_msgs__rosidl_typesupport_introspection_cpp.so[0m
[7.801s] [ 70%] Built target unitree_legged_msgs__rosidl_typesupport_fastrtps_cpp
[7.815s] [ 71%] [34m[1mGenerating C type support for eProsima Fast-RTPS[0m
[7.884s] [ 71%] Built target unitree_legged_msgs__rosidl_typesupport_introspection_cpp
[8.974s] [35m[1mScanning dependencies of target unitree_legged_msgs__rosidl_typesupport_fastrtps_c[0m
[8.998s] [ 74%] [32mBuilding CXX object CMakeFiles/unitree_legged_msgs__rosidl_typesupport_fastrtps_c.dir/rosidl_typesupport_fastrtps_c/unitree_legged_msgs/msg/detail/led__type_support_c.cpp.o[0m
[8.999s] [ 74%] [32mBuilding CXX object CMakeFiles/unitree_legged_msgs__rosidl_typesupport_fastrtps_c.dir/rosidl_typesupport_fastrtps_c/unitree_legged_msgs/msg/detail/imu__type_support_c.cpp.o[0m
[8.999s] [ 74%] [32mBuilding CXX object CMakeFiles/unitree_legged_msgs__rosidl_typesupport_fastrtps_c.dir/rosidl_typesupport_fastrtps_c/unitree_legged_msgs/msg/detail/cartesian__type_support_c.cpp.o[0m
[8.999s] [ 75%] [32mBuilding CXX object CMakeFiles/unitree_legged_msgs__rosidl_typesupport_fastrtps_c.dir/rosidl_typesupport_fastrtps_c/unitree_legged_msgs/msg/detail/low_cmd__type_support_c.cpp.o[0m
[9.000s] [ 76%] [32mBuilding CXX object CMakeFiles/unitree_legged_msgs__rosidl_typesupport_fastrtps_c.dir/rosidl_typesupport_fastrtps_c/unitree_legged_msgs/msg/detail/high_state__type_support_c.cpp.o[0m
[9.012s] [ 77%] [32mBuilding CXX object CMakeFiles/unitree_legged_msgs__rosidl_typesupport_fastrtps_c.dir/rosidl_typesupport_fastrtps_c/unitree_legged_msgs/msg/detail/high_cmd__type_support_c.cpp.o[0m
[9.343s] [ 78%] [32mBuilding CXX object CMakeFiles/unitree_legged_msgs__rosidl_typesupport_fastrtps_c.dir/rosidl_typesupport_fastrtps_c/unitree_legged_msgs/msg/detail/low_state__type_support_c.cpp.o[0m
[9.346s] [ 79%] [32mBuilding CXX object CMakeFiles/unitree_legged_msgs__rosidl_typesupport_fastrtps_c.dir/rosidl_typesupport_fastrtps_c/unitree_legged_msgs/msg/detail/motor_cmd__type_support_c.cpp.o[0m
[9.366s] [ 80%] [32mBuilding CXX object CMakeFiles/unitree_legged_msgs__rosidl_typesupport_fastrtps_c.dir/rosidl_typesupport_fastrtps_c/unitree_legged_msgs/msg/detail/motor_state__type_support_c.cpp.o[0m
[9.429s] [ 81%] [32mBuilding CXX object CMakeFiles/unitree_legged_msgs__rosidl_typesupport_fastrtps_c.dir/rosidl_typesupport_fastrtps_c/unitree_legged_msgs/msg/detail/walk__type_support_c.cpp.o[0m
[9.758s] [ 82%] [32m[1mLinking CXX shared library libunitree_legged_msgs__rosidl_typesupport_fastrtps_c.so[0m
[9.841s] [ 82%] Built target unitree_legged_msgs__rosidl_typesupport_fastrtps_c
[9.855s] [35m[1mScanning dependencies of target unitree_legged_msgs[0m
[9.870s] [ 82%] Built target unitree_legged_msgs
[9.885s] [35m[1mScanning dependencies of target unitree_legged_msgs__py[0m
[9.901s] [ 83%] [34m[1mGenerating Python code for ROS interfaces[0m
[12.099s] [ 83%] Built target unitree_legged_msgs__py
[12.111s] [35m[1mScanning dependencies of target unitree_legged_msgs__python[0m
[12.148s] [ 85%] [32mBuilding C object CMakeFiles/unitree_legged_msgs__python.dir/rosidl_generator_py/unitree_legged_msgs/msg/_high_cmd_s.c.o[0m
[12.148s] [ 85%] [32mBuilding C object CMakeFiles/unitree_legged_msgs__python.dir/rosidl_generator_py/unitree_legged_msgs/msg/_imu_s.c.o[0m
[12.149s] [ 86%] [32mBuilding C object CMakeFiles/unitree_legged_msgs__python.dir/rosidl_generator_py/unitree_legged_msgs/msg/_led_s.c.o[0m
[12.150s] [ 87%] [32mBuilding C object CMakeFiles/unitree_legged_msgs__python.dir/rosidl_generator_py/unitree_legged_msgs/msg/_low_cmd_s.c.o[0m
[12.151s] [ 88%] [32mBuilding C object CMakeFiles/unitree_legged_msgs__python.dir/rosidl_generator_py/unitree_legged_msgs/msg/_high_state_s.c.o[0m
[12.155s] [ 89%] [32mBuilding C object CMakeFiles/unitree_legged_msgs__python.dir/rosidl_generator_py/unitree_legged_msgs/msg/_cartesian_s.c.o[0m
[12.250s] [ 90%] [32mBuilding C object CMakeFiles/unitree_legged_msgs__python.dir/rosidl_generator_py/unitree_legged_msgs/msg/_low_state_s.c.o[0m
[12.263s] [ 91%] [32mBuilding C object CMakeFiles/unitree_legged_msgs__python.dir/rosidl_generator_py/unitree_legged_msgs/msg/_motor_cmd_s.c.o[0m
[12.278s] [ 92%] [32mBuilding C object CMakeFiles/unitree_legged_msgs__python.dir/rosidl_generator_py/unitree_legged_msgs/msg/_motor_state_s.c.o[0m
[12.293s] [ 93%] [32mBuilding C object CMakeFiles/unitree_legged_msgs__python.dir/rosidl_generator_py/unitree_legged_msgs/msg/_walk_s.c.o[0m
[12.384s] [ 94%] [32m[1mLinking C shared library rosidl_generator_py/unitree_legged_msgs/libunitree_legged_msgs__python.so[0m
[12.426s] [ 94%] Built target unitree_legged_msgs__python
[12.440s] [35m[1mScanning dependencies of target unitree_legged_msgs__rosidl_typesupport_introspection_c__pyext[0m
[12.440s] [35m[1mScanning dependencies of target unitree_legged_msgs__rosidl_typesupport_c__pyext[0m
[12.440s] [35m[1mScanning dependencies of target unitree_legged_msgs__rosidl_typesupport_fastrtps_c__pyext[0m
[12.463s] [ 96%] [32mBuilding C object CMakeFiles/unitree_legged_msgs__rosidl_typesupport_fastrtps_c__pyext.dir/rosidl_generator_py/unitree_legged_msgs/_unitree_legged_msgs_s.ep.rosidl_typesupport_fastrtps_c.c.o[0m
[12.463s] [ 96%] [32mBuilding C object CMakeFiles/unitree_legged_msgs__rosidl_typesupport_c__pyext.dir/rosidl_generator_py/unitree_legged_msgs/_unitree_legged_msgs_s.ep.rosidl_typesupport_c.c.o[0m
[12.463s] [ 97%] [32mBuilding C object CMakeFiles/unitree_legged_msgs__rosidl_typesupport_introspection_c__pyext.dir/rosidl_generator_py/unitree_legged_msgs/_unitree_legged_msgs_s.ep.rosidl_typesupport_introspection_c.c.o[0m
[12.567s] [ 99%] [32m[1mLinking C shared library rosidl_generator_py/unitree_legged_msgs/unitree_legged_msgs_s__rosidl_typesupport_introspection_c.cpython-38-x86_64-linux-gnu.so[0m
[12.567s] [ 99%] [32m[1mLinking C shared library rosidl_generator_py/unitree_legged_msgs/unitree_legged_msgs_s__rosidl_typesupport_c.cpython-38-x86_64-linux-gnu.so[0m
[12.571s] [100%] [32m[1mLinking CXX shared library rosidl_generator_py/unitree_legged_msgs/unitree_legged_msgs_s__rosidl_typesupport_fastrtps_c.cpython-38-x86_64-linux-gnu.so[0m
[12.610s] [100%] Built target unitree_legged_msgs__rosidl_typesupport_introspection_c__pyext
[12.610s] [100%] Built target unitree_legged_msgs__rosidl_typesupport_c__pyext
[12.638s] [100%] Built target unitree_legged_msgs__rosidl_typesupport_fastrtps_c__pyext
[12.654s] Invoked command in '/home/sun/Desktop/unitree_ros2/unitree_ros2/unitree_legged_msgs/build/unitree_legged_msgs' returned '0': CMAKE_PREFIX_PATH=${CMAKE_PREFIX_PATH}:/home/sun/turtlebot3_ws/install/turtlebot3_teleop:/home/sun/turtlebot3_ws/install/turtlebot3_example:/home/sun/navigation2/src/install/opencv_tests:/home/sun/navigation2/src/install/nav2_gazebo_spawner:/opt/ros/foxy /usr/bin/cmake --build /home/sun/Desktop/unitree_ros2/unitree_ros2/unitree_legged_msgs/build/unitree_legged_msgs -- -j6 -l6
[13.003s] Invoking command in '/home/sun/Desktop/unitree_ros2/unitree_ros2/unitree_legged_msgs/build/unitree_legged_msgs': CMAKE_PREFIX_PATH=${CMAKE_PREFIX_PATH}:/home/sun/turtlebot3_ws/install/turtlebot3_teleop:/home/sun/turtlebot3_ws/install/turtlebot3_example:/home/sun/navigation2/src/install/opencv_tests:/home/sun/navigation2/src/install/nav2_gazebo_spawner:/opt/ros/foxy /usr/bin/cmake --install /home/sun/Desktop/unitree_ros2/unitree_ros2/unitree_legged_msgs/build/unitree_legged_msgs
[13.015s] -- Install configuration: ""
[13.016s] -- Installing: /home/sun/Desktop/unitree_ros2/unitree_ros2/unitree_legged_msgs/install/unitree_legged_msgs/share/ament_index/resource_index/rosidl_interfaces/unitree_legged_msgs
[13.016s] -- Installing: /home/sun/Desktop/unitree_ros2/unitree_ros2/unitree_legged_msgs/install/unitree_legged_msgs/include/unitree_legged_msgs
[13.016s] -- Installing: /home/sun/Desktop/unitree_ros2/unitree_ros2/unitree_legged_msgs/install/unitree_legged_msgs/include/unitree_legged_msgs/msg
[13.016s] -- Installing: /home/sun/Desktop/unitree_ros2/unitree_ros2/unitree_legged_msgs/install/unitree_legged_msgs/include/unitree_legged_msgs/msg/imu.h
[13.016s] -- Installing: /home/sun/Desktop/unitree_ros2/unitree_ros2/unitree_legged_msgs/install/unitree_legged_msgs/include/unitree_legged_msgs/msg/detail
[13.016s] -- Installing: /home/sun/Desktop/unitree_ros2/unitree_ros2/unitree_legged_msgs/install/unitree_legged_msgs/include/unitree_legged_msgs/msg/detail/motor_cmd__functions.c
[13.017s] -- Installing: /home/sun/Desktop/unitree_ros2/unitree_ros2/unitree_legged_msgs/install/unitree_legged_msgs/include/unitree_legged_msgs/msg/detail/low_cmd__type_support.h
[13.017s] -- Installing: /home/sun/Desktop/unitree_ros2/unitree_ros2/unitree_legged_msgs/install/unitree_legged_msgs/include/unitree_legged_msgs/msg/detail/led__type_support.h
[13.017s] -- Installing: /home/sun/Desktop/unitree_ros2/unitree_ros2/unitree_legged_msgs/install/unitree_legged_msgs/include/unitree_legged_msgs/msg/detail/led__functions.c
[13.017s] -- Installing: /home/sun/Desktop/unitree_ros2/unitree_ros2/unitree_legged_msgs/install/unitree_legged_msgs/include/unitree_legged_msgs/msg/detail/low_state__functions.c
[13.017s] -- Installing: /home/sun/Desktop/unitree_ros2/unitree_ros2/unitree_legged_msgs/install/unitree_legged_msgs/include/unitree_legged_msgs/msg/detail/high_state__type_support.h
[13.018s] -- Installing: /home/sun/Desktop/unitree_ros2/unitree_ros2/unitree_legged_msgs/install/unitree_legged_msgs/include/unitree_legged_msgs/msg/detail/high_state__functions.c
[13.018s] -- Installing: /home/sun/Desktop/unitree_ros2/unitree_ros2/unitree_legged_msgs/install/unitree_legged_msgs/include/unitree_legged_msgs/msg/detail/imu__functions.h
[13.018s] -- Installing: /home/sun/Desktop/unitree_ros2/unitree_ros2/unitree_legged_msgs/install/unitree_legged_msgs/include/unitree_legged_msgs/msg/detail/motor_state__struct.h
[13.018s] -- Installing: /home/sun/Desktop/unitree_ros2/unitree_ros2/unitree_legged_msgs/install/unitree_legged_msgs/include/unitree_legged_msgs/msg/detail/low_cmd__functions.c
[13.018s] -- Installing: /home/sun/Desktop/unitree_ros2/unitree_ros2/unitree_legged_msgs/install/unitree_legged_msgs/include/unitree_legged_msgs/msg/detail/high_state__functions.h
[13.026s] -- Installing: /home/sun/Desktop/unitree_ros2/unitree_ros2/unitree_legged_msgs/install/unitree_legged_msgs/include/unitree_legged_msgs/msg/detail/cartesian__functions.h
[13.027s] -- Installing: /home/sun/Desktop/unitree_ros2/unitree_ros2/unitree_legged_msgs/install/unitree_legged_msgs/include/unitree_legged_msgs/msg/detail/high_state__struct.h
[13.027s] -- Installing: /home/sun/Desktop/unitree_ros2/unitree_ros2/unitree_legged_msgs/install/unitree_legged_msgs/include/unitree_legged_msgs/msg/detail/motor_cmd__functions.h
[13.027s] -- Installing: /home/sun/Desktop/unitree_ros2/unitree_ros2/unitree_legged_msgs/install/unitree_legged_msgs/include/unitree_legged_msgs/msg/detail/low_cmd__functions.h
[13.027s] -- Installing: /home/sun/Desktop/unitree_ros2/unitree_ros2/unitree_legged_msgs/install/unitree_legged_msgs/include/unitree_legged_msgs/msg/detail/high_cmd__type_support.h
[13.027s] -- Installing: /home/sun/Desktop/unitree_ros2/unitree_ros2/unitree_legged_msgs/install/unitree_legged_msgs/include/unitree_legged_msgs/msg/detail/led__struct.h
[13.028s] -- Installing: /home/sun/Desktop/unitree_ros2/unitree_ros2/unitree_legged_msgs/install/unitree_legged_msgs/include/unitree_legged_msgs/msg/detail/high_cmd__functions.c
[13.028s] -- Installing: /home/sun/Desktop/unitree_ros2/unitree_ros2/unitree_legged_msgs/install/unitree_legged_msgs/include/unitree_legged_msgs/msg/detail/high_cmd__functions.h
[13.028s] -- Installing: /home/sun/Desktop/unitree_ros2/unitree_ros2/unitree_legged_msgs/install/unitree_legged_msgs/include/unitree_legged_msgs/msg/detail/cartesian__struct.h
[13.028s] -- Installing: /home/sun/Desktop/unitree_ros2/unitree_ros2/unitree_legged_msgs/install/unitree_legged_msgs/include/unitree_legged_msgs/msg/detail/walk__functions.h
[13.028s] -- Installing: /home/sun/Desktop/unitree_ros2/unitree_ros2/unitree_legged_msgs/install/unitree_legged_msgs/include/unitree_legged_msgs/msg/detail/cartesian__type_support.h
[13.028s] -- Installing: /home/sun/Desktop/unitree_ros2/unitree_ros2/unitree_legged_msgs/install/unitree_legged_msgs/include/unitree_legged_msgs/msg/detail/walk__functions.c
[13.029s] -- Installing: /home/sun/Desktop/unitree_ros2/unitree_ros2/unitree_legged_msgs/install/unitree_legged_msgs/include/unitree_legged_msgs/msg/detail/cartesian__functions.c
[13.029s] -- Installing: /home/sun/Desktop/unitree_ros2/unitree_ros2/unitree_legged_msgs/install/unitree_legged_msgs/include/unitree_legged_msgs/msg/detail/low_cmd__struct.h
[13.029s] -- Installing: /home/sun/Desktop/unitree_ros2/unitree_ros2/unitree_legged_msgs/install/unitree_legged_msgs/include/unitree_legged_msgs/msg/detail/led__functions.h
[13.029s] -- Installing: /home/sun/Desktop/unitree_ros2/unitree_ros2/unitree_legged_msgs/install/unitree_legged_msgs/include/unitree_legged_msgs/msg/detail/low_state__struct.h
[13.029s] -- Installing: /home/sun/Desktop/unitree_ros2/unitree_ros2/unitree_legged_msgs/install/unitree_legged_msgs/include/unitree_legged_msgs/msg/detail/motor_state__type_support.h
[13.030s] -- Installing: /home/sun/Desktop/unitree_ros2/unitree_ros2/unitree_legged_msgs/install/unitree_legged_msgs/include/unitree_legged_msgs/msg/detail/walk__struct.h
[13.030s] -- Installing: /home/sun/Desktop/unitree_ros2/unitree_ros2/unitree_legged_msgs/install/unitree_legged_msgs/include/unitree_legged_msgs/msg/detail/imu__type_support.h
[13.030s] -- Installing: /home/sun/Desktop/unitree_ros2/unitree_ros2/unitree_legged_msgs/install/unitree_legged_msgs/include/unitree_legged_msgs/msg/detail/motor_cmd__struct.h
[13.030s] -- Installing: /home/sun/Desktop/unitree_ros2/unitree_ros2/unitree_legged_msgs/install/unitree_legged_msgs/include/unitree_legged_msgs/msg/detail/imu__struct.h
[13.030s] -- Installing: /home/sun/Desktop/unitree_ros2/unitree_ros2/unitree_legged_msgs/install/unitree_legged_msgs/include/unitree_legged_msgs/msg/detail/motor_state__functions.c
[13.031s] -- Installing: /home/sun/Desktop/unitree_ros2/unitree_ros2/unitree_legged_msgs/install/unitree_legged_msgs/include/unitree_legged_msgs/msg/detail/high_cmd__struct.h
[13.031s] -- Installing: /home/sun/Desktop/unitree_ros2/unitree_ros2/unitree_legged_msgs/install/unitree_legged_msgs/include/unitree_legged_msgs/msg/detail/low_state__functions.h
[13.031s] -- Installing: /home/sun/Desktop/unitree_ros2/unitree_ros2/unitree_legged_msgs/install/unitree_legged_msgs/include/unitree_legged_msgs/msg/detail/motor_state__functions.h
[13.031s] -- Installing: /home/sun/Desktop/unitree_ros2/unitree_ros2/unitree_legged_msgs/install/unitree_legged_msgs/include/unitree_legged_msgs/msg/detail/walk__type_support.h
[13.031s] -- Installing: /home/sun/Desktop/unitree_ros2/unitree_ros2/unitree_legged_msgs/install/unitree_legged_msgs/include/unitree_legged_msgs/msg/detail/motor_cmd__type_support.h
[13.031s] -- Installing: /home/sun/Desktop/unitree_ros2/unitree_ros2/unitree_legged_msgs/install/unitree_legged_msgs/include/unitree_legged_msgs/msg/detail/low_state__type_support.h
[13.031s] -- Installing: /home/sun/Desktop/unitree_ros2/unitree_ros2/unitree_legged_msgs/install/unitree_legged_msgs/include/unitree_legged_msgs/msg/detail/imu__functions.c
[13.032s] -- Installing: /home/sun/Desktop/unitree_ros2/unitree_ros2/unitree_legged_msgs/install/unitree_legged_msgs/include/unitree_legged_msgs/msg/motor_cmd.h
[13.032s] -- Installing: /home/sun/Desktop/unitree_ros2/unitree_ros2/unitree_legged_msgs/install/unitree_legged_msgs/include/unitree_legged_msgs/msg/high_state.h
[13.032s] -- Installing: /home/sun/Desktop/unitree_ros2/unitree_ros2/unitree_legged_msgs/install/unitree_legged_msgs/include/unitree_legged_msgs/msg/rosidl_generator_c__visibility_control.h
[13.032s] -- Installing: /home/sun/Desktop/unitree_ros2/unitree_ros2/unitree_legged_msgs/install/unitree_legged_msgs/include/unitree_legged_msgs/msg/cartesian.h
[13.032s] -- Installing: /home/sun/Desktop/unitree_ros2/unitree_ros2/unitree_legged_msgs/install/unitree_legged_msgs/include/unitree_legged_msgs/msg/walk.h
[13.032s] -- Installing: /home/sun/Desktop/unitree_ros2/unitree_ros2/unitree_legged_msgs/install/unitree_legged_msgs/include/unitree_legged_msgs/msg/high_cmd.h
[13.032s] -- Installing: /home/sun/Desktop/unitree_ros2/unitree_ros2/unitree_legged_msgs/install/unitree_legged_msgs/include/unitree_legged_msgs/msg/low_state.h
[13.032s] -- Installing: /home/sun/Desktop/unitree_ros2/unitree_ros2/unitree_legged_msgs/install/unitree_legged_msgs/include/unitree_legged_msgs/msg/low_cmd.h
[13.032s] -- Installing: /home/sun/Desktop/unitree_ros2/unitree_ros2/unitree_legged_msgs/install/unitree_legged_msgs/include/unitree_legged_msgs/msg/led.h
[13.033s] -- Installing: /home/sun/Desktop/unitree_ros2/unitree_ros2/unitree_legged_msgs/install/unitree_legged_msgs/include/unitree_legged_msgs/msg/motor_state.h
[13.033s] -- Installing: /home/sun/Desktop/unitree_ros2/unitree_ros2/unitree_legged_msgs/install/unitree_legged_msgs/share/unitree_legged_msgs/environment/library_path.sh
[13.033s] -- Installing: /home/sun/Desktop/unitree_ros2/unitree_ros2/unitree_legged_msgs/install/unitree_legged_msgs/share/unitree_legged_msgs/environment/library_path.dsv
[13.033s] -- Installing: /home/sun/Desktop/unitree_ros2/unitree_ros2/unitree_legged_msgs/install/unitree_legged_msgs/lib/libunitree_legged_msgs__rosidl_generator_c.so
[13.033s] -- Set runtime path of "/home/sun/Desktop/unitree_ros2/unitree_ros2/unitree_legged_msgs/install/unitree_legged_msgs/lib/libunitree_legged_msgs__rosidl_generator_c.so" to ""
[13.033s] -- Up-to-date: /home/sun/Desktop/unitree_ros2/unitree_ros2/unitree_legged_msgs/install/unitree_legged_msgs/include/unitree_legged_msgs
[13.033s] -- Up-to-date: /home/sun/Desktop/unitree_ros2/unitree_ros2/unitree_legged_msgs/install/unitree_legged_msgs/include/unitree_legged_msgs/msg
[13.033s] -- Up-to-date: /home/sun/Desktop/unitree_ros2/unitree_ros2/unitree_legged_msgs/install/unitree_legged_msgs/include/unitree_legged_msgs/msg/detail
[13.033s] -- Installing: /home/sun/Desktop/unitree_ros2/unitree_ros2/unitree_legged_msgs/install/unitree_legged_msgs/include/unitree_legged_msgs/msg/detail/cartesian__rosidl_typesupport_fastrtps_c.h
[13.034s] -- Installing: /home/sun/Desktop/unitree_ros2/unitree_ros2/unitree_legged_msgs/install/unitree_legged_msgs/include/unitree_legged_msgs/msg/detail/motor_state__rosidl_typesupport_fastrtps_c.h
[13.034s] -- Installing: /home/sun/Desktop/unitree_ros2/unitree_ros2/unitree_legged_msgs/install/unitree_legged_msgs/include/unitree_legged_msgs/msg/detail/imu__rosidl_typesupport_fastrtps_c.h
[13.034s] -- Installing: /home/sun/Desktop/unitree_ros2/unitree_ros2/unitree_legged_msgs/install/unitree_legged_msgs/include/unitree_legged_msgs/msg/detail/walk__rosidl_typesupport_fastrtps_c.h
[13.034s] -- Installing: /home/sun/Desktop/unitree_ros2/unitree_ros2/unitree_legged_msgs/install/unitree_legged_msgs/include/unitree_legged_msgs/msg/detail/high_state__rosidl_typesupport_fastrtps_c.h
[13.034s] -- Installing: /home/sun/Desktop/unitree_ros2/unitree_ros2/unitree_legged_msgs/install/unitree_legged_msgs/include/unitree_legged_msgs/msg/detail/led__rosidl_typesupport_fastrtps_c.h
[13.034s] -- Installing: /home/sun/Desktop/unitree_ros2/unitree_ros2/unitree_legged_msgs/install/unitree_legged_msgs/include/unitree_legged_msgs/msg/detail/motor_cmd__rosidl_typesupport_fastrtps_c.h
[13.035s] -- Installing: /home/sun/Desktop/unitree_ros2/unitree_ros2/unitree_legged_msgs/install/unitree_legged_msgs/include/unitree_legged_msgs/msg/detail/low_state__rosidl_typesupport_fastrtps_c.h
[13.035s] -- Installing: /home/sun/Desktop/unitree_ros2/unitree_ros2/unitree_legged_msgs/install/unitree_legged_msgs/include/unitree_legged_msgs/msg/detail/high_cmd__rosidl_typesupport_fastrtps_c.h
[13.035s] -- Installing: /home/sun/Desktop/unitree_ros2/unitree_ros2/unitree_legged_msgs/install/unitree_legged_msgs/include/unitree_legged_msgs/msg/detail/low_cmd__rosidl_typesupport_fastrtps_c.h
[13.035s] -- Installing: /home/sun/Desktop/unitree_ros2/unitree_ros2/unitree_legged_msgs/install/unitree_legged_msgs/include/unitree_legged_msgs/msg/rosidl_typesupport_fastrtps_c__visibility_control.h
[13.035s] -- Installing: /home/sun/Desktop/unitree_ros2/unitree_ros2/unitree_legged_msgs/install/unitree_legged_msgs/lib/libunitree_legged_msgs__rosidl_typesupport_fastrtps_c.so
[13.035s] -- Set runtime path of "/home/sun/Desktop/unitree_ros2/unitree_ros2/unitree_legged_msgs/install/unitree_legged_msgs/lib/libunitree_legged_msgs__rosidl_typesupport_fastrtps_c.so" to ""
[13.035s] -- Up-to-date: /home/sun/Desktop/unitree_ros2/unitree_ros2/unitree_legged_msgs/install/unitree_legged_msgs/include/unitree_legged_msgs
[13.035s] -- Up-to-date: /home/sun/Desktop/unitree_ros2/unitree_ros2/unitree_legged_msgs/install/unitree_legged_msgs/include/unitree_legged_msgs/msg
[13.035s] -- Up-to-date: /home/sun/Desktop/unitree_ros2/unitree_ros2/unitree_legged_msgs/install/unitree_legged_msgs/include/unitree_legged_msgs/msg/detail
[13.035s] -- Installing: /home/sun/Desktop/unitree_ros2/unitree_ros2/unitree_legged_msgs/install/unitree_legged_msgs/include/unitree_legged_msgs/msg/detail/low_cmd__rosidl_typesupport_fastrtps_cpp.hpp
[13.035s] -- Installing: /home/sun/Desktop/unitree_ros2/unitree_ros2/unitree_legged_msgs/install/unitree_legged_msgs/include/unitree_legged_msgs/msg/detail/motor_state__rosidl_typesupport_fastrtps_cpp.hpp
[13.036s] -- Installing: /home/sun/Desktop/unitree_ros2/unitree_ros2/unitree_legged_msgs/install/unitree_legged_msgs/include/unitree_legged_msgs/msg/detail/motor_cmd__rosidl_typesupport_fastrtps_cpp.hpp
[13.036s] -- Installing: /home/sun/Desktop/unitree_ros2/unitree_ros2/unitree_legged_msgs/install/unitree_legged_msgs/include/unitree_legged_msgs/msg/detail/dds_fastrtps
[13.036s] -- Installing: /home/sun/Desktop/unitree_ros2/unitree_ros2/unitree_legged_msgs/install/unitree_legged_msgs/include/unitree_legged_msgs/msg/detail/led__rosidl_typesupport_fastrtps_cpp.hpp
[13.036s] -- Installing: /home/sun/Desktop/unitree_ros2/unitree_ros2/unitree_legged_msgs/install/unitree_legged_msgs/include/unitree_legged_msgs/msg/detail/imu__rosidl_typesupport_fastrtps_cpp.hpp
[13.036s] -- Installing: /home/sun/Desktop/unitree_ros2/unitree_ros2/unitree_legged_msgs/install/unitree_legged_msgs/include/unitree_legged_msgs/msg/detail/cartesian__rosidl_typesupport_fastrtps_cpp.hpp
[13.036s] -- Installing: /home/sun/Desktop/unitree_ros2/unitree_ros2/unitree_legged_msgs/install/unitree_legged_msgs/include/unitree_legged_msgs/msg/detail/low_state__rosidl_typesupport_fastrtps_cpp.hpp
[13.036s] -- Installing: /home/sun/Desktop/unitree_ros2/unitree_ros2/unitree_legged_msgs/install/unitree_legged_msgs/include/unitree_legged_msgs/msg/detail/high_state__rosidl_typesupport_fastrtps_cpp.hpp
[13.036s] -- Installing: /home/sun/Desktop/unitree_ros2/unitree_ros2/unitree_legged_msgs/install/unitree_legged_msgs/include/unitree_legged_msgs/msg/detail/walk__rosidl_typesupport_fastrtps_cpp.hpp
[13.036s] -- Installing: /home/sun/Desktop/unitree_ros2/unitree_ros2/unitree_legged_msgs/install/unitree_legged_msgs/include/unitree_legged_msgs/msg/detail/high_cmd__rosidl_typesupport_fastrtps_cpp.hpp
[13.036s] -- Installing: /home/sun/Desktop/unitree_ros2/unitree_ros2/unitree_legged_msgs/install/unitree_legged_msgs/include/unitree_legged_msgs/msg/rosidl_typesupport_fastrtps_cpp__visibility_control.h
[13.036s] -- Installing: /home/sun/Desktop/unitree_ros2/unitree_ros2/unitree_legged_msgs/install/unitree_legged_msgs/lib/libunitree_legged_msgs__rosidl_typesupport_fastrtps_cpp.so
[13.036s] -- Set runtime path of "/home/sun/Desktop/unitree_ros2/unitree_ros2/unitree_legged_msgs/install/unitree_legged_msgs/lib/libunitree_legged_msgs__rosidl_typesupport_fastrtps_cpp.so" to ""
[13.037s] -- Up-to-date: /home/sun/Desktop/unitree_ros2/unitree_ros2/unitree_legged_msgs/install/unitree_legged_msgs/include/unitree_legged_msgs
[13.037s] -- Up-to-date: /home/sun/Desktop/unitree_ros2/unitree_ros2/unitree_legged_msgs/install/unitree_legged_msgs/include/unitree_legged_msgs/msg
[13.037s] -- Up-to-date: /home/sun/Desktop/unitree_ros2/unitree_ros2/unitree_legged_msgs/install/unitree_legged_msgs/include/unitree_legged_msgs/msg/detail
[13.037s] -- Installing: /home/sun/Desktop/unitree_ros2/unitree_ros2/unitree_legged_msgs/install/unitree_legged_msgs/include/unitree_legged_msgs/msg/detail/walk__type_support.c
[13.037s] -- Installing: /home/sun/Desktop/unitree_ros2/unitree_ros2/unitree_legged_msgs/install/unitree_legged_msgs/include/unitree_legged_msgs/msg/detail/led__type_support.c
[13.037s] -- Installing: /home/sun/Desktop/unitree_ros2/unitree_ros2/unitree_legged_msgs/install/unitree_legged_msgs/include/unitree_legged_msgs/msg/detail/low_state__type_support.c
[13.037s] -- Installing: /home/sun/Desktop/unitree_ros2/unitree_ros2/unitree_legged_msgs/install/unitree_legged_msgs/include/unitree_legged_msgs/msg/detail/walk__rosidl_typesupport_introspection_c.h
[13.037s] -- Installing: /home/sun/Desktop/unitree_ros2/unitree_ros2/unitree_legged_msgs/install/unitree_legged_msgs/include/unitree_legged_msgs/msg/detail/low_cmd__type_support.c
[13.037s] -- Installing: /home/sun/Desktop/unitree_ros2/unitree_ros2/unitree_legged_msgs/install/unitree_legged_msgs/include/unitree_legged_msgs/msg/detail/imu__type_support.c
[13.037s] -- Installing: /home/sun/Desktop/unitree_ros2/unitree_ros2/unitree_legged_msgs/install/unitree_legged_msgs/include/unitree_legged_msgs/msg/detail/cartesian__rosidl_typesupport_introspection_c.h
[13.037s] -- Installing: /home/sun/Desktop/unitree_ros2/unitree_ros2/unitree_legged_msgs/install/unitree_legged_msgs/include/unitree_legged_msgs/msg/detail/motor_cmd__type_support.c
[13.037s] -- Installing: /home/sun/Desktop/unitree_ros2/unitree_ros2/unitree_legged_msgs/install/unitree_legged_msgs/include/unitree_legged_msgs/msg/detail/low_cmd__rosidl_typesupport_introspection_c.h
[13.038s] -- Installing: /home/sun/Desktop/unitree_ros2/unitree_ros2/unitree_legged_msgs/install/unitree_legged_msgs/include/unitree_legged_msgs/msg/detail/low_state__rosidl_typesupport_introspection_c.h
[13.038s] -- Installing: /home/sun/Desktop/unitree_ros2/unitree_ros2/unitree_legged_msgs/install/unitree_legged_msgs/include/unitree_legged_msgs/msg/detail/high_state__rosidl_typesupport_introspection_c.h
[13.038s] -- Installing: /home/sun/Desktop/unitree_ros2/unitree_ros2/unitree_legged_msgs/install/unitree_legged_msgs/include/unitree_legged_msgs/msg/detail/cartesian__type_support.c
[13.038s] -- Installing: /home/sun/Desktop/unitree_ros2/unitree_ros2/unitree_legged_msgs/install/unitree_legged_msgs/include/unitree_legged_msgs/msg/detail/high_cmd__rosidl_typesupport_introspection_c.h
[13.038s] -- Installing: /home/sun/Desktop/unitree_ros2/unitree_ros2/unitree_legged_msgs/install/unitree_legged_msgs/include/unitree_legged_msgs/msg/detail/high_state__type_support.c
[13.038s] -- Installing: /home/sun/Desktop/unitree_ros2/unitree_ros2/unitree_legged_msgs/install/unitree_legged_msgs/include/unitree_legged_msgs/msg/detail/motor_state__rosidl_typesupport_introspection_c.h
[13.038s] -- Installing: /home/sun/Desktop/unitree_ros2/unitree_ros2/unitree_legged_msgs/install/unitree_legged_msgs/include/unitree_legged_msgs/msg/detail/high_cmd__type_support.c
[13.038s] -- Installing: /home/sun/Desktop/unitree_ros2/unitree_ros2/unitree_legged_msgs/install/unitree_legged_msgs/include/unitree_legged_msgs/msg/detail/motor_cmd__rosidl_typesupport_introspection_c.h
[13.038s] -- Installing: /home/sun/Desktop/unitree_ros2/unitree_ros2/unitree_legged_msgs/install/unitree_legged_msgs/include/unitree_legged_msgs/msg/detail/led__rosidl_typesupport_introspection_c.h
[13.038s] -- Installing: /home/sun/Desktop/unitree_ros2/unitree_ros2/unitree_legged_msgs/install/unitree_legged_msgs/include/unitree_legged_msgs/msg/detail/motor_state__type_support.c
[13.039s] -- Installing: /home/sun/Desktop/unitree_ros2/unitree_ros2/unitree_legged_msgs/install/unitree_legged_msgs/include/unitree_legged_msgs/msg/detail/imu__rosidl_typesupport_introspection_c.h
[13.039s] -- Installing: /home/sun/Desktop/unitree_ros2/unitree_ros2/unitree_legged_msgs/install/unitree_legged_msgs/include/unitree_legged_msgs/msg/rosidl_typesupport_introspection_c__visibility_control.h
[13.039s] -- Installing: /home/sun/Desktop/unitree_ros2/unitree_ros2/unitree_legged_msgs/install/unitree_legged_msgs/lib/libunitree_legged_msgs__rosidl_typesupport_introspection_c.so
[13.039s] -- Set runtime path of "/home/sun/Desktop/unitree_ros2/unitree_ros2/unitree_legged_msgs/install/unitree_legged_msgs/lib/libunitree_legged_msgs__rosidl_typesupport_introspection_c.so" to ""
[13.039s] -- Installing: /home/sun/Desktop/unitree_ros2/unitree_ros2/unitree_legged_msgs/install/unitree_legged_msgs/lib/libunitree_legged_msgs__rosidl_typesupport_c.so
[13.039s] -- Set runtime path of "/home/sun/Desktop/unitree_ros2/unitree_ros2/unitree_legged_msgs/install/unitree_legged_msgs/lib/libunitree_legged_msgs__rosidl_typesupport_c.so" to ""
[13.039s] -- Up-to-date: /home/sun/Desktop/unitree_ros2/unitree_ros2/unitree_legged_msgs/install/unitree_legged_msgs/include/unitree_legged_msgs
[13.039s] -- Up-to-date: /home/sun/Desktop/unitree_ros2/unitree_ros2/unitree_legged_msgs/install/unitree_legged_msgs/include/unitree_legged_msgs/msg
[13.039s] -- Up-to-date: /home/sun/Desktop/unitree_ros2/unitree_ros2/unitree_legged_msgs/install/unitree_legged_msgs/include/unitree_legged_msgs/msg/detail
[13.039s] -- Installing: /home/sun/Desktop/unitree_ros2/unitree_ros2/unitree_legged_msgs/install/unitree_legged_msgs/include/unitree_legged_msgs/msg/detail/low_cmd__traits.hpp
[13.040s] -- Installing: /home/sun/Desktop/unitree_ros2/unitree_ros2/unitree_legged_msgs/install/unitree_legged_msgs/include/unitree_legged_msgs/msg/detail/high_cmd__builder.hpp
[13.040s] -- Installing: /home/sun/Desktop/unitree_ros2/unitree_ros2/unitree_legged_msgs/install/unitree_legged_msgs/include/unitree_legged_msgs/msg/detail/low_state__traits.hpp
[13.040s] -- Installing: /home/sun/Desktop/unitree_ros2/unitree_ros2/unitree_legged_msgs/install/unitree_legged_msgs/include/unitree_legged_msgs/msg/detail/walk__builder.hpp
[13.040s] -- Installing: /home/sun/Desktop/unitree_ros2/unitree_ros2/unitree_legged_msgs/install/unitree_legged_msgs/include/unitree_legged_msgs/msg/detail/walk__traits.hpp
[13.040s] -- Installing: /home/sun/Desktop/unitree_ros2/unitree_ros2/unitree_legged_msgs/install/unitree_legged_msgs/include/unitree_legged_msgs/msg/detail/low_state__struct.hpp
[13.040s] -- Installing: /home/sun/Desktop/unitree_ros2/unitree_ros2/unitree_legged_msgs/install/unitree_legged_msgs/include/unitree_legged_msgs/msg/detail/motor_state__struct.hpp
[13.040s] -- Installing: /home/sun/Desktop/unitree_ros2/unitree_ros2/unitree_legged_msgs/install/unitree_legged_msgs/include/unitree_legged_msgs/msg/detail/led__struct.hpp
[13.040s] -- Installing: /home/sun/Desktop/unitree_ros2/unitree_ros2/unitree_legged_msgs/install/unitree_legged_msgs/include/unitree_legged_msgs/msg/detail/cartesian__struct.hpp
[13.040s] -- Installing: /home/sun/Desktop/unitree_ros2/unitree_ros2/unitree_legged_msgs/install/unitree_legged_msgs/include/unitree_legged_msgs/msg/detail/high_state__builder.hpp
[13.040s] -- Installing: /home/sun/Desktop/unitree_ros2/unitree_ros2/unitree_legged_msgs/install/unitree_legged_msgs/include/unitree_legged_msgs/msg/detail/led__builder.hpp
[13.040s] -- Installing: /home/sun/Desktop/unitree_ros2/unitree_ros2/unitree_legged_msgs/install/unitree_legged_msgs/include/unitree_legged_msgs/msg/detail/high_state__traits.hpp
[13.040s] -- Installing: /home/sun/Desktop/unitree_ros2/unitree_ros2/unitree_legged_msgs/install/unitree_legged_msgs/include/unitree_legged_msgs/msg/detail/motor_cmd__builder.hpp
[13.041s] -- Installing: /home/sun/Desktop/unitree_ros2/unitree_ros2/unitree_legged_msgs/install/unitree_legged_msgs/include/unitree_legged_msgs/msg/detail/low_cmd__builder.hpp
[13.041s] -- Installing: /home/sun/Desktop/unitree_ros2/unitree_ros2/unitree_legged_msgs/install/unitree_legged_msgs/include/unitree_legged_msgs/msg/detail/cartesian__builder.hpp
[13.041s] -- Installing: /home/sun/Desktop/unitree_ros2/unitree_ros2/unitree_legged_msgs/install/unitree_legged_msgs/include/unitree_legged_msgs/msg/detail/high_cmd__traits.hpp
[13.041s] -- Installing: /home/sun/Desktop/unitree_ros2/unitree_ros2/unitree_legged_msgs/install/unitree_legged_msgs/include/unitree_legged_msgs/msg/detail/high_state__struct.hpp
[13.041s] -- Installing: /home/sun/Desktop/unitree_ros2/unitree_ros2/unitree_legged_msgs/install/unitree_legged_msgs/include/unitree_legged_msgs/msg/detail/led__traits.hpp
[13.041s] -- Installing: /home/sun/Desktop/unitree_ros2/unitree_ros2/unitree_legged_msgs/install/unitree_legged_msgs/include/unitree_legged_msgs/msg/detail/walk__struct.hpp
[13.041s] -- Installing: /home/sun/Desktop/unitree_ros2/unitree_ros2/unitree_legged_msgs/install/unitree_legged_msgs/include/unitree_legged_msgs/msg/detail/imu__traits.hpp
[13.041s] -- Installing: /home/sun/Desktop/unitree_ros2/unitree_ros2/unitree_legged_msgs/install/unitree_legged_msgs/include/unitree_legged_msgs/msg/detail/motor_state__traits.hpp
[13.041s] -- Installing: /home/sun/Desktop/unitree_ros2/unitree_ros2/unitree_legged_msgs/install/unitree_legged_msgs/include/unitree_legged_msgs/msg/detail/high_cmd__struct.hpp
[13.041s] -- Installing: /home/sun/Desktop/unitree_ros2/unitree_ros2/unitree_legged_msgs/install/unitree_legged_msgs/include/unitree_legged_msgs/msg/detail/cartesian__traits.hpp
[13.041s] -- Installing: /home/sun/Desktop/unitree_ros2/unitree_ros2/unitree_legged_msgs/install/unitree_legged_msgs/include/unitree_legged_msgs/msg/detail/motor_cmd__struct.hpp
[13.041s] -- Installing: /home/sun/Desktop/unitree_ros2/unitree_ros2/unitree_legged_msgs/install/unitree_legged_msgs/include/unitree_legged_msgs/msg/detail/low_cmd__struct.hpp
[13.042s] -- Installing: /home/sun/Desktop/unitree_ros2/unitree_ros2/unitree_legged_msgs/install/unitree_legged_msgs/include/unitree_legged_msgs/msg/detail/motor_cmd__traits.hpp
[13.042s] -- Installing: /home/sun/Desktop/unitree_ros2/unitree_ros2/unitree_legged_msgs/install/unitree_legged_msgs/include/unitree_legged_msgs/msg/detail/low_state__builder.hpp
[13.042s] -- Installing: /home/sun/Desktop/unitree_ros2/unitree_ros2/unitree_legged_msgs/install/unitree_legged_msgs/include/unitree_legged_msgs/msg/detail/motor_state__builder.hpp
[13.042s] -- Installing: /home/sun/Desktop/unitree_ros2/unitree_ros2/unitree_legged_msgs/install/unitree_legged_msgs/include/unitree_legged_msgs/msg/detail/imu__builder.hpp
[13.042s] -- Installing: /home/sun/Desktop/unitree_ros2/unitree_ros2/unitree_legged_msgs/install/unitree_legged_msgs/include/unitree_legged_msgs/msg/detail/imu__struct.hpp
[13.042s] -- Installing: /home/sun/Desktop/unitree_ros2/unitree_ros2/unitree_legged_msgs/install/unitree_legged_msgs/include/unitree_legged_msgs/msg/motor_state.hpp
[13.042s] -- Installing: /home/sun/Desktop/unitree_ros2/unitree_ros2/unitree_legged_msgs/install/unitree_legged_msgs/include/unitree_legged_msgs/msg/motor_cmd.hpp
[13.042s] -- Installing: /home/sun/Desktop/unitree_ros2/unitree_ros2/unitree_legged_msgs/install/unitree_legged_msgs/include/unitree_legged_msgs/msg/low_state.hpp
[13.042s] -- Installing: /home/sun/Desktop/unitree_ros2/unitree_ros2/unitree_legged_msgs/install/unitree_legged_msgs/include/unitree_legged_msgs/msg/led.hpp
[13.042s] -- Installing: /home/sun/Desktop/unitree_ros2/unitree_ros2/unitree_legged_msgs/install/unitree_legged_msgs/include/unitree_legged_msgs/msg/high_state.hpp
[13.043s] -- Installing: /home/sun/Desktop/unitree_ros2/unitree_ros2/unitree_legged_msgs/install/unitree_legged_msgs/include/unitree_legged_msgs/msg/imu.hpp
[13.043s] -- Installing: /home/sun/Desktop/unitree_ros2/unitree_ros2/unitree_legged_msgs/install/unitree_legged_msgs/include/unitree_legged_msgs/msg/walk.hpp
[13.043s] -- Installing: /home/sun/Desktop/unitree_ros2/unitree_ros2/unitree_legged_msgs/install/unitree_legged_msgs/include/unitree_legged_msgs/msg/low_cmd.hpp
[13.043s] -- Installing: /home/sun/Desktop/unitree_ros2/unitree_ros2/unitree_legged_msgs/install/unitree_legged_msgs/include/unitree_legged_msgs/msg/cartesian.hpp
[13.043s] -- Installing: /home/sun/Desktop/unitree_ros2/unitree_ros2/unitree_legged_msgs/install/unitree_legged_msgs/include/unitree_legged_msgs/msg/high_cmd.hpp
[13.043s] -- Up-to-date: /home/sun/Desktop/unitree_ros2/unitree_ros2/unitree_legged_msgs/install/unitree_legged_msgs/include/unitree_legged_msgs
[13.043s] -- Up-to-date: /home/sun/Desktop/unitree_ros2/unitree_ros2/unitree_legged_msgs/install/unitree_legged_msgs/include/unitree_legged_msgs/msg
[13.043s] -- Up-to-date: /home/sun/Desktop/unitree_ros2/unitree_ros2/unitree_legged_msgs/install/unitree_legged_msgs/include/unitree_legged_msgs/msg/detail
[13.043s] -- Installing: /home/sun/Desktop/unitree_ros2/unitree_ros2/unitree_legged_msgs/install/unitree_legged_msgs/include/unitree_legged_msgs/msg/detail/high_cmd__type_support.cpp
[13.043s] -- Installing: /home/sun/Desktop/unitree_ros2/unitree_ros2/unitree_legged_msgs/install/unitree_legged_msgs/include/unitree_legged_msgs/msg/detail/imu__type_support.cpp
[13.043s] -- Installing: /home/sun/Desktop/unitree_ros2/unitree_ros2/unitree_legged_msgs/install/unitree_legged_msgs/include/unitree_legged_msgs/msg/detail/motor_cmd__type_support.cpp
[13.043s] -- Installing: /home/sun/Desktop/unitree_ros2/unitree_ros2/unitree_legged_msgs/install/unitree_legged_msgs/include/unitree_legged_msgs/msg/detail/imu__rosidl_typesupport_introspection_cpp.hpp
[13.044s] -- Installing: /home/sun/Desktop/unitree_ros2/unitree_ros2/unitree_legged_msgs/install/unitree_legged_msgs/include/unitree_legged_msgs/msg/detail/walk__rosidl_typesupport_introspection_cpp.hpp
[13.044s] -- Installing: /home/sun/Desktop/unitree_ros2/unitree_ros2/unitree_legged_msgs/install/unitree_legged_msgs/include/unitree_legged_msgs/msg/detail/low_cmd__rosidl_typesupport_introspection_cpp.hpp
[13.044s] -- Installing: /home/sun/Desktop/unitree_ros2/unitree_ros2/unitree_legged_msgs/install/unitree_legged_msgs/include/unitree_legged_msgs/msg/detail/led__rosidl_typesupport_introspection_cpp.hpp
[13.044s] -- Installing: /home/sun/Desktop/unitree_ros2/unitree_ros2/unitree_legged_msgs/install/unitree_legged_msgs/include/unitree_legged_msgs/msg/detail/low_state__type_support.cpp
[13.044s] -- Installing: /home/sun/Desktop/unitree_ros2/unitree_ros2/unitree_legged_msgs/install/unitree_legged_msgs/include/unitree_legged_msgs/msg/detail/high_state__type_support.cpp
[13.044s] -- Installing: /home/sun/Desktop/unitree_ros2/unitree_ros2/unitree_legged_msgs/install/unitree_legged_msgs/include/unitree_legged_msgs/msg/detail/walk__type_support.cpp
[13.044s] -- Installing: /home/sun/Desktop/unitree_ros2/unitree_ros2/unitree_legged_msgs/install/unitree_legged_msgs/include/unitree_legged_msgs/msg/detail/motor_state__rosidl_typesupport_introspection_cpp.hpp
[13.044s] -- Installing: /home/sun/Desktop/unitree_ros2/unitree_ros2/unitree_legged_msgs/install/unitree_legged_msgs/include/unitree_legged_msgs/msg/detail/led__type_support.cpp
[13.044s] -- Installing: /home/sun/Desktop/unitree_ros2/unitree_ros2/unitree_legged_msgs/install/unitree_legged_msgs/include/unitree_legged_msgs/msg/detail/low_state__rosidl_typesupport_introspection_cpp.hpp
[13.044s] -- Installing: /home/sun/Desktop/unitree_ros2/unitree_ros2/unitree_legged_msgs/install/unitree_legged_msgs/include/unitree_legged_msgs/msg/detail/cartesian__type_support.cpp
[13.044s] -- Installing: /home/sun/Desktop/unitree_ros2/unitree_ros2/unitree_legged_msgs/install/unitree_legged_msgs/include/unitree_legged_msgs/msg/detail/motor_cmd__rosidl_typesupport_introspection_cpp.hpp
[13.044s] -- Installing: /home/sun/Desktop/unitree_ros2/unitree_ros2/unitree_legged_msgs/install/unitree_legged_msgs/include/unitree_legged_msgs/msg/detail/motor_state__type_support.cpp
[13.045s] -- Installing: /home/sun/Desktop/unitree_ros2/unitree_ros2/unitree_legged_msgs/install/unitree_legged_msgs/include/unitree_legged_msgs/msg/detail/low_cmd__type_support.cpp
[13.045s] -- Installing: /home/sun/Desktop/unitree_ros2/unitree_ros2/unitree_legged_msgs/install/unitree_legged_msgs/include/unitree_legged_msgs/msg/detail/high_cmd__rosidl_typesupport_introspection_cpp.hpp
[13.045s] -- Installing: /home/sun/Desktop/unitree_ros2/unitree_ros2/unitree_legged_msgs/install/unitree_legged_msgs/include/unitree_legged_msgs/msg/detail/high_state__rosidl_typesupport_introspection_cpp.hpp
[13.045s] -- Installing: /home/sun/Desktop/unitree_ros2/unitree_ros2/unitree_legged_msgs/install/unitree_legged_msgs/include/unitree_legged_msgs/msg/detail/cartesian__rosidl_typesupport_introspection_cpp.hpp
[13.045s] -- Installing: /home/sun/Desktop/unitree_ros2/unitree_ros2/unitree_legged_msgs/install/unitree_legged_msgs/lib/libunitree_legged_msgs__rosidl_typesupport_introspection_cpp.so
[13.045s] -- Set runtime path of "/home/sun/Desktop/unitree_ros2/unitree_ros2/unitree_legged_msgs/install/unitree_legged_msgs/lib/libunitree_legged_msgs__rosidl_typesupport_introspection_cpp.so" to ""
[13.045s] -- Installing: /home/sun/Desktop/unitree_ros2/unitree_ros2/unitree_legged_msgs/install/unitree_legged_msgs/lib/libunitree_legged_msgs__rosidl_typesupport_cpp.so
[13.045s] -- Set runtime path of "/home/sun/Desktop/unitree_ros2/unitree_ros2/unitree_legged_msgs/install/unitree_legged_msgs/lib/libunitree_legged_msgs__rosidl_typesupport_cpp.so" to ""
[13.045s] -- Installing: /home/sun/Desktop/unitree_ros2/unitree_ros2/unitree_legged_msgs/install/unitree_legged_msgs/share/unitree_legged_msgs/environment/pythonpath.sh
[13.045s] -- Installing: /home/sun/Desktop/unitree_ros2/unitree_ros2/unitree_legged_msgs/install/unitree_legged_msgs/share/unitree_legged_msgs/environment/pythonpath.dsv
[13.045s] -- Installing: /home/sun/Desktop/unitree_ros2/unitree_ros2/unitree_legged_msgs/install/unitree_legged_msgs/lib/python3.8/site-packages/unitree_legged_msgs/__init__.py
[13.071s] Compiling '/home/sun/Desktop/unitree_ros2/unitree_ros2/unitree_legged_msgs/install/unitree_legged_msgs/lib/python3.8/site-packages/unitree_legged_msgs/__init__.py'...
[13.075s] -- Installing: /home/sun/Desktop/unitree_ros2/unitree_ros2/unitree_legged_msgs/install/unitree_legged_msgs/lib/python3.8/site-packages/unitree_legged_msgs/msg
[13.075s] -- Installing: /home/sun/Desktop/unitree_ros2/unitree_ros2/unitree_legged_msgs/install/unitree_legged_msgs/lib/python3.8/site-packages/unitree_legged_msgs/msg/__init__.py
[13.075s] -- Installing: /home/sun/Desktop/unitree_ros2/unitree_ros2/unitree_legged_msgs/install/unitree_legged_msgs/lib/python3.8/site-packages/unitree_legged_msgs/msg/_led.py
[13.075s] -- Installing: /home/sun/Desktop/unitree_ros2/unitree_ros2/unitree_legged_msgs/install/unitree_legged_msgs/lib/python3.8/site-packages/unitree_legged_msgs/msg/_imu.py
[13.076s] -- Installing: /home/sun/Desktop/unitree_ros2/unitree_ros2/unitree_legged_msgs/install/unitree_legged_msgs/lib/python3.8/site-packages/unitree_legged_msgs/msg/_cartesian_s.c
[13.076s] -- Installing: /home/sun/Desktop/unitree_ros2/unitree_ros2/unitree_legged_msgs/install/unitree_legged_msgs/lib/python3.8/site-packages/unitree_legged_msgs/msg/_motor_cmd.py
[13.076s] -- Installing: /home/sun/Desktop/unitree_ros2/unitree_ros2/unitree_legged_msgs/install/unitree_legged_msgs/lib/python3.8/site-packages/unitree_legged_msgs/msg/_led_s.c
[13.076s] -- Installing: /home/sun/Desktop/unitree_ros2/unitree_ros2/unitree_legged_msgs/install/unitree_legged_msgs/lib/python3.8/site-packages/unitree_legged_msgs/msg/_low_cmd.py
[13.077s] -- Installing: /home/sun/Desktop/unitree_ros2/unitree_ros2/unitree_legged_msgs/install/unitree_legged_msgs/lib/python3.8/site-packages/unitree_legged_msgs/msg/_motor_cmd_s.c
[13.077s] -- Installing: /home/sun/Desktop/unitree_ros2/unitree_ros2/unitree_legged_msgs/install/unitree_legged_msgs/lib/python3.8/site-packages/unitree_legged_msgs/msg/_walk_s.c
[13.077s] -- Installing: /home/sun/Desktop/unitree_ros2/unitree_ros2/unitree_legged_msgs/install/unitree_legged_msgs/lib/python3.8/site-packages/unitree_legged_msgs/msg/_motor_state_s.c
[13.077s] -- Installing: /home/sun/Desktop/unitree_ros2/unitree_ros2/unitree_legged_msgs/install/unitree_legged_msgs/lib/python3.8/site-packages/unitree_legged_msgs/msg/_low_state_s.c
[13.077s] -- Installing: /home/sun/Desktop/unitree_ros2/unitree_ros2/unitree_legged_msgs/install/unitree_legged_msgs/lib/python3.8/site-packages/unitree_legged_msgs/msg/_low_cmd_s.c
[13.078s] -- Installing: /home/sun/Desktop/unitree_ros2/unitree_ros2/unitree_legged_msgs/install/unitree_legged_msgs/lib/python3.8/site-packages/unitree_legged_msgs/msg/_cartesian.py
[13.078s] -- Installing: /home/sun/Desktop/unitree_ros2/unitree_ros2/unitree_legged_msgs/install/unitree_legged_msgs/lib/python3.8/site-packages/unitree_legged_msgs/msg/_motor_state.py
[13.078s] -- Installing: /home/sun/Desktop/unitree_ros2/unitree_ros2/unitree_legged_msgs/install/unitree_legged_msgs/lib/python3.8/site-packages/unitree_legged_msgs/msg/_imu_s.c
[13.078s] -- Installing: /home/sun/Desktop/unitree_ros2/unitree_ros2/unitree_legged_msgs/install/unitree_legged_msgs/lib/python3.8/site-packages/unitree_legged_msgs/msg/_low_state.py
[13.078s] -- Installing: /home/sun/Desktop/unitree_ros2/unitree_ros2/unitree_legged_msgs/install/unitree_legged_msgs/lib/python3.8/site-packages/unitree_legged_msgs/msg/_high_state_s.c
[13.078s] -- Installing: /home/sun/Desktop/unitree_ros2/unitree_ros2/unitree_legged_msgs/install/unitree_legged_msgs/lib/python3.8/site-packages/unitree_legged_msgs/msg/_walk.py
[13.079s] -- Installing: /home/sun/Desktop/unitree_ros2/unitree_ros2/unitree_legged_msgs/install/unitree_legged_msgs/lib/python3.8/site-packages/unitree_legged_msgs/msg/_high_state.py
[13.079s] -- Installing: /home/sun/Desktop/unitree_ros2/unitree_ros2/unitree_legged_msgs/install/unitree_legged_msgs/lib/python3.8/site-packages/unitree_legged_msgs/msg/_high_cmd.py
[13.079s] -- Installing: /home/sun/Desktop/unitree_ros2/unitree_ros2/unitree_legged_msgs/install/unitree_legged_msgs/lib/python3.8/site-packages/unitree_legged_msgs/msg/_high_cmd_s.c
[13.079s] -- Installing: /home/sun/Desktop/unitree_ros2/unitree_ros2/unitree_legged_msgs/install/unitree_legged_msgs/lib/python3.8/site-packages/unitree_legged_msgs/unitree_legged_msgs_s__rosidl_typesupport_fastrtps_c.cpython-38-x86_64-linux-gnu.so
[13.079s] -- Set runtime path of "/home/sun/Desktop/unitree_ros2/unitree_ros2/unitree_legged_msgs/install/unitree_legged_msgs/lib/python3.8/site-packages/unitree_legged_msgs/unitree_legged_msgs_s__rosidl_typesupport_fastrtps_c.cpython-38-x86_64-linux-gnu.so" to ""
[13.080s] -- Installing: /home/sun/Desktop/unitree_ros2/unitree_ros2/unitree_legged_msgs/install/unitree_legged_msgs/lib/python3.8/site-packages/unitree_legged_msgs/unitree_legged_msgs_s__rosidl_typesupport_introspection_c.cpython-38-x86_64-linux-gnu.so
[13.080s] -- Set runtime path of "/home/sun/Desktop/unitree_ros2/unitree_ros2/unitree_legged_msgs/install/unitree_legged_msgs/lib/python3.8/site-packages/unitree_legged_msgs/unitree_legged_msgs_s__rosidl_typesupport_introspection_c.cpython-38-x86_64-linux-gnu.so" to ""
[13.080s] -- Installing: /home/sun/Desktop/unitree_ros2/unitree_ros2/unitree_legged_msgs/install/unitree_legged_msgs/lib/python3.8/site-packages/unitree_legged_msgs/unitree_legged_msgs_s__rosidl_typesupport_c.cpython-38-x86_64-linux-gnu.so
[13.080s] -- Set runtime path of "/home/sun/Desktop/unitree_ros2/unitree_ros2/unitree_legged_msgs/install/unitree_legged_msgs/lib/python3.8/site-packages/unitree_legged_msgs/unitree_legged_msgs_s__rosidl_typesupport_c.cpython-38-x86_64-linux-gnu.so" to ""
[13.080s] -- Installing: /home/sun/Desktop/unitree_ros2/unitree_ros2/unitree_legged_msgs/install/unitree_legged_msgs/lib/libunitree_legged_msgs__python.so
[13.080s] -- Set runtime path of "/home/sun/Desktop/unitree_ros2/unitree_ros2/unitree_legged_msgs/install/unitree_legged_msgs/lib/libunitree_legged_msgs__python.so" to ""
[13.080s] -- Installing: /home/sun/Desktop/unitree_ros2/unitree_ros2/unitree_legged_msgs/install/unitree_legged_msgs/share/unitree_legged_msgs/msg/HighCmd.idl
[13.081s] -- Installing: /home/sun/Desktop/unitree_ros2/unitree_ros2/unitree_legged_msgs/install/unitree_legged_msgs/share/unitree_legged_msgs/msg/Cartesian.idl
[13.081s] -- Installing: /home/sun/Desktop/unitree_ros2/unitree_ros2/unitree_legged_msgs/install/unitree_legged_msgs/share/unitree_legged_msgs/msg/HighState.idl
[13.081s] -- Installing: /home/sun/Desktop/unitree_ros2/unitree_ros2/unitree_legged_msgs/install/unitree_legged_msgs/share/unitree_legged_msgs/msg/IMU.idl
[13.081s] -- Installing: /home/sun/Desktop/unitree_ros2/unitree_ros2/unitree_legged_msgs/install/unitree_legged_msgs/share/unitree_legged_msgs/msg/LED.idl
[13.081s] -- Installing: /home/sun/Desktop/unitree_ros2/unitree_ros2/unitree_legged_msgs/install/unitree_legged_msgs/share/unitree_legged_msgs/msg/LowCmd.idl
[13.081s] -- Installing: /home/sun/Desktop/unitree_ros2/unitree_ros2/unitree_legged_msgs/install/unitree_legged_msgs/share/unitree_legged_msgs/msg/LowState.idl
[13.082s] -- Installing: /home/sun/Desktop/unitree_ros2/unitree_ros2/unitree_legged_msgs/install/unitree_legged_msgs/share/unitree_legged_msgs/msg/MotorCmd.idl
[13.082s] -- Installing: /home/sun/Desktop/unitree_ros2/unitree_ros2/unitree_legged_msgs/install/unitree_legged_msgs/share/unitree_legged_msgs/msg/MotorState.idl
[13.082s] -- Installing: /home/sun/Desktop/unitree_ros2/unitree_ros2/unitree_legged_msgs/install/unitree_legged_msgs/share/unitree_legged_msgs/msg/Walk.idl
[13.082s] -- Installing: /home/sun/Desktop/unitree_ros2/unitree_ros2/unitree_legged_msgs/install/unitree_legged_msgs/share/unitree_legged_msgs/msg/HighCmd.msg
[13.082s] -- Installing: /home/sun/Desktop/unitree_ros2/unitree_ros2/unitree_legged_msgs/install/unitree_legged_msgs/share/unitree_legged_msgs/msg/Cartesian.msg
[13.082s] -- Installing: /home/sun/Desktop/unitree_ros2/unitree_ros2/unitree_legged_msgs/install/unitree_legged_msgs/share/unitree_legged_msgs/msg/HighState.msg
[13.083s] -- Installing: /home/sun/Desktop/unitree_ros2/unitree_ros2/unitree_legged_msgs/install/unitree_legged_msgs/share/unitree_legged_msgs/msg/IMU.msg
[13.083s] -- Installing: /home/sun/Desktop/unitree_ros2/unitree_ros2/unitree_legged_msgs/install/unitree_legged_msgs/share/unitree_legged_msgs/msg/LED.msg
[13.083s] -- Installing: /home/sun/Desktop/unitree_ros2/unitree_ros2/unitree_legged_msgs/install/unitree_legged_msgs/share/unitree_legged_msgs/msg/LowCmd.msg
[13.083s] -- Installing: /home/sun/Desktop/unitree_ros2/unitree_ros2/unitree_legged_msgs/install/unitree_legged_msgs/share/unitree_legged_msgs/msg/LowState.msg
[13.083s] -- Installing: /home/sun/Desktop/unitree_ros2/unitree_ros2/unitree_legged_msgs/install/unitree_legged_msgs/share/unitree_legged_msgs/msg/MotorCmd.msg
[13.083s] -- Installing: /home/sun/Desktop/unitree_ros2/unitree_ros2/unitree_legged_msgs/install/unitree_legged_msgs/share/unitree_legged_msgs/msg/MotorState.msg
[13.083s] -- Installing: /home/sun/Desktop/unitree_ros2/unitree_ros2/unitree_legged_msgs/install/unitree_legged_msgs/share/unitree_legged_msgs/msg/Walk.msg
[13.084s] -- Installing: /home/sun/Desktop/unitree_ros2/unitree_ros2/unitree_legged_msgs/install/unitree_legged_msgs/share/ament_index/resource_index/package_run_dependencies/unitree_legged_msgs
[13.084s] -- Installing: /home/sun/Desktop/unitree_ros2/unitree_ros2/unitree_legged_msgs/install/unitree_legged_msgs/share/ament_index/resource_index/parent_prefix_path/unitree_legged_msgs
[13.084s] -- Installing: /home/sun/Desktop/unitree_ros2/unitree_ros2/unitree_legged_msgs/install/unitree_legged_msgs/share/unitree_legged_msgs/environment/ament_prefix_path.sh
[13.084s] -- Installing: /home/sun/Desktop/unitree_ros2/unitree_ros2/unitree_legged_msgs/install/unitree_legged_msgs/share/unitree_legged_msgs/environment/ament_prefix_path.dsv
[13.084s] -- Installing: /home/sun/Desktop/unitree_ros2/unitree_ros2/unitree_legged_msgs/install/unitree_legged_msgs/share/unitree_legged_msgs/environment/path.sh
[13.084s] -- Installing: /home/sun/Desktop/unitree_ros2/unitree_ros2/unitree_legged_msgs/install/unitree_legged_msgs/share/unitree_legged_msgs/environment/path.dsv
[13.085s] -- Installing: /home/sun/Desktop/unitree_ros2/unitree_ros2/unitree_legged_msgs/install/unitree_legged_msgs/share/unitree_legged_msgs/local_setup.bash
[13.085s] -- Installing: /home/sun/Desktop/unitree_ros2/unitree_ros2/unitree_legged_msgs/install/unitree_legged_msgs/share/unitree_legged_msgs/local_setup.sh
[13.085s] -- Installing: /home/sun/Desktop/unitree_ros2/unitree_ros2/unitree_legged_msgs/install/unitree_legged_msgs/share/unitree_legged_msgs/local_setup.zsh
[13.085s] -- Installing: /home/sun/Desktop/unitree_ros2/unitree_ros2/unitree_legged_msgs/install/unitree_legged_msgs/share/unitree_legged_msgs/local_setup.dsv
[13.085s] -- Installing: /home/sun/Desktop/unitree_ros2/unitree_ros2/unitree_legged_msgs/install/unitree_legged_msgs/share/unitree_legged_msgs/package.dsv
[13.085s] -- Installing: /home/sun/Desktop/unitree_ros2/unitree_ros2/unitree_legged_msgs/install/unitree_legged_msgs/share/ament_index/resource_index/packages/unitree_legged_msgs
[13.086s] -- Installing: /home/sun/Desktop/unitree_ros2/unitree_ros2/unitree_legged_msgs/install/unitree_legged_msgs/share/unitree_legged_msgs/cmake/unitree_legged_msgs__rosidl_generator_cExport.cmake
[13.086s] -- Installing: /home/sun/Desktop/unitree_ros2/unitree_ros2/unitree_legged_msgs/install/unitree_legged_msgs/share/unitree_legged_msgs/cmake/unitree_legged_msgs__rosidl_generator_cExport-noconfig.cmake
[13.086s] -- Installing: /home/sun/Desktop/unitree_ros2/unitree_ros2/unitree_legged_msgs/install/unitree_legged_msgs/share/unitree_legged_msgs/cmake/unitree_legged_msgs__rosidl_typesupport_introspection_cExport.cmake
[13.086s] -- Installing: /home/sun/Desktop/unitree_ros2/unitree_ros2/unitree_legged_msgs/install/unitree_legged_msgs/share/unitree_legged_msgs/cmake/unitree_legged_msgs__rosidl_typesupport_introspection_cExport-noconfig.cmake
[13.086s] -- Installing: /home/sun/Desktop/unitree_ros2/unitree_ros2/unitree_legged_msgs/install/unitree_legged_msgs/share/unitree_legged_msgs/cmake/unitree_legged_msgs__rosidl_typesupport_cExport.cmake
[13.087s] -- Installing: /home/sun/Desktop/unitree_ros2/unitree_ros2/unitree_legged_msgs/install/unitree_legged_msgs/share/unitree_legged_msgs/cmake/unitree_legged_msgs__rosidl_typesupport_cExport-noconfig.cmake
[13.087s] -- Installing: /home/sun/Desktop/unitree_ros2/unitree_ros2/unitree_legged_msgs/install/unitree_legged_msgs/share/unitree_legged_msgs/cmake/unitree_legged_msgs__rosidl_generator_cppExport.cmake
[13.087s] -- Installing: /home/sun/Desktop/unitree_ros2/unitree_ros2/unitree_legged_msgs/install/unitree_legged_msgs/share/unitree_legged_msgs/cmake/unitree_legged_msgs__rosidl_typesupport_introspection_cppExport.cmake
[13.087s] -- Installing: /home/sun/Desktop/unitree_ros2/unitree_ros2/unitree_legged_msgs/install/unitree_legged_msgs/share/unitree_legged_msgs/cmake/unitree_legged_msgs__rosidl_typesupport_introspection_cppExport-noconfig.cmake
[13.087s] -- Installing: /home/sun/Desktop/unitree_ros2/unitree_ros2/unitree_legged_msgs/install/unitree_legged_msgs/share/unitree_legged_msgs/cmake/unitree_legged_msgs__rosidl_typesupport_cppExport.cmake
[13.087s] -- Installing: /home/sun/Desktop/unitree_ros2/unitree_ros2/unitree_legged_msgs/install/unitree_legged_msgs/share/unitree_legged_msgs/cmake/unitree_legged_msgs__rosidl_typesupport_cppExport-noconfig.cmake
[13.087s] -- Installing: /home/sun/Desktop/unitree_ros2/unitree_ros2/unitree_legged_msgs/install/unitree_legged_msgs/share/unitree_legged_msgs/cmake/rosidl_cmake-extras.cmake
[13.088s] -- Installing: /home/sun/Desktop/unitree_ros2/unitree_ros2/unitree_legged_msgs/install/unitree_legged_msgs/share/unitree_legged_msgs/cmake/ament_cmake_export_dependencies-extras.cmake
[13.088s] -- Installing: /home/sun/Desktop/unitree_ros2/unitree_ros2/unitree_legged_msgs/install/unitree_legged_msgs/share/unitree_legged_msgs/cmake/ament_cmake_export_libraries-extras.cmake
[13.088s] -- Installing: /home/sun/Desktop/unitree_ros2/unitree_ros2/unitree_legged_msgs/install/unitree_legged_msgs/share/unitree_legged_msgs/cmake/ament_cmake_export_targets-extras.cmake
[13.088s] -- Installing: /home/sun/Desktop/unitree_ros2/unitree_ros2/unitree_legged_msgs/install/unitree_legged_msgs/share/unitree_legged_msgs/cmake/ament_cmake_export_include_directories-extras.cmake
[13.089s] -- Installing: /home/sun/Desktop/unitree_ros2/unitree_ros2/unitree_legged_msgs/install/unitree_legged_msgs/share/unitree_legged_msgs/cmake/rosidl_cmake_export_typesupport_libraries-extras.cmake
[13.089s] -- Installing: /home/sun/Desktop/unitree_ros2/unitree_ros2/unitree_legged_msgs/install/unitree_legged_msgs/share/unitree_legged_msgs/cmake/rosidl_cmake_export_typesupport_targets-extras.cmake
[13.089s] -- Installing: /home/sun/Desktop/unitree_ros2/unitree_ros2/unitree_legged_msgs/install/unitree_legged_msgs/share/unitree_legged_msgs/cmake/unitree_legged_msgsConfig.cmake
[13.089s] -- Installing: /home/sun/Desktop/unitree_ros2/unitree_ros2/unitree_legged_msgs/install/unitree_legged_msgs/share/unitree_legged_msgs/cmake/unitree_legged_msgsConfig-version.cmake
[13.089s] -- Installing: /home/sun/Desktop/unitree_ros2/unitree_ros2/unitree_legged_msgs/install/unitree_legged_msgs/share/unitree_legged_msgs/package.xml
[13.094s] Invoked command in '/home/sun/Desktop/unitree_ros2/unitree_ros2/unitree_legged_msgs/build/unitree_legged_msgs' returned '0': CMAKE_PREFIX_PATH=${CMAKE_PREFIX_PATH}:/home/sun/turtlebot3_ws/install/turtlebot3_teleop:/home/sun/turtlebot3_ws/install/turtlebot3_example:/home/sun/navigation2/src/install/opencv_tests:/home/sun/navigation2/src/install/nav2_gazebo_spawner:/opt/ros/foxy /usr/bin/cmake --install /home/sun/Desktop/unitree_ros2/unitree_ros2/unitree_legged_msgs/build/unitree_legged_msgs
