[0.125s] DEBUG:colcon:Command line arguments: ['/usr/bin/colcon', 'build']
[0.125s] DEBUG:colcon:Parsed command line arguments: Namespace(ament_cmake_args=None, base_paths=['.'], build_base='build', catkin_cmake_args=None, catkin_skip_building_tests=False, cmake_args=None, cmake_clean_cache=False, cmake_clean_first=False, cmake_force_configure=False, cmake_target=None, cmake_target_skip_unavailable=False, continue_on_error=False, event_handlers=None, executor='parallel', ignore_user_meta=False, install_base='install', log_base=None, log_level=None, main=<bound method BuildVerb.main of <colcon_core.verb.build.BuildVerb object at 0x7f305a14cb50>>, merge_install=False, metas=['./colcon.meta'], packages_above=None, packages_above_and_dependencies=None, packages_above_depth=None, packages_end=None, packages_ignore=None, packages_ignore_regex=None, packages_select=None, packages_select_build_failed=False, packages_select_by_dep=None, packages_select_regex=None, packages_select_test_failures=False, packages_skip=None, packages_skip_build_finished=False, packages_skip_by_dep=None, packages_skip_regex=None, packages_skip_test_passed=False, packages_skip_up_to=None, packages_start=None, packages_up_to=None, packages_up_to_regex=None, parallel_workers=6, paths=None, symlink_install=False, test_result_base=None, verb_extension=<colcon_core.verb.build.BuildVerb object at 0x7f305a14cb50>, verb_name='build', verb_parser=<colcon_defaults.argument_parser.defaults.DefaultArgumentsDecorator object at 0x7f305a158100>)
[0.142s] Level 1:colcon.colcon_core.package_discovery:discover_packages(colcon_meta) check parameters
[0.142s] Level 1:colcon.colcon_core.package_discovery:discover_packages(recursive) check parameters
[0.142s] Level 1:colcon.colcon_core.package_discovery:discover_packages(ignore) check parameters
[0.142s] Level 1:colcon.colcon_core.package_discovery:discover_packages(path) check parameters
[0.142s] Level 1:colcon.colcon_core.package_discovery:discover_packages(colcon_meta) discover
[0.142s] Level 1:colcon.colcon_core.package_discovery:discover_packages(recursive) discover
[0.142s] INFO:colcon.colcon_core.package_discovery:Crawling recursively for packages in '/home/sun/Desktop/unitree_ros2/unitree_ros2/unitree_legged_real'
[0.142s] Level 1:colcon.colcon_core.package_identification:_identify(.) by extensions ['ignore', 'ignore_ament_install']
[0.142s] Level 1:colcon.colcon_core.package_identification:_identify(.) by extension 'ignore'
[0.142s] Level 1:colcon.colcon_core.package_identification:_identify(.) by extension 'ignore_ament_install'
[0.143s] Level 1:colcon.colcon_core.package_identification:_identify(.) by extensions ['colcon_pkg']
[0.143s] Level 1:colcon.colcon_core.package_identification:_identify(.) by extension 'colcon_pkg'
[0.143s] Level 1:colcon.colcon_core.package_identification:_identify(.) by extensions ['colcon_meta']
[0.143s] Level 1:colcon.colcon_core.package_identification:_identify(.) by extension 'colcon_meta'
[0.143s] Level 1:colcon.colcon_core.package_identification:_identify(.) by extensions ['ros']
[0.143s] Level 1:colcon.colcon_core.package_identification:_identify(.) by extension 'ros'
[0.154s] DEBUG:colcon.colcon_core.package_identification:Package '.' with type 'ros.ament_cmake' and name 'unitree_legged_real'
[0.154s] Level 1:colcon.colcon_core.package_discovery:discover_packages(recursive) using defaults
[0.154s] Level 1:colcon.colcon_core.package_discovery:discover_packages(ignore) discover
[0.154s] Level 1:colcon.colcon_core.package_discovery:discover_packages(ignore) using defaults
[0.154s] Level 1:colcon.colcon_core.package_discovery:discover_packages(path) discover
[0.154s] Level 1:colcon.colcon_core.package_discovery:discover_packages(path) using defaults
[0.158s] Level 5:colcon.colcon_core.verb:set package 'unitree_legged_real' build argument 'cmake_args' from command line to 'None'
[0.158s] Level 5:colcon.colcon_core.verb:set package 'unitree_legged_real' build argument 'cmake_target' from command line to 'None'
[0.158s] Level 5:colcon.colcon_core.verb:set package 'unitree_legged_real' build argument 'cmake_target_skip_unavailable' from command line to 'False'
[0.158s] Level 5:colcon.colcon_core.verb:set package 'unitree_legged_real' build argument 'cmake_clean_cache' from command line to 'False'
[0.159s] Level 5:colcon.colcon_core.verb:set package 'unitree_legged_real' build argument 'cmake_clean_first' from command line to 'False'
[0.159s] Level 5:colcon.colcon_core.verb:set package 'unitree_legged_real' build argument 'cmake_force_configure' from command line to 'False'
[0.159s] Level 5:colcon.colcon_core.verb:set package 'unitree_legged_real' build argument 'ament_cmake_args' from command line to 'None'
[0.159s] Level 5:colcon.colcon_core.verb:set package 'unitree_legged_real' build argument 'catkin_cmake_args' from command line to 'None'
[0.159s] Level 5:colcon.colcon_core.verb:set package 'unitree_legged_real' build argument 'catkin_skip_building_tests' from command line to 'False'
[0.159s] DEBUG:colcon.colcon_core.verb:Building package 'unitree_legged_real' with the following arguments: {'ament_cmake_args': None, 'build_base': '/home/sun/Desktop/unitree_ros2/unitree_ros2/unitree_legged_real/build/unitree_legged_real', 'catkin_cmake_args': None, 'catkin_skip_building_tests': False, 'cmake_args': None, 'cmake_clean_cache': False, 'cmake_clean_first': False, 'cmake_force_configure': False, 'cmake_target': None, 'cmake_target_skip_unavailable': False, 'install_base': '/home/sun/Desktop/unitree_ros2/unitree_ros2/unitree_legged_real/install/unitree_legged_real', 'merge_install': False, 'path': '/home/sun/Desktop/unitree_ros2/unitree_ros2/unitree_legged_real', 'symlink_install': False, 'test_result_base': None}
[0.159s] INFO:colcon.colcon_core.executor:Executing jobs using 'parallel' executor
[0.161s] DEBUG:colcon.colcon_parallel_executor.executor.parallel:run_until_complete
[0.161s] INFO:colcon.colcon_ros.task.ament_cmake.build:Building ROS package in '/home/sun/Desktop/unitree_ros2/unitree_ros2/unitree_legged_real' with build type 'ament_cmake'
[0.165s] INFO:colcon.colcon_core.plugin_system:Skipping extension 'colcon_core.shell.bat': Not used on non-Windows systems
[0.165s] INFO:colcon.colcon_cmake.task.cmake.build:Building CMake package in '/home/sun/Desktop/unitree_ros2/unitree_ros2/unitree_legged_real'
[0.166s] INFO:colcon.colcon_core.shell:Skip shell extension 'powershell' for command environment: Not usable outside of PowerShell
[0.166s] DEBUG:colcon.colcon_core.shell:Skip shell extension 'dsv' for command environment
[0.171s] DEBUG:colcon.colcon_core.shell:Ignoring prefix path '/opt/ros/foxy'
[0.182s] DEBUG:colcon.colcon_core.event_handler.log_command:Invoking command in '/home/sun/Desktop/unitree_ros2/unitree_ros2/unitree_legged_real/build/unitree_legged_real': CMAKE_PREFIX_PATH=${CMAKE_PREFIX_PATH}:/home/sun/turtlebot3_ws/install/turtlebot3_teleop:/home/sun/turtlebot3_ws/install/turtlebot3_example:/home/sun/navigation2/src/install/opencv_tests:/home/sun/navigation2/src/install/nav2_gazebo_spawner:/opt/ros/foxy /usr/bin/cmake --build /home/sun/Desktop/unitree_ros2/unitree_ros2/unitree_legged_real/build/unitree_legged_real -- -j6 -l6
[2.735s] DEBUG:colcon.colcon_core.event_handler.log_command:Invoked command in '/home/sun/Desktop/unitree_ros2/unitree_ros2/unitree_legged_real/build/unitree_legged_real' returned '0': CMAKE_PREFIX_PATH=${CMAKE_PREFIX_PATH}:/home/sun/turtlebot3_ws/install/turtlebot3_teleop:/home/sun/turtlebot3_ws/install/turtlebot3_example:/home/sun/navigation2/src/install/opencv_tests:/home/sun/navigation2/src/install/nav2_gazebo_spawner:/opt/ros/foxy /usr/bin/cmake --build /home/sun/Desktop/unitree_ros2/unitree_ros2/unitree_legged_real/build/unitree_legged_real -- -j6 -l6
[2.784s] DEBUG:colcon.colcon_core.event_handler.log_command:Invoking command in '/home/sun/Desktop/unitree_ros2/unitree_ros2/unitree_legged_real/build/unitree_legged_real': CMAKE_PREFIX_PATH=${CMAKE_PREFIX_PATH}:/home/sun/turtlebot3_ws/install/turtlebot3_teleop:/home/sun/turtlebot3_ws/install/turtlebot3_example:/home/sun/navigation2/src/install/opencv_tests:/home/sun/navigation2/src/install/nav2_gazebo_spawner:/opt/ros/foxy /usr/bin/cmake --install /home/sun/Desktop/unitree_ros2/unitree_ros2/unitree_legged_real/build/unitree_legged_real
[2.801s] Level 1:colcon.colcon_core.environment:create_environment_scripts_only(unitree_legged_real)
[2.803s] DEBUG:colcon.colcon_core.event_handler.log_command:Invoked command in '/home/sun/Desktop/unitree_ros2/unitree_ros2/unitree_legged_real/build/unitree_legged_real' returned '0': CMAKE_PREFIX_PATH=${CMAKE_PREFIX_PATH}:/home/sun/turtlebot3_ws/install/turtlebot3_teleop:/home/sun/turtlebot3_ws/install/turtlebot3_example:/home/sun/navigation2/src/install/opencv_tests:/home/sun/navigation2/src/install/nav2_gazebo_spawner:/opt/ros/foxy /usr/bin/cmake --install /home/sun/Desktop/unitree_ros2/unitree_ros2/unitree_legged_real/build/unitree_legged_real
[2.805s] Level 1:colcon.colcon_core.environment:checking '/home/sun/Desktop/unitree_ros2/unitree_ros2/unitree_legged_real/install/unitree_legged_real' for CMake module files
[2.806s] Level 1:colcon.colcon_core.environment:checking '/home/sun/Desktop/unitree_ros2/unitree_ros2/unitree_legged_real/install/unitree_legged_real' for CMake config files
[2.806s] Level 1:colcon.colcon_core.shell:create_environment_hook('unitree_legged_real', 'cmake_prefix_path')
[2.806s] INFO:colcon.colcon_core.shell:Creating environment hook '/home/sun/Desktop/unitree_ros2/unitree_ros2/unitree_legged_real/install/unitree_legged_real/share/unitree_legged_real/hook/cmake_prefix_path.ps1'
[2.807s] INFO:colcon.colcon_core.shell:Creating environment descriptor '/home/sun/Desktop/unitree_ros2/unitree_ros2/unitree_legged_real/install/unitree_legged_real/share/unitree_legged_real/hook/cmake_prefix_path.dsv'
[2.807s] INFO:colcon.colcon_core.shell:Creating environment hook '/home/sun/Desktop/unitree_ros2/unitree_ros2/unitree_legged_real/install/unitree_legged_real/share/unitree_legged_real/hook/cmake_prefix_path.sh'
[2.808s] Level 1:colcon.colcon_core.environment:checking '/home/sun/Desktop/unitree_ros2/unitree_ros2/unitree_legged_real/install/unitree_legged_real/lib'
[2.809s] Level 1:colcon.colcon_core.environment:checking '/home/sun/Desktop/unitree_ros2/unitree_ros2/unitree_legged_real/install/unitree_legged_real/bin'
[2.809s] Level 1:colcon.colcon_core.environment:checking '/home/sun/Desktop/unitree_ros2/unitree_ros2/unitree_legged_real/install/unitree_legged_real/lib/pkgconfig/unitree_legged_real.pc'
[2.809s] Level 1:colcon.colcon_core.environment:checking '/home/sun/Desktop/unitree_ros2/unitree_ros2/unitree_legged_real/install/unitree_legged_real/lib/python3.8/site-packages'
[2.809s] INFO:colcon.colcon_core.shell:Creating package script '/home/sun/Desktop/unitree_ros2/unitree_ros2/unitree_legged_real/install/unitree_legged_real/share/unitree_legged_real/package.ps1'
[2.810s] INFO:colcon.colcon_core.shell:Creating package descriptor '/home/sun/Desktop/unitree_ros2/unitree_ros2/unitree_legged_real/install/unitree_legged_real/share/unitree_legged_real/package.dsv'
[2.810s] INFO:colcon.colcon_core.shell:Creating package script '/home/sun/Desktop/unitree_ros2/unitree_ros2/unitree_legged_real/install/unitree_legged_real/share/unitree_legged_real/package.sh'
[2.811s] INFO:colcon.colcon_core.shell:Creating package script '/home/sun/Desktop/unitree_ros2/unitree_ros2/unitree_legged_real/install/unitree_legged_real/share/unitree_legged_real/package.bash'
[2.812s] INFO:colcon.colcon_core.shell:Creating package script '/home/sun/Desktop/unitree_ros2/unitree_ros2/unitree_legged_real/install/unitree_legged_real/share/unitree_legged_real/package.zsh'
[2.813s] Level 1:colcon.colcon_core.environment:create_file_with_runtime_dependencies(/home/sun/Desktop/unitree_ros2/unitree_ros2/unitree_legged_real/install/unitree_legged_real/share/colcon-core/packages/unitree_legged_real)
[2.814s] DEBUG:colcon.colcon_parallel_executor.executor.parallel:closing loop
[2.814s] DEBUG:colcon.colcon_parallel_executor.executor.parallel:loop closed
[2.814s] DEBUG:colcon.colcon_parallel_executor.executor.parallel:run_until_complete finished with '0'
[2.814s] DEBUG:colcon.colcon_core.event_reactor:joining thread
[2.820s] INFO:colcon.colcon_core.plugin_system:Skipping extension 'colcon_notification.desktop_notification.terminal_notifier': Not used on non-Darwin systems
[2.820s] INFO:colcon.colcon_core.plugin_system:Skipping extension 'colcon_notification.desktop_notification.win32': Not used on non-Windows systems
[2.820s] INFO:colcon.colcon_notification.desktop_notification:Sending desktop notification using 'notify2'
[2.845s] DEBUG:colcon.colcon_core.event_reactor:joined thread
[2.846s] INFO:colcon.colcon_core.shell:Creating prefix script '/home/sun/Desktop/unitree_ros2/unitree_ros2/unitree_legged_real/install/local_setup.ps1'
[2.847s] INFO:colcon.colcon_core.shell:Creating prefix util module '/home/sun/Desktop/unitree_ros2/unitree_ros2/unitree_legged_real/install/_local_setup_util_ps1.py'
[2.848s] INFO:colcon.colcon_core.shell:Creating prefix chain script '/home/sun/Desktop/unitree_ros2/unitree_ros2/unitree_legged_real/install/setup.ps1'
[2.853s] INFO:colcon.colcon_core.shell:Creating prefix script '/home/sun/Desktop/unitree_ros2/unitree_ros2/unitree_legged_real/install/local_setup.sh'
[2.853s] INFO:colcon.colcon_core.shell:Creating prefix util module '/home/sun/Desktop/unitree_ros2/unitree_ros2/unitree_legged_real/install/_local_setup_util_sh.py'
[2.854s] INFO:colcon.colcon_core.shell:Creating prefix chain script '/home/sun/Desktop/unitree_ros2/unitree_ros2/unitree_legged_real/install/setup.sh'
[2.859s] INFO:colcon.colcon_core.shell:Creating prefix script '/home/sun/Desktop/unitree_ros2/unitree_ros2/unitree_legged_real/install/local_setup.bash'
[2.859s] INFO:colcon.colcon_core.shell:Creating prefix chain script '/home/sun/Desktop/unitree_ros2/unitree_ros2/unitree_legged_real/install/setup.bash'
[2.863s] INFO:colcon.colcon_core.shell:Creating prefix script '/home/sun/Desktop/unitree_ros2/unitree_ros2/unitree_legged_real/install/local_setup.zsh'
[2.863s] INFO:colcon.colcon_core.shell:Creating prefix chain script '/home/sun/Desktop/unitree_ros2/unitree_ros2/unitree_legged_real/install/setup.zsh'
