[35m[1mScanning dependencies of target walk_client[0m
[ 50%] [32mBuilding CXX object CMakeFiles/walk_client.dir/src/walk_client.cpp.o[0m
[100%] [32m[1mLinking CXX executable walk_client[0m
[100%] Built target walk_client
-- Install configuration: ""
-- Installing: /home/sun/Desktop/unitree_ros2/unitree_ros2/unitree_legged_real/install/unitree_legged_real/lib/unitree_legged_real/walk_client
-- Set runtime path of "/home/sun/Desktop/unitree_ros2/unitree_ros2/unitree_legged_real/install/unitree_legged_real/lib/unitree_legged_real/walk_client" to ""
-- Up-to-date: /home/sun/Desktop/unitree_ros2/unitree_ros2/unitree_legged_real/install/unitree_legged_real/share/ament_index/resource_index/package_run_dependencies/unitree_legged_real
-- Up-to-date: /home/sun/Desktop/unitree_ros2/unitree_ros2/unitree_legged_real/install/unitree_legged_real/share/ament_index/resource_index/parent_prefix_path/unitree_legged_real
-- Up-to-date: /home/sun/Desktop/unitree_ros2/unitree_ros2/unitree_legged_real/install/unitree_legged_real/share/unitree_legged_real/environment/ament_prefix_path.sh
-- Up-to-date: /home/sun/Desktop/unitree_ros2/unitree_ros2/unitree_legged_real/install/unitree_legged_real/share/unitree_legged_real/environment/ament_prefix_path.dsv
-- Up-to-date: /home/sun/Desktop/unitree_ros2/unitree_ros2/unitree_legged_real/install/unitree_legged_real/share/unitree_legged_real/environment/path.sh
-- Up-to-date: /home/sun/Desktop/unitree_ros2/unitree_ros2/unitree_legged_real/install/unitree_legged_real/share/unitree_legged_real/environment/path.dsv
-- Up-to-date: /home/sun/Desktop/unitree_ros2/unitree_ros2/unitree_legged_real/install/unitree_legged_real/share/unitree_legged_real/local_setup.bash
-- Up-to-date: /home/sun/Desktop/unitree_ros2/unitree_ros2/unitree_legged_real/install/unitree_legged_real/share/unitree_legged_real/local_setup.sh
-- Up-to-date: /home/sun/Desktop/unitree_ros2/unitree_ros2/unitree_legged_real/install/unitree_legged_real/share/unitree_legged_real/local_setup.zsh
-- Up-to-date: /home/sun/Desktop/unitree_ros2/unitree_ros2/unitree_legged_real/install/unitree_legged_real/share/unitree_legged_real/local_setup.dsv
-- Installing: /home/sun/Desktop/unitree_ros2/unitree_ros2/unitree_legged_real/install/unitree_legged_real/share/unitree_legged_real/package.dsv
-- Up-to-date: /home/sun/Desktop/unitree_ros2/unitree_ros2/unitree_legged_real/install/unitree_legged_real/share/ament_index/resource_index/packages/unitree_legged_real
-- Up-to-date: /home/sun/Desktop/unitree_ros2/unitree_ros2/unitree_legged_real/install/unitree_legged_real/share/unitree_legged_real/cmake/ament_cmake_export_include_directories-extras.cmake
-- Up-to-date: /home/sun/Desktop/unitree_ros2/unitree_ros2/unitree_legged_real/install/unitree_legged_real/share/unitree_legged_real/cmake/ament_cmake_export_dependencies-extras.cmake
-- Up-to-date: /home/sun/Desktop/unitree_ros2/unitree_ros2/unitree_legged_real/install/unitree_legged_real/share/unitree_legged_real/cmake/unitree_legged_realConfig.cmake
-- Up-to-date: /home/sun/Desktop/unitree_ros2/unitree_ros2/unitree_legged_real/install/unitree_legged_real/share/unitree_legged_real/cmake/unitree_legged_realConfig-version.cmake
-- Up-to-date: /home/sun/Desktop/unitree_ros2/unitree_ros2/unitree_legged_real/install/unitree_legged_real/share/unitree_legged_real/package.xml
