[0.123s] DEBUG:colcon:Command line arguments: ['/usr/bin/colcon', 'build']
[0.123s] DEBUG:colcon:Parsed command line arguments: Namespace(ament_cmake_args=None, base_paths=['.'], build_base='build', catkin_cmake_args=None, catkin_skip_building_tests=False, cmake_args=None, cmake_clean_cache=False, cmake_clean_first=False, cmake_force_configure=False, cmake_target=None, cmake_target_skip_unavailable=False, continue_on_error=False, event_handlers=None, executor='parallel', ignore_user_meta=False, install_base='install', log_base=None, log_level=None, main=<bound method BuildVerb.main of <colcon_core.verb.build.BuildVerb object at 0x7f1156804ac0>>, merge_install=False, metas=['./colcon.meta'], packages_above=None, packages_above_and_dependencies=None, packages_above_depth=None, packages_end=None, packages_ignore=None, packages_ignore_regex=None, packages_select=None, packages_select_build_failed=False, packages_select_by_dep=None, packages_select_regex=None, packages_select_test_failures=False, packages_skip=None, packages_skip_build_finished=False, packages_skip_by_dep=None, packages_skip_regex=None, packages_skip_test_passed=False, packages_skip_up_to=None, packages_start=None, packages_up_to=None, packages_up_to_regex=None, parallel_workers=6, paths=None, symlink_install=False, test_result_base=None, verb_extension=<colcon_core.verb.build.BuildVerb object at 0x7f1156804ac0>, verb_name='build', verb_parser=<colcon_defaults.argument_parser.defaults.DefaultArgumentsDecorator object at 0x7f1156810070>)
[0.141s] Level 1:colcon.colcon_core.package_discovery:discover_packages(colcon_meta) check parameters
[0.141s] Level 1:colcon.colcon_core.package_discovery:discover_packages(recursive) check parameters
[0.141s] Level 1:colcon.colcon_core.package_discovery:discover_packages(ignore) check parameters
[0.141s] Level 1:colcon.colcon_core.package_discovery:discover_packages(path) check parameters
[0.141s] Level 1:colcon.colcon_core.package_discovery:discover_packages(colcon_meta) discover
[0.141s] Level 1:colcon.colcon_core.package_discovery:discover_packages(recursive) discover
[0.141s] INFO:colcon.colcon_core.package_discovery:Crawling recursively for packages in '/home/sun/Desktop/unitree_ros2/unitree_ros2/unitree_legged_msgs'
[0.141s] Level 1:colcon.colcon_core.package_identification:_identify(.) by extensions ['ignore', 'ignore_ament_install']
[0.141s] Level 1:colcon.colcon_core.package_identification:_identify(.) by extension 'ignore'
[0.141s] Level 1:colcon.colcon_core.package_identification:_identify(.) by extension 'ignore_ament_install'
[0.141s] Level 1:colcon.colcon_core.package_identification:_identify(.) by extensions ['colcon_pkg']
[0.141s] Level 1:colcon.colcon_core.package_identification:_identify(.) by extension 'colcon_pkg'
[0.141s] Level 1:colcon.colcon_core.package_identification:_identify(.) by extensions ['colcon_meta']
[0.141s] Level 1:colcon.colcon_core.package_identification:_identify(.) by extension 'colcon_meta'
[0.142s] Level 1:colcon.colcon_core.package_identification:_identify(.) by extensions ['ros']
[0.142s] Level 1:colcon.colcon_core.package_identification:_identify(.) by extension 'ros'
[0.153s] DEBUG:colcon.colcon_core.package_identification:Package '.' with type 'ros.ament_cmake' and name 'unitree_legged_msgs'
[0.153s] Level 1:colcon.colcon_core.package_discovery:discover_packages(recursive) using defaults
[0.154s] Level 1:colcon.colcon_core.package_discovery:discover_packages(ignore) discover
[0.154s] Level 1:colcon.colcon_core.package_discovery:discover_packages(ignore) using defaults
[0.154s] Level 1:colcon.colcon_core.package_discovery:discover_packages(path) discover
[0.154s] Level 1:colcon.colcon_core.package_discovery:discover_packages(path) using defaults
[0.158s] Level 5:colcon.colcon_core.verb:set package 'unitree_legged_msgs' build argument 'cmake_args' from command line to 'None'
[0.158s] Level 5:colcon.colcon_core.verb:set package 'unitree_legged_msgs' build argument 'cmake_target' from command line to 'None'
[0.158s] Level 5:colcon.colcon_core.verb:set package 'unitree_legged_msgs' build argument 'cmake_target_skip_unavailable' from command line to 'False'
[0.158s] Level 5:colcon.colcon_core.verb:set package 'unitree_legged_msgs' build argument 'cmake_clean_cache' from command line to 'False'
[0.158s] Level 5:colcon.colcon_core.verb:set package 'unitree_legged_msgs' build argument 'cmake_clean_first' from command line to 'False'
[0.158s] Level 5:colcon.colcon_core.verb:set package 'unitree_legged_msgs' build argument 'cmake_force_configure' from command line to 'False'
[0.158s] Level 5:colcon.colcon_core.verb:set package 'unitree_legged_msgs' build argument 'ament_cmake_args' from command line to 'None'
[0.158s] Level 5:colcon.colcon_core.verb:set package 'unitree_legged_msgs' build argument 'catkin_cmake_args' from command line to 'None'
[0.158s] Level 5:colcon.colcon_core.verb:set package 'unitree_legged_msgs' build argument 'catkin_skip_building_tests' from command line to 'False'
[0.158s] DEBUG:colcon.colcon_core.verb:Building package 'unitree_legged_msgs' with the following arguments: {'ament_cmake_args': None, 'build_base': '/home/sun/Desktop/unitree_ros2/unitree_ros2/unitree_legged_msgs/build/unitree_legged_msgs', 'catkin_cmake_args': None, 'catkin_skip_building_tests': False, 'cmake_args': None, 'cmake_clean_cache': False, 'cmake_clean_first': False, 'cmake_force_configure': False, 'cmake_target': None, 'cmake_target_skip_unavailable': False, 'install_base': '/home/sun/Desktop/unitree_ros2/unitree_ros2/unitree_legged_msgs/install/unitree_legged_msgs', 'merge_install': False, 'path': '/home/sun/Desktop/unitree_ros2/unitree_ros2/unitree_legged_msgs', 'symlink_install': False, 'test_result_base': None}
[0.158s] INFO:colcon.colcon_core.executor:Executing jobs using 'parallel' executor
[0.160s] DEBUG:colcon.colcon_parallel_executor.executor.parallel:run_until_complete
[0.160s] INFO:colcon.colcon_ros.task.ament_cmake.build:Building ROS package in '/home/sun/Desktop/unitree_ros2/unitree_ros2/unitree_legged_msgs' with build type 'ament_cmake'
[0.164s] INFO:colcon.colcon_core.plugin_system:Skipping extension 'colcon_core.shell.bat': Not used on non-Windows systems
[0.164s] INFO:colcon.colcon_cmake.task.cmake.build:Building CMake package in '/home/sun/Desktop/unitree_ros2/unitree_ros2/unitree_legged_msgs'
[0.164s] INFO:colcon.colcon_core.shell:Skip shell extension 'powershell' for command environment: Not usable outside of PowerShell
[0.165s] DEBUG:colcon.colcon_core.shell:Skip shell extension 'dsv' for command environment
[0.170s] DEBUG:colcon.colcon_core.shell:Ignoring prefix path '/opt/ros/foxy'
[0.177s] DEBUG:colcon.colcon_core.event_handler.log_command:Invoking command in '/home/sun/Desktop/unitree_ros2/unitree_ros2/unitree_legged_msgs/build/unitree_legged_msgs': CMAKE_PREFIX_PATH=${CMAKE_PREFIX_PATH}:/home/sun/turtlebot3_ws/install/turtlebot3_teleop:/home/sun/turtlebot3_ws/install/turtlebot3_example:/home/sun/navigation2/src/install/opencv_tests:/home/sun/navigation2/src/install/nav2_gazebo_spawner:/opt/ros/foxy /usr/bin/cmake /home/sun/Desktop/unitree_ros2/unitree_ros2/unitree_legged_msgs -DCMAKE_INSTALL_PREFIX=/home/sun/Desktop/unitree_ros2/unitree_ros2/unitree_legged_msgs/install/unitree_legged_msgs
[1.884s] DEBUG:colcon.colcon_core.event_handler.log_command:Invoked command in '/home/sun/Desktop/unitree_ros2/unitree_ros2/unitree_legged_msgs/build/unitree_legged_msgs' returned '0': CMAKE_PREFIX_PATH=${CMAKE_PREFIX_PATH}:/home/sun/turtlebot3_ws/install/turtlebot3_teleop:/home/sun/turtlebot3_ws/install/turtlebot3_example:/home/sun/navigation2/src/install/opencv_tests:/home/sun/navigation2/src/install/nav2_gazebo_spawner:/opt/ros/foxy /usr/bin/cmake /home/sun/Desktop/unitree_ros2/unitree_ros2/unitree_legged_msgs -DCMAKE_INSTALL_PREFIX=/home/sun/Desktop/unitree_ros2/unitree_ros2/unitree_legged_msgs/install/unitree_legged_msgs
[1.887s] DEBUG:colcon.colcon_core.event_handler.log_command:Invoking command in '/home/sun/Desktop/unitree_ros2/unitree_ros2/unitree_legged_msgs/build/unitree_legged_msgs': CMAKE_PREFIX_PATH=${CMAKE_PREFIX_PATH}:/home/sun/turtlebot3_ws/install/turtlebot3_teleop:/home/sun/turtlebot3_ws/install/turtlebot3_example:/home/sun/navigation2/src/install/opencv_tests:/home/sun/navigation2/src/install/nav2_gazebo_spawner:/opt/ros/foxy /usr/bin/cmake --build /home/sun/Desktop/unitree_ros2/unitree_ros2/unitree_legged_msgs/build/unitree_legged_msgs -- -j6 -l6
[12.815s] DEBUG:colcon.colcon_core.event_handler.log_command:Invoked command in '/home/sun/Desktop/unitree_ros2/unitree_ros2/unitree_legged_msgs/build/unitree_legged_msgs' returned '0': CMAKE_PREFIX_PATH=${CMAKE_PREFIX_PATH}:/home/sun/turtlebot3_ws/install/turtlebot3_teleop:/home/sun/turtlebot3_ws/install/turtlebot3_example:/home/sun/navigation2/src/install/opencv_tests:/home/sun/navigation2/src/install/nav2_gazebo_spawner:/opt/ros/foxy /usr/bin/cmake --build /home/sun/Desktop/unitree_ros2/unitree_ros2/unitree_legged_msgs/build/unitree_legged_msgs -- -j6 -l6
[13.164s] DEBUG:colcon.colcon_core.event_handler.log_command:Invoking command in '/home/sun/Desktop/unitree_ros2/unitree_ros2/unitree_legged_msgs/build/unitree_legged_msgs': CMAKE_PREFIX_PATH=${CMAKE_PREFIX_PATH}:/home/sun/turtlebot3_ws/install/turtlebot3_teleop:/home/sun/turtlebot3_ws/install/turtlebot3_example:/home/sun/navigation2/src/install/opencv_tests:/home/sun/navigation2/src/install/nav2_gazebo_spawner:/opt/ros/foxy /usr/bin/cmake --install /home/sun/Desktop/unitree_ros2/unitree_ros2/unitree_legged_msgs/build/unitree_legged_msgs
[13.251s] Level 1:colcon.colcon_core.environment:create_environment_scripts_only(unitree_legged_msgs)
[13.254s] DEBUG:colcon.colcon_core.event_handler.log_command:Invoked command in '/home/sun/Desktop/unitree_ros2/unitree_ros2/unitree_legged_msgs/build/unitree_legged_msgs' returned '0': CMAKE_PREFIX_PATH=${CMAKE_PREFIX_PATH}:/home/sun/turtlebot3_ws/install/turtlebot3_teleop:/home/sun/turtlebot3_ws/install/turtlebot3_example:/home/sun/navigation2/src/install/opencv_tests:/home/sun/navigation2/src/install/nav2_gazebo_spawner:/opt/ros/foxy /usr/bin/cmake --install /home/sun/Desktop/unitree_ros2/unitree_ros2/unitree_legged_msgs/build/unitree_legged_msgs
[13.256s] Level 1:colcon.colcon_core.environment:checking '/home/sun/Desktop/unitree_ros2/unitree_ros2/unitree_legged_msgs/install/unitree_legged_msgs' for CMake module files
[13.257s] Level 1:colcon.colcon_core.environment:checking '/home/sun/Desktop/unitree_ros2/unitree_ros2/unitree_legged_msgs/install/unitree_legged_msgs' for CMake config files
[13.258s] Level 1:colcon.colcon_core.shell:create_environment_hook('unitree_legged_msgs', 'cmake_prefix_path')
[13.258s] INFO:colcon.colcon_core.shell:Creating environment hook '/home/sun/Desktop/unitree_ros2/unitree_ros2/unitree_legged_msgs/install/unitree_legged_msgs/share/unitree_legged_msgs/hook/cmake_prefix_path.ps1'
[13.259s] INFO:colcon.colcon_core.shell:Creating environment descriptor '/home/sun/Desktop/unitree_ros2/unitree_ros2/unitree_legged_msgs/install/unitree_legged_msgs/share/unitree_legged_msgs/hook/cmake_prefix_path.dsv'
[13.260s] INFO:colcon.colcon_core.shell:Creating environment hook '/home/sun/Desktop/unitree_ros2/unitree_ros2/unitree_legged_msgs/install/unitree_legged_msgs/share/unitree_legged_msgs/hook/cmake_prefix_path.sh'
[13.260s] Level 1:colcon.colcon_core.environment:checking '/home/sun/Desktop/unitree_ros2/unitree_ros2/unitree_legged_msgs/install/unitree_legged_msgs/lib'
[13.261s] Level 1:colcon.colcon_core.shell:create_environment_hook('unitree_legged_msgs', 'ld_library_path_lib')
[13.261s] INFO:colcon.colcon_core.shell:Creating environment hook '/home/sun/Desktop/unitree_ros2/unitree_ros2/unitree_legged_msgs/install/unitree_legged_msgs/share/unitree_legged_msgs/hook/ld_library_path_lib.ps1'
[13.261s] INFO:colcon.colcon_core.shell:Creating environment descriptor '/home/sun/Desktop/unitree_ros2/unitree_ros2/unitree_legged_msgs/install/unitree_legged_msgs/share/unitree_legged_msgs/hook/ld_library_path_lib.dsv'
[13.262s] INFO:colcon.colcon_core.shell:Creating environment hook '/home/sun/Desktop/unitree_ros2/unitree_ros2/unitree_legged_msgs/install/unitree_legged_msgs/share/unitree_legged_msgs/hook/ld_library_path_lib.sh'
[13.262s] Level 1:colcon.colcon_core.environment:checking '/home/sun/Desktop/unitree_ros2/unitree_ros2/unitree_legged_msgs/install/unitree_legged_msgs/bin'
[13.262s] Level 1:colcon.colcon_core.environment:checking '/home/sun/Desktop/unitree_ros2/unitree_ros2/unitree_legged_msgs/install/unitree_legged_msgs/lib/pkgconfig/unitree_legged_msgs.pc'
[13.262s] Level 1:colcon.colcon_core.environment:checking '/home/sun/Desktop/unitree_ros2/unitree_ros2/unitree_legged_msgs/install/unitree_legged_msgs/lib/python3.8/site-packages'
[13.262s] Level 1:colcon.colcon_core.shell:create_environment_hook('unitree_legged_msgs', 'pythonpath')
[13.263s] INFO:colcon.colcon_core.shell:Creating environment hook '/home/sun/Desktop/unitree_ros2/unitree_ros2/unitree_legged_msgs/install/unitree_legged_msgs/share/unitree_legged_msgs/hook/pythonpath.ps1'
[13.263s] INFO:colcon.colcon_core.shell:Creating environment descriptor '/home/sun/Desktop/unitree_ros2/unitree_ros2/unitree_legged_msgs/install/unitree_legged_msgs/share/unitree_legged_msgs/hook/pythonpath.dsv'
[13.263s] INFO:colcon.colcon_core.shell:Creating environment hook '/home/sun/Desktop/unitree_ros2/unitree_ros2/unitree_legged_msgs/install/unitree_legged_msgs/share/unitree_legged_msgs/hook/pythonpath.sh'
[13.264s] INFO:colcon.colcon_core.shell:Creating package script '/home/sun/Desktop/unitree_ros2/unitree_ros2/unitree_legged_msgs/install/unitree_legged_msgs/share/unitree_legged_msgs/package.ps1'
[13.265s] INFO:colcon.colcon_core.shell:Creating package descriptor '/home/sun/Desktop/unitree_ros2/unitree_ros2/unitree_legged_msgs/install/unitree_legged_msgs/share/unitree_legged_msgs/package.dsv'
[13.265s] INFO:colcon.colcon_core.shell:Creating package script '/home/sun/Desktop/unitree_ros2/unitree_ros2/unitree_legged_msgs/install/unitree_legged_msgs/share/unitree_legged_msgs/package.sh'
[13.266s] INFO:colcon.colcon_core.shell:Creating package script '/home/sun/Desktop/unitree_ros2/unitree_ros2/unitree_legged_msgs/install/unitree_legged_msgs/share/unitree_legged_msgs/package.bash'
[13.267s] INFO:colcon.colcon_core.shell:Creating package script '/home/sun/Desktop/unitree_ros2/unitree_ros2/unitree_legged_msgs/install/unitree_legged_msgs/share/unitree_legged_msgs/package.zsh'
[13.267s] Level 1:colcon.colcon_core.environment:create_file_with_runtime_dependencies(/home/sun/Desktop/unitree_ros2/unitree_ros2/unitree_legged_msgs/install/unitree_legged_msgs/share/colcon-core/packages/unitree_legged_msgs)
[13.268s] DEBUG:colcon.colcon_parallel_executor.executor.parallel:closing loop
[13.268s] DEBUG:colcon.colcon_parallel_executor.executor.parallel:loop closed
[13.268s] DEBUG:colcon.colcon_parallel_executor.executor.parallel:run_until_complete finished with '0'
[13.269s] DEBUG:colcon.colcon_core.event_reactor:joining thread
[13.275s] INFO:colcon.colcon_core.plugin_system:Skipping extension 'colcon_notification.desktop_notification.terminal_notifier': Not used on non-Darwin systems
[13.275s] INFO:colcon.colcon_core.plugin_system:Skipping extension 'colcon_notification.desktop_notification.win32': Not used on non-Windows systems
[13.275s] INFO:colcon.colcon_notification.desktop_notification:Sending desktop notification using 'notify2'
[13.293s] DEBUG:colcon.colcon_core.event_reactor:joined thread
[13.293s] INFO:colcon.colcon_core.shell:Creating prefix script '/home/sun/Desktop/unitree_ros2/unitree_ros2/unitree_legged_msgs/install/local_setup.ps1'
[13.294s] INFO:colcon.colcon_core.shell:Creating prefix util module '/home/sun/Desktop/unitree_ros2/unitree_ros2/unitree_legged_msgs/install/_local_setup_util_ps1.py'
[13.295s] INFO:colcon.colcon_core.shell:Creating prefix chain script '/home/sun/Desktop/unitree_ros2/unitree_ros2/unitree_legged_msgs/install/setup.ps1'
[13.300s] INFO:colcon.colcon_core.shell:Creating prefix script '/home/sun/Desktop/unitree_ros2/unitree_ros2/unitree_legged_msgs/install/local_setup.sh'
[13.301s] INFO:colcon.colcon_core.shell:Creating prefix util module '/home/sun/Desktop/unitree_ros2/unitree_ros2/unitree_legged_msgs/install/_local_setup_util_sh.py'
[13.301s] INFO:colcon.colcon_core.shell:Creating prefix chain script '/home/sun/Desktop/unitree_ros2/unitree_ros2/unitree_legged_msgs/install/setup.sh'
[13.306s] INFO:colcon.colcon_core.shell:Creating prefix script '/home/sun/Desktop/unitree_ros2/unitree_ros2/unitree_legged_msgs/install/local_setup.bash'
[13.306s] INFO:colcon.colcon_core.shell:Creating prefix chain script '/home/sun/Desktop/unitree_ros2/unitree_ros2/unitree_legged_msgs/install/setup.bash'
[13.310s] INFO:colcon.colcon_core.shell:Creating prefix script '/home/sun/Desktop/unitree_ros2/unitree_ros2/unitree_legged_msgs/install/local_setup.zsh'
[13.311s] INFO:colcon.colcon_core.shell:Creating prefix chain script '/home/sun/Desktop/unitree_ros2/unitree_ros2/unitree_legged_msgs/install/setup.zsh'
