Performing C SOURCE FILE Test CMAKE_HAVE_LIBC_PTHREAD failed with the following output:
Change Dir: /home/sun/Desktop/unitree_ros2/unitree_ros2/unitree_legged_real/cmake-build-debug/CMakeFiles/CMakeTmp

Run Build Command(s):/usr/bin/make cmTC_2d119/fast && /usr/bin/make  -f CMakeFiles/cmTC_2d119.dir/build.make CMakeFiles/cmTC_2d119.dir/build
make[1]: Entering directory '/home/sun/Desktop/unitree_ros2/unitree_ros2/unitree_legged_real/cmake-build-debug/CMakeFiles/CMakeTmp'
Building C object CMakeFiles/cmTC_2d119.dir/src.c.o
/usr/bin/cc   -DCMAKE_HAVE_LIBC_PTHREAD   -o CMakeFiles/cmTC_2d119.dir/src.c.o   -c /home/sun/Desktop/unitree_ros2/unitree_ros2/unitree_legged_real/cmake-build-debug/CMakeFiles/CMakeTmp/src.c
Linking C executable cmTC_2d119
/home/sun/Desktop/clion-2020.2.1/bin/cmake/linux/bin/cmake -E cmake_link_script CMakeFiles/cmTC_2d119.dir/link.txt --verbose=1
/usr/bin/cc  -DCMAKE_HAVE_LIBC_PTHREAD    CMakeFiles/cmTC_2d119.dir/src.c.o  -o cmTC_2d119 
/usr/bin/ld: CMakeFiles/cmTC_2d119.dir/src.c.o: in function `main':
src.c:(.text+0x46): undefined reference to `pthread_create'
/usr/bin/ld: src.c:(.text+0x52): undefined reference to `pthread_detach'
/usr/bin/ld: src.c:(.text+0x5e): undefined reference to `pthread_cancel'
/usr/bin/ld: src.c:(.text+0x6f): undefined reference to `pthread_join'
collect2: error: ld returned 1 exit status
make[1]: *** [CMakeFiles/cmTC_2d119.dir/build.make:107: cmTC_2d119] Error 1
make[1]: Leaving directory '/home/sun/Desktop/unitree_ros2/unitree_ros2/unitree_legged_real/cmake-build-debug/CMakeFiles/CMakeTmp'
make: *** [Makefile:141: cmTC_2d119/fast] Error 2


Source file was:
#include <pthread.h>

void* test_func(void* data)
{
  return data;
}

int main(void)
{
  pthread_t thread;
  pthread_create(&thread, NULL, test_func, NULL);
  pthread_detach(thread);
  pthread_cancel(thread);
  pthread_join(thread, NULL);
  pthread_atfork(NULL, NULL, NULL);
  pthread_exit(NULL);

  return 0;
}

Determining if the function pthread_create exists in the pthreads failed with the following output:
Change Dir: /home/sun/Desktop/unitree_ros2/unitree_ros2/unitree_legged_real/cmake-build-debug/CMakeFiles/CMakeTmp

Run Build Command(s):/usr/bin/make cmTC_a4c25/fast && /usr/bin/make  -f CMakeFiles/cmTC_a4c25.dir/build.make CMakeFiles/cmTC_a4c25.dir/build
make[1]: Entering directory '/home/sun/Desktop/unitree_ros2/unitree_ros2/unitree_legged_real/cmake-build-debug/CMakeFiles/CMakeTmp'
Building C object CMakeFiles/cmTC_a4c25.dir/CheckFunctionExists.c.o
/usr/bin/cc   -DCHECK_FUNCTION_EXISTS=pthread_create   -o CMakeFiles/cmTC_a4c25.dir/CheckFunctionExists.c.o   -c /home/sun/Desktop/clion-2020.2.1/bin/cmake/linux/share/cmake-3.17/Modules/CheckFunctionExists.c
Linking C executable cmTC_a4c25
/home/sun/Desktop/clion-2020.2.1/bin/cmake/linux/bin/cmake -E cmake_link_script CMakeFiles/cmTC_a4c25.dir/link.txt --verbose=1
/usr/bin/cc  -DCHECK_FUNCTION_EXISTS=pthread_create    CMakeFiles/cmTC_a4c25.dir/CheckFunctionExists.c.o  -o cmTC_a4c25  -lpthreads 
/usr/bin/ld: cannot find -lpthreads
collect2: error: ld returned 1 exit status
make[1]: *** [CMakeFiles/cmTC_a4c25.dir/build.make:107: cmTC_a4c25] Error 1
make[1]: Leaving directory '/home/sun/Desktop/unitree_ros2/unitree_ros2/unitree_legged_real/cmake-build-debug/CMakeFiles/CMakeTmp'
make: *** [Makefile:141: cmTC_a4c25/fast] Error 2



